[0.079s] DEBUG:colcon:Command line arguments: ['/usr/bin/colcon', 'build']
[0.079s] DEBUG:colcon:Parsed command line arguments: Namespace(log_base=None, log_level=None, verb_name='build', build_base='build', install_base='install', merge_install=False, symlink_install=False, test_result_base=None, continue_on_error=False, executor='sequential', event_handlers=None, base_paths=['.'], paths=None, cmake_args=None, cmake_target=None, cmake_target_skip_unavailable=False, cmake_clean_cache=False, cmake_clean_first=False, cmake_force_configure=False, ament_cmake_args=None, catkin_cmake_args=None, catkin_skip_building_tests=False, verb_parser=CustomArgumentParser(prog='colcon build', usage=None, description='Build a set of packages.', formatter_class=<class 'colcon_core.command.CustomFormatter'>, conflict_handler='error', add_help=True), verb_extension=<colcon_core.verb.build.BuildVerb object at 0x7ce202207be0>, main=<bound method BuildVerb.main of <colcon_core.verb.build.BuildVerb object at 0x7ce202207be0>>)
[0.191s] Level 1:colcon.colcon_core.package_discovery:discover_packages(recursive) check parameters
[0.191s] Level 1:colcon.colcon_core.package_discovery:discover_packages(path) check parameters
[0.191s] Level 1:colcon.colcon_core.package_discovery:discover_packages(recursive) discover
[0.191s] INFO:colcon.colcon_core.package_discovery:Crawling recursively for packages in '/home/za/Documents/code/ros-ws'
[0.191s] Level 1:colcon.colcon_core.package_identification:_identify(.) by extensions ['ignore', 'ignore_ament_install']
[0.191s] Level 1:colcon.colcon_core.package_identification:_identify(.) by extension 'ignore'
[0.191s] Level 1:colcon.colcon_core.package_identification:_identify(.) by extension 'ignore_ament_install'
[0.191s] Level 1:colcon.colcon_core.package_identification:_identify(.) by extensions ['ros']
[0.191s] Level 1:colcon.colcon_core.package_identification:_identify(.) by extension 'ros'
[0.198s] Level 1:colcon.colcon_core.package_identification:_identify(.) by extensions ['cmake', 'python']
[0.198s] Level 1:colcon.colcon_core.package_identification:_identify(.) by extension 'cmake'
[0.198s] Level 1:colcon.colcon_core.package_identification:_identify(.) by extension 'python'
[0.198s] Level 1:colcon.colcon_core.package_identification:_identify(.) by extensions ['python_setup_py']
[0.198s] Level 1:colcon.colcon_core.package_identification:_identify(.) by extension 'python_setup_py'
[0.198s] Level 1:colcon.colcon_core.package_identification:_identify(build) by extensions ['ignore', 'ignore_ament_install']
[0.198s] Level 1:colcon.colcon_core.package_identification:_identify(build) by extension 'ignore'
[0.198s] Level 1:colcon.colcon_core.package_identification:_identify(build) ignored
[0.198s] Level 1:colcon.colcon_core.package_identification:_identify(install) by extensions ['ignore', 'ignore_ament_install']
[0.198s] Level 1:colcon.colcon_core.package_identification:_identify(install) by extension 'ignore'
[0.199s] Level 1:colcon.colcon_core.package_identification:_identify(install) ignored
[0.199s] Level 1:colcon.colcon_core.package_identification:_identify(log) by extensions ['ignore', 'ignore_ament_install']
[0.199s] Level 1:colcon.colcon_core.package_identification:_identify(log) by extension 'ignore'
[0.199s] Level 1:colcon.colcon_core.package_identification:_identify(log) ignored
[0.199s] Level 1:colcon.colcon_core.package_identification:_identify(src) by extensions ['ignore', 'ignore_ament_install']
[0.199s] Level 1:colcon.colcon_core.package_identification:_identify(src) by extension 'ignore'
[0.199s] Level 1:colcon.colcon_core.package_identification:_identify(src) by extension 'ignore_ament_install'
[0.199s] Level 1:colcon.colcon_core.package_identification:_identify(src) by extensions ['ros']
[0.199s] Level 1:colcon.colcon_core.package_identification:_identify(src) by extension 'ros'
[0.199s] Level 1:colcon.colcon_core.package_identification:_identify(src) by extensions ['cmake', 'python']
[0.199s] Level 1:colcon.colcon_core.package_identification:_identify(src) by extension 'cmake'
[0.199s] Level 1:colcon.colcon_core.package_identification:_identify(src) by extension 'python'
[0.199s] Level 1:colcon.colcon_core.package_identification:_identify(src) by extensions ['python_setup_py']
[0.199s] Level 1:colcon.colcon_core.package_identification:_identify(src) by extension 'python_setup_py'
[0.199s] Level 1:colcon.colcon_core.package_identification:_identify(src/demo) by extensions ['ignore', 'ignore_ament_install']
[0.199s] Level 1:colcon.colcon_core.package_identification:_identify(src/demo) by extension 'ignore'
[0.199s] Level 1:colcon.colcon_core.package_identification:_identify(src/demo) by extension 'ignore_ament_install'
[0.199s] Level 1:colcon.colcon_core.package_identification:_identify(src/demo) by extensions ['ros']
[0.199s] Level 1:colcon.colcon_core.package_identification:_identify(src/demo) by extension 'ros'
[0.199s] Level 1:colcon.colcon_core.package_identification:_identify(src/demo) by extensions ['cmake', 'python']
[0.199s] Level 1:colcon.colcon_core.package_identification:_identify(src/demo) by extension 'cmake'
[0.199s] Level 1:colcon.colcon_core.package_identification:_identify(src/demo) by extension 'python'
[0.199s] Level 1:colcon.colcon_core.package_identification:_identify(src/demo) by extensions ['python_setup_py']
[0.199s] Level 1:colcon.colcon_core.package_identification:_identify(src/demo) by extension 'python_setup_py'
[0.199s] Level 1:colcon.colcon_core.package_identification:_identify(src/demo/action_demo) by extensions ['ignore', 'ignore_ament_install']
[0.199s] Level 1:colcon.colcon_core.package_identification:_identify(src/demo/action_demo) by extension 'ignore'
[0.199s] Level 1:colcon.colcon_core.package_identification:_identify(src/demo/action_demo) by extension 'ignore_ament_install'
[0.199s] Level 1:colcon.colcon_core.package_identification:_identify(src/demo/action_demo) by extensions ['ros']
[0.199s] Level 1:colcon.colcon_core.package_identification:_identify(src/demo/action_demo) by extension 'ros'
[0.201s] DEBUG:colcon.colcon_core.package_identification:Package 'src/demo/action_demo' with type 'ros.ament_python' and name 'action_demo'
[0.201s] Level 1:colcon.colcon_core.package_identification:_identify(src/demo/config) by extensions ['ignore', 'ignore_ament_install']
[0.201s] Level 1:colcon.colcon_core.package_identification:_identify(src/demo/config) by extension 'ignore'
[0.201s] Level 1:colcon.colcon_core.package_identification:_identify(src/demo/config) by extension 'ignore_ament_install'
[0.201s] Level 1:colcon.colcon_core.package_identification:_identify(src/demo/config) by extensions ['ros']
[0.201s] Level 1:colcon.colcon_core.package_identification:_identify(src/demo/config) by extension 'ros'
[0.201s] Level 1:colcon.colcon_core.package_identification:_identify(src/demo/config) by extensions ['cmake', 'python']
[0.201s] Level 1:colcon.colcon_core.package_identification:_identify(src/demo/config) by extension 'cmake'
[0.201s] Level 1:colcon.colcon_core.package_identification:_identify(src/demo/config) by extension 'python'
[0.201s] Level 1:colcon.colcon_core.package_identification:_identify(src/demo/config) by extensions ['python_setup_py']
[0.201s] Level 1:colcon.colcon_core.package_identification:_identify(src/demo/config) by extension 'python_setup_py'
[0.201s] Level 1:colcon.colcon_core.package_identification:_identify(src/demo/interface_demo) by extensions ['ignore', 'ignore_ament_install']
[0.201s] Level 1:colcon.colcon_core.package_identification:_identify(src/demo/interface_demo) by extension 'ignore'
[0.202s] Level 1:colcon.colcon_core.package_identification:_identify(src/demo/interface_demo) by extension 'ignore_ament_install'
[0.202s] Level 1:colcon.colcon_core.package_identification:_identify(src/demo/interface_demo) by extensions ['ros']
[0.202s] Level 1:colcon.colcon_core.package_identification:_identify(src/demo/interface_demo) by extension 'ros'
[0.202s] DEBUG:colcon.colcon_core.package_identification:Package 'src/demo/interface_demo' with type 'ros.ament_cmake' and name 'interface_demo'
[0.202s] Level 1:colcon.colcon_core.package_identification:_identify(src/demo/node_demo) by extensions ['ignore', 'ignore_ament_install']
[0.202s] Level 1:colcon.colcon_core.package_identification:_identify(src/demo/node_demo) by extension 'ignore'
[0.202s] Level 1:colcon.colcon_core.package_identification:_identify(src/demo/node_demo) by extension 'ignore_ament_install'
[0.202s] Level 1:colcon.colcon_core.package_identification:_identify(src/demo/node_demo) by extensions ['ros']
[0.202s] Level 1:colcon.colcon_core.package_identification:_identify(src/demo/node_demo) by extension 'ros'
[0.203s] DEBUG:colcon.colcon_core.package_identification:Package 'src/demo/node_demo' with type 'ros.ament_python' and name 'node_demo'
[0.203s] Level 1:colcon.colcon_core.package_identification:_identify(src/demo/service_demo) by extensions ['ignore', 'ignore_ament_install']
[0.203s] Level 1:colcon.colcon_core.package_identification:_identify(src/demo/service_demo) by extension 'ignore'
[0.203s] Level 1:colcon.colcon_core.package_identification:_identify(src/demo/service_demo) by extension 'ignore_ament_install'
[0.203s] Level 1:colcon.colcon_core.package_identification:_identify(src/demo/service_demo) by extensions ['ros']
[0.203s] Level 1:colcon.colcon_core.package_identification:_identify(src/demo/service_demo) by extension 'ros'
[0.203s] DEBUG:colcon.colcon_core.package_identification:Package 'src/demo/service_demo' with type 'ros.ament_python' and name 'service_demo'
[0.203s] Level 1:colcon.colcon_core.package_identification:_identify(src/demo/topic_demo) by extensions ['ignore', 'ignore_ament_install']
[0.203s] Level 1:colcon.colcon_core.package_identification:_identify(src/demo/topic_demo) by extension 'ignore'
[0.203s] Level 1:colcon.colcon_core.package_identification:_identify(src/demo/topic_demo) by extension 'ignore_ament_install'
[0.203s] Level 1:colcon.colcon_core.package_identification:_identify(src/demo/topic_demo) by extensions ['ros']
[0.203s] Level 1:colcon.colcon_core.package_identification:_identify(src/demo/topic_demo) by extension 'ros'
[0.204s] DEBUG:colcon.colcon_core.package_identification:Package 'src/demo/topic_demo' with type 'ros.ament_python' and name 'topic_demo'
[0.204s] Level 1:colcon.colcon_core.package_identification:_identify(src/ebot_URDF) by extensions ['ignore', 'ignore_ament_install']
[0.204s] Level 1:colcon.colcon_core.package_identification:_identify(src/ebot_URDF) by extension 'ignore'
[0.204s] Level 1:colcon.colcon_core.package_identification:_identify(src/ebot_URDF) by extension 'ignore_ament_install'
[0.204s] Level 1:colcon.colcon_core.package_identification:_identify(src/ebot_URDF) by extensions ['ros']
[0.204s] Level 1:colcon.colcon_core.package_identification:_identify(src/ebot_URDF) by extension 'ros'
[0.204s] DEBUG:colcon.colcon_core.package_identification:Package 'src/ebot_URDF' with type 'ros.ament_cmake' and name 'ebot_URDF'
[0.204s] Level 1:colcon.colcon_core.package_discovery:discover_packages(recursive) using defaults
[0.204s] Level 1:colcon.colcon_core.package_discovery:discover_packages(path) discover
[0.204s] Level 1:colcon.colcon_core.package_discovery:discover_packages(path) using defaults
[0.224s] Level 5:colcon.colcon_core.verb:set package 'ebot_URDF' build argument 'cmake_args' from command line to 'None'
[0.224s] Level 5:colcon.colcon_core.verb:set package 'ebot_URDF' build argument 'cmake_target' from command line to 'None'
[0.224s] Level 5:colcon.colcon_core.verb:set package 'ebot_URDF' build argument 'cmake_target_skip_unavailable' from command line to 'False'
[0.224s] Level 5:colcon.colcon_core.verb:set package 'ebot_URDF' build argument 'cmake_clean_cache' from command line to 'False'
[0.224s] Level 5:colcon.colcon_core.verb:set package 'ebot_URDF' build argument 'cmake_clean_first' from command line to 'False'
[0.224s] Level 5:colcon.colcon_core.verb:set package 'ebot_URDF' build argument 'cmake_force_configure' from command line to 'False'
[0.224s] Level 5:colcon.colcon_core.verb:set package 'ebot_URDF' build argument 'ament_cmake_args' from command line to 'None'
[0.224s] Level 5:colcon.colcon_core.verb:set package 'ebot_URDF' build argument 'catkin_cmake_args' from command line to 'None'
[0.224s] Level 5:colcon.colcon_core.verb:set package 'ebot_URDF' build argument 'catkin_skip_building_tests' from command line to 'False'
[0.224s] DEBUG:colcon.colcon_core.verb:Building package 'ebot_URDF' with the following arguments: {'ament_cmake_args': None, 'build_base': '/home/za/Documents/code/ros-ws/build/ebot_URDF', 'catkin_cmake_args': None, 'catkin_skip_building_tests': False, 'cmake_args': None, 'cmake_clean_cache': False, 'cmake_clean_first': False, 'cmake_force_configure': False, 'cmake_target': None, 'cmake_target_skip_unavailable': False, 'install_base': '/home/za/Documents/code/ros-ws/install/ebot_URDF', 'merge_install': False, 'path': '/home/za/Documents/code/ros-ws/src/ebot_URDF', 'symlink_install': False, 'test_result_base': None}
[0.224s] Level 5:colcon.colcon_core.verb:set package 'interface_demo' build argument 'cmake_args' from command line to 'None'
[0.224s] Level 5:colcon.colcon_core.verb:set package 'interface_demo' build argument 'cmake_target' from command line to 'None'
[0.224s] Level 5:colcon.colcon_core.verb:set package 'interface_demo' build argument 'cmake_target_skip_unavailable' from command line to 'False'
[0.224s] Level 5:colcon.colcon_core.verb:set package 'interface_demo' build argument 'cmake_clean_cache' from command line to 'False'
[0.224s] Level 5:colcon.colcon_core.verb:set package 'interface_demo' build argument 'cmake_clean_first' from command line to 'False'
[0.224s] Level 5:colcon.colcon_core.verb:set package 'interface_demo' build argument 'cmake_force_configure' from command line to 'False'
[0.224s] Level 5:colcon.colcon_core.verb:set package 'interface_demo' build argument 'ament_cmake_args' from command line to 'None'
[0.224s] Level 5:colcon.colcon_core.verb:set package 'interface_demo' build argument 'catkin_cmake_args' from command line to 'None'
[0.224s] Level 5:colcon.colcon_core.verb:set package 'interface_demo' build argument 'catkin_skip_building_tests' from command line to 'False'
[0.224s] DEBUG:colcon.colcon_core.verb:Building package 'interface_demo' with the following arguments: {'ament_cmake_args': None, 'build_base': '/home/za/Documents/code/ros-ws/build/interface_demo', 'catkin_cmake_args': None, 'catkin_skip_building_tests': False, 'cmake_args': None, 'cmake_clean_cache': False, 'cmake_clean_first': False, 'cmake_force_configure': False, 'cmake_target': None, 'cmake_target_skip_unavailable': False, 'install_base': '/home/za/Documents/code/ros-ws/install/interface_demo', 'merge_install': False, 'path': '/home/za/Documents/code/ros-ws/src/demo/interface_demo', 'symlink_install': False, 'test_result_base': None}
[0.224s] Level 5:colcon.colcon_core.verb:set package 'node_demo' build argument 'cmake_args' from command line to 'None'
[0.224s] Level 5:colcon.colcon_core.verb:set package 'node_demo' build argument 'cmake_target' from command line to 'None'
[0.224s] Level 5:colcon.colcon_core.verb:set package 'node_demo' build argument 'cmake_target_skip_unavailable' from command line to 'False'
[0.224s] Level 5:colcon.colcon_core.verb:set package 'node_demo' build argument 'cmake_clean_cache' from command line to 'False'
[0.224s] Level 5:colcon.colcon_core.verb:set package 'node_demo' build argument 'cmake_clean_first' from command line to 'False'
[0.224s] Level 5:colcon.colcon_core.verb:set package 'node_demo' build argument 'cmake_force_configure' from command line to 'False'
[0.224s] Level 5:colcon.colcon_core.verb:set package 'node_demo' build argument 'ament_cmake_args' from command line to 'None'
[0.224s] Level 5:colcon.colcon_core.verb:set package 'node_demo' build argument 'catkin_cmake_args' from command line to 'None'
[0.224s] Level 5:colcon.colcon_core.verb:set package 'node_demo' build argument 'catkin_skip_building_tests' from command line to 'False'
[0.224s] DEBUG:colcon.colcon_core.verb:Building package 'node_demo' with the following arguments: {'ament_cmake_args': None, 'build_base': '/home/za/Documents/code/ros-ws/build/node_demo', 'catkin_cmake_args': None, 'catkin_skip_building_tests': False, 'cmake_args': None, 'cmake_clean_cache': False, 'cmake_clean_first': False, 'cmake_force_configure': False, 'cmake_target': None, 'cmake_target_skip_unavailable': False, 'install_base': '/home/za/Documents/code/ros-ws/install/node_demo', 'merge_install': False, 'path': '/home/za/Documents/code/ros-ws/src/demo/node_demo', 'symlink_install': False, 'test_result_base': None}
[0.224s] Level 5:colcon.colcon_core.verb:set package 'topic_demo' build argument 'cmake_args' from command line to 'None'
[0.224s] Level 5:colcon.colcon_core.verb:set package 'topic_demo' build argument 'cmake_target' from command line to 'None'
[0.224s] Level 5:colcon.colcon_core.verb:set package 'topic_demo' build argument 'cmake_target_skip_unavailable' from command line to 'False'
[0.224s] Level 5:colcon.colcon_core.verb:set package 'topic_demo' build argument 'cmake_clean_cache' from command line to 'False'
[0.224s] Level 5:colcon.colcon_core.verb:set package 'topic_demo' build argument 'cmake_clean_first' from command line to 'False'
[0.224s] Level 5:colcon.colcon_core.verb:set package 'topic_demo' build argument 'cmake_force_configure' from command line to 'False'
[0.224s] Level 5:colcon.colcon_core.verb:set package 'topic_demo' build argument 'ament_cmake_args' from command line to 'None'
[0.224s] Level 5:colcon.colcon_core.verb:set package 'topic_demo' build argument 'catkin_cmake_args' from command line to 'None'
[0.224s] Level 5:colcon.colcon_core.verb:set package 'topic_demo' build argument 'catkin_skip_building_tests' from command line to 'False'
[0.225s] DEBUG:colcon.colcon_core.verb:Building package 'topic_demo' with the following arguments: {'ament_cmake_args': None, 'build_base': '/home/za/Documents/code/ros-ws/build/topic_demo', 'catkin_cmake_args': None, 'catkin_skip_building_tests': False, 'cmake_args': None, 'cmake_clean_cache': False, 'cmake_clean_first': False, 'cmake_force_configure': False, 'cmake_target': None, 'cmake_target_skip_unavailable': False, 'install_base': '/home/za/Documents/code/ros-ws/install/topic_demo', 'merge_install': False, 'path': '/home/za/Documents/code/ros-ws/src/demo/topic_demo', 'symlink_install': False, 'test_result_base': None}
[0.225s] Level 5:colcon.colcon_core.verb:set package 'action_demo' build argument 'cmake_args' from command line to 'None'
[0.225s] Level 5:colcon.colcon_core.verb:set package 'action_demo' build argument 'cmake_target' from command line to 'None'
[0.225s] Level 5:colcon.colcon_core.verb:set package 'action_demo' build argument 'cmake_target_skip_unavailable' from command line to 'False'
[0.225s] Level 5:colcon.colcon_core.verb:set package 'action_demo' build argument 'cmake_clean_cache' from command line to 'False'
[0.225s] Level 5:colcon.colcon_core.verb:set package 'action_demo' build argument 'cmake_clean_first' from command line to 'False'
[0.225s] Level 5:colcon.colcon_core.verb:set package 'action_demo' build argument 'cmake_force_configure' from command line to 'False'
[0.225s] Level 5:colcon.colcon_core.verb:set package 'action_demo' build argument 'ament_cmake_args' from command line to 'None'
[0.225s] Level 5:colcon.colcon_core.verb:set package 'action_demo' build argument 'catkin_cmake_args' from command line to 'None'
[0.225s] Level 5:colcon.colcon_core.verb:set package 'action_demo' build argument 'catkin_skip_building_tests' from command line to 'False'
[0.225s] DEBUG:colcon.colcon_core.verb:Building package 'action_demo' with the following arguments: {'ament_cmake_args': None, 'build_base': '/home/za/Documents/code/ros-ws/build/action_demo', 'catkin_cmake_args': None, 'catkin_skip_building_tests': False, 'cmake_args': None, 'cmake_clean_cache': False, 'cmake_clean_first': False, 'cmake_force_configure': False, 'cmake_target': None, 'cmake_target_skip_unavailable': False, 'install_base': '/home/za/Documents/code/ros-ws/install/action_demo', 'merge_install': False, 'path': '/home/za/Documents/code/ros-ws/src/demo/action_demo', 'symlink_install': False, 'test_result_base': None}
[0.225s] Level 5:colcon.colcon_core.verb:set package 'service_demo' build argument 'cmake_args' from command line to 'None'
[0.225s] Level 5:colcon.colcon_core.verb:set package 'service_demo' build argument 'cmake_target' from command line to 'None'
[0.225s] Level 5:colcon.colcon_core.verb:set package 'service_demo' build argument 'cmake_target_skip_unavailable' from command line to 'False'
[0.225s] Level 5:colcon.colcon_core.verb:set package 'service_demo' build argument 'cmake_clean_cache' from command line to 'False'
[0.225s] Level 5:colcon.colcon_core.verb:set package 'service_demo' build argument 'cmake_clean_first' from command line to 'False'
[0.225s] Level 5:colcon.colcon_core.verb:set package 'service_demo' build argument 'cmake_force_configure' from command line to 'False'
[0.225s] Level 5:colcon.colcon_core.verb:set package 'service_demo' build argument 'ament_cmake_args' from command line to 'None'
[0.225s] Level 5:colcon.colcon_core.verb:set package 'service_demo' build argument 'catkin_cmake_args' from command line to 'None'
[0.225s] Level 5:colcon.colcon_core.verb:set package 'service_demo' build argument 'catkin_skip_building_tests' from command line to 'False'
[0.225s] DEBUG:colcon.colcon_core.verb:Building package 'service_demo' with the following arguments: {'ament_cmake_args': None, 'build_base': '/home/za/Documents/code/ros-ws/build/service_demo', 'catkin_cmake_args': None, 'catkin_skip_building_tests': False, 'cmake_args': None, 'cmake_clean_cache': False, 'cmake_clean_first': False, 'cmake_force_configure': False, 'cmake_target': None, 'cmake_target_skip_unavailable': False, 'install_base': '/home/za/Documents/code/ros-ws/install/service_demo', 'merge_install': False, 'path': '/home/za/Documents/code/ros-ws/src/demo/service_demo', 'symlink_install': False, 'test_result_base': None}
[0.225s] INFO:colcon.colcon_core.executor:Executing jobs using 'sequential' executor
[0.226s] DEBUG:colcon.colcon_core.executor.sequential:run_until_complete 'ebot_URDF'
[0.226s] INFO:colcon.colcon_ros.task.ament_cmake.build:Building ROS package in '/home/za/Documents/code/ros-ws/src/ebot_URDF' with build type 'ament_cmake'
[0.226s] INFO:colcon.colcon_cmake.task.cmake.build:Building CMake package in '/home/za/Documents/code/ros-ws/src/ebot_URDF'
[0.226s] INFO:colcon.colcon_core.plugin_system:Skipping extension 'colcon_core.shell.bat': Not used on non-Windows systems
[0.226s] DEBUG:colcon.colcon_core.shell:Skip shell extension 'dsv' for command environment
[0.236s] DEBUG:colcon.colcon_core.event_handler.log_command:Invoking command in '/home/za/Documents/code/ros-ws/build/ebot_URDF': CMAKE_PREFIX_PATH=/home/za/Documents/code/ros-ws/install/action_demo:/home/za/Documents/code/ros-ws/install/service_demo:/home/za/Documents/code/ros-ws/install/topic_demo:/home/za/Documents/code/ros-ws/install/node_demo:/opt/ros/humble:${CMAKE_PREFIX_PATH} /usr/bin/cmake --build /home/za/Documents/code/ros-ws/build/ebot_URDF -- -j2 -l2
[0.269s] DEBUG:colcon.colcon_core.event_handler.log_command:Invoked command in '/home/za/Documents/code/ros-ws/build/ebot_URDF' returned '0': CMAKE_PREFIX_PATH=/home/za/Documents/code/ros-ws/install/action_demo:/home/za/Documents/code/ros-ws/install/service_demo:/home/za/Documents/code/ros-ws/install/topic_demo:/home/za/Documents/code/ros-ws/install/node_demo:/opt/ros/humble:${CMAKE_PREFIX_PATH} /usr/bin/cmake --build /home/za/Documents/code/ros-ws/build/ebot_URDF -- -j2 -l2
[0.287s] DEBUG:colcon.colcon_core.event_handler.log_command:Invoking command in '/home/za/Documents/code/ros-ws/build/ebot_URDF': CMAKE_PREFIX_PATH=/home/za/Documents/code/ros-ws/install/action_demo:/home/za/Documents/code/ros-ws/install/service_demo:/home/za/Documents/code/ros-ws/install/topic_demo:/home/za/Documents/code/ros-ws/install/node_demo:/opt/ros/humble:${CMAKE_PREFIX_PATH} /usr/bin/cmake --install /home/za/Documents/code/ros-ws/build/ebot_URDF
[0.298s] Level 1:colcon.colcon_core.environment:create_environment_scripts_only(ebot_URDF)
[0.299s] DEBUG:colcon.colcon_core.event_handler.log_command:Invoked command in '/home/za/Documents/code/ros-ws/build/ebot_URDF' returned '0': CMAKE_PREFIX_PATH=/home/za/Documents/code/ros-ws/install/action_demo:/home/za/Documents/code/ros-ws/install/service_demo:/home/za/Documents/code/ros-ws/install/topic_demo:/home/za/Documents/code/ros-ws/install/node_demo:/opt/ros/humble:${CMAKE_PREFIX_PATH} /usr/bin/cmake --install /home/za/Documents/code/ros-ws/build/ebot_URDF
[0.302s] Level 1:colcon.colcon_core.environment:checking '/home/za/Documents/code/ros-ws/install/ebot_URDF' for CMake module files
[0.302s] Level 1:colcon.colcon_core.environment:checking '/home/za/Documents/code/ros-ws/install/ebot_URDF' for CMake config files
[0.302s] Level 1:colcon.colcon_core.shell:create_environment_hook('ebot_URDF', 'cmake_prefix_path')
[0.302s] INFO:colcon.colcon_core.shell:Creating environment descriptor '/home/za/Documents/code/ros-ws/install/ebot_URDF/share/ebot_URDF/hook/cmake_prefix_path.dsv'
[0.304s] INFO:colcon.colcon_core.shell:Creating environment hook '/home/za/Documents/code/ros-ws/install/ebot_URDF/share/ebot_URDF/hook/cmake_prefix_path.sh'
[0.305s] Level 1:colcon.colcon_core.environment:checking '/home/za/Documents/code/ros-ws/install/ebot_URDF/bin'
[0.305s] Level 1:colcon.colcon_core.environment:checking '/home/za/Documents/code/ros-ws/install/ebot_URDF/lib/pkgconfig/ebot_URDF.pc'
[0.305s] Level 1:colcon.colcon_core.environment:checking '/home/za/Documents/code/ros-ws/install/ebot_URDF/lib/python3.10/site-packages'
[0.305s] Level 1:colcon.colcon_core.environment:checking '/home/za/Documents/code/ros-ws/install/ebot_URDF/bin'
[0.305s] INFO:colcon.colcon_core.shell:Creating package descriptor '/home/za/Documents/code/ros-ws/install/ebot_URDF/share/ebot_URDF/package.dsv'
[0.307s] INFO:colcon.colcon_core.shell:Creating package script '/home/za/Documents/code/ros-ws/install/ebot_URDF/share/ebot_URDF/package.sh'
[0.308s] Level 1:colcon.colcon_core.environment:create_file_with_runtime_dependencies(/home/za/Documents/code/ros-ws/install/ebot_URDF/share/colcon-core/packages/ebot_URDF)
[0.323s] Level 1:colcon.colcon_core.environment:create_environment_scripts_only(ebot_URDF)
[0.323s] Level 1:colcon.colcon_core.environment:checking '/home/za/Documents/code/ros-ws/install/ebot_URDF' for CMake module files
[0.324s] Level 1:colcon.colcon_core.environment:checking '/home/za/Documents/code/ros-ws/install/ebot_URDF' for CMake config files
[0.324s] Level 1:colcon.colcon_core.shell:create_environment_hook('ebot_URDF', 'cmake_prefix_path')
[0.324s] INFO:colcon.colcon_core.shell:Creating environment descriptor '/home/za/Documents/code/ros-ws/install/ebot_URDF/share/ebot_URDF/hook/cmake_prefix_path.dsv'
[0.325s] INFO:colcon.colcon_core.shell:Creating environment hook '/home/za/Documents/code/ros-ws/install/ebot_URDF/share/ebot_URDF/hook/cmake_prefix_path.sh'
[0.325s] Level 1:colcon.colcon_core.environment:checking '/home/za/Documents/code/ros-ws/install/ebot_URDF/bin'
[0.325s] Level 1:colcon.colcon_core.environment:checking '/home/za/Documents/code/ros-ws/install/ebot_URDF/lib/pkgconfig/ebot_URDF.pc'
[0.325s] Level 1:colcon.colcon_core.environment:checking '/home/za/Documents/code/ros-ws/install/ebot_URDF/lib/python3.10/site-packages'
[0.326s] Level 1:colcon.colcon_core.environment:checking '/home/za/Documents/code/ros-ws/install/ebot_URDF/bin'
[0.326s] INFO:colcon.colcon_core.shell:Creating package descriptor '/home/za/Documents/code/ros-ws/install/ebot_URDF/share/ebot_URDF/package.dsv'
[0.326s] INFO:colcon.colcon_core.shell:Creating package script '/home/za/Documents/code/ros-ws/install/ebot_URDF/share/ebot_URDF/package.sh'
[0.326s] Level 1:colcon.colcon_core.environment:create_file_with_runtime_dependencies(/home/za/Documents/code/ros-ws/install/ebot_URDF/share/colcon-core/packages/ebot_URDF)
[0.327s] DEBUG:colcon.colcon_core.executor.sequential:run_until_complete 'ebot_URDF' finished with '0'
[0.327s] DEBUG:colcon.colcon_core.executor.sequential:run_until_complete 'interface_demo'
[0.327s] INFO:colcon.colcon_ros.task.ament_cmake.build:Building ROS package in '/home/za/Documents/code/ros-ws/src/demo/interface_demo' with build type 'ament_cmake'
[0.327s] INFO:colcon.colcon_cmake.task.cmake.build:Building CMake package in '/home/za/Documents/code/ros-ws/src/demo/interface_demo'
[0.327s] DEBUG:colcon.colcon_core.shell:Skip shell extension 'dsv' for command environment
[0.335s] DEBUG:colcon.colcon_core.event_handler.log_command:Invoking command in '/home/za/Documents/code/ros-ws/build/interface_demo': CMAKE_PREFIX_PATH=/home/za/Documents/code/ros-ws/install/action_demo:/home/za/Documents/code/ros-ws/install/service_demo:/home/za/Documents/code/ros-ws/install/topic_demo:/home/za/Documents/code/ros-ws/install/node_demo:/opt/ros/humble:${CMAKE_PREFIX_PATH} /usr/bin/cmake --build /home/za/Documents/code/ros-ws/build/interface_demo -- -j2 -l2
[0.696s] DEBUG:colcon.colcon_core.event_handler.log_command:Invoked command in '/home/za/Documents/code/ros-ws/build/interface_demo' returned '0': CMAKE_PREFIX_PATH=/home/za/Documents/code/ros-ws/install/action_demo:/home/za/Documents/code/ros-ws/install/service_demo:/home/za/Documents/code/ros-ws/install/topic_demo:/home/za/Documents/code/ros-ws/install/node_demo:/opt/ros/humble:${CMAKE_PREFIX_PATH} /usr/bin/cmake --build /home/za/Documents/code/ros-ws/build/interface_demo -- -j2 -l2
[0.821s] DEBUG:colcon.colcon_core.event_handler.log_command:Invoking command in '/home/za/Documents/code/ros-ws/build/interface_demo': CMAKE_PREFIX_PATH=/home/za/Documents/code/ros-ws/install/action_demo:/home/za/Documents/code/ros-ws/install/service_demo:/home/za/Documents/code/ros-ws/install/topic_demo:/home/za/Documents/code/ros-ws/install/node_demo:/opt/ros/humble:${CMAKE_PREFIX_PATH} /usr/bin/cmake --install /home/za/Documents/code/ros-ws/build/interface_demo
[0.881s] Level 1:colcon.colcon_core.environment:create_environment_scripts_only(interface_demo)
[0.881s] Level 1:colcon.colcon_core.environment:checking '/home/za/Documents/code/ros-ws/install/interface_demo' for CMake module files
[0.882s] Level 1:colcon.colcon_core.environment:checking '/home/za/Documents/code/ros-ws/install/interface_demo' for CMake config files
[0.882s] DEBUG:colcon.colcon_core.event_handler.log_command:Invoked command in '/home/za/Documents/code/ros-ws/build/interface_demo' returned '0': CMAKE_PREFIX_PATH=/home/za/Documents/code/ros-ws/install/action_demo:/home/za/Documents/code/ros-ws/install/service_demo:/home/za/Documents/code/ros-ws/install/topic_demo:/home/za/Documents/code/ros-ws/install/node_demo:/opt/ros/humble:${CMAKE_PREFIX_PATH} /usr/bin/cmake --install /home/za/Documents/code/ros-ws/build/interface_demo
[0.882s] Level 1:colcon.colcon_core.shell:create_environment_hook('interface_demo', 'cmake_prefix_path')
[0.882s] INFO:colcon.colcon_core.shell:Creating environment descriptor '/home/za/Documents/code/ros-ws/install/interface_demo/share/interface_demo/hook/cmake_prefix_path.dsv'
[0.883s] INFO:colcon.colcon_core.shell:Creating environment hook '/home/za/Documents/code/ros-ws/install/interface_demo/share/interface_demo/hook/cmake_prefix_path.sh'
[0.883s] Level 1:colcon.colcon_core.environment:checking '/home/za/Documents/code/ros-ws/install/interface_demo/lib'
[0.884s] Level 1:colcon.colcon_core.shell:create_environment_hook('interface_demo', 'ld_library_path_lib')
[0.884s] INFO:colcon.colcon_core.shell:Creating environment descriptor '/home/za/Documents/code/ros-ws/install/interface_demo/share/interface_demo/hook/ld_library_path_lib.dsv'
[0.884s] INFO:colcon.colcon_core.shell:Creating environment hook '/home/za/Documents/code/ros-ws/install/interface_demo/share/interface_demo/hook/ld_library_path_lib.sh'
[0.885s] Level 1:colcon.colcon_core.environment:checking '/home/za/Documents/code/ros-ws/install/interface_demo/bin'
[0.885s] Level 1:colcon.colcon_core.environment:checking '/home/za/Documents/code/ros-ws/install/interface_demo/lib/pkgconfig/interface_demo.pc'
[0.885s] Level 1:colcon.colcon_core.environment:checking '/home/za/Documents/code/ros-ws/install/interface_demo/lib/python3.10/site-packages'
[0.885s] Level 1:colcon.colcon_core.environment:checking '/home/za/Documents/code/ros-ws/install/interface_demo/bin'
[0.885s] INFO:colcon.colcon_core.shell:Creating package descriptor '/home/za/Documents/code/ros-ws/install/interface_demo/share/interface_demo/package.dsv'
[0.886s] INFO:colcon.colcon_core.shell:Creating package script '/home/za/Documents/code/ros-ws/install/interface_demo/share/interface_demo/package.sh'
[0.886s] Level 1:colcon.colcon_core.environment:create_file_with_runtime_dependencies(/home/za/Documents/code/ros-ws/install/interface_demo/share/colcon-core/packages/interface_demo)
[0.994s] Level 1:colcon.colcon_core.environment:create_environment_scripts_only(interface_demo)
[0.994s] Level 1:colcon.colcon_core.environment:checking '/home/za/Documents/code/ros-ws/install/interface_demo' for CMake module files
[0.995s] Level 1:colcon.colcon_core.environment:checking '/home/za/Documents/code/ros-ws/install/interface_demo' for CMake config files
[0.995s] Level 1:colcon.colcon_core.shell:create_environment_hook('interface_demo', 'cmake_prefix_path')
[0.995s] INFO:colcon.colcon_core.shell:Creating environment descriptor '/home/za/Documents/code/ros-ws/install/interface_demo/share/interface_demo/hook/cmake_prefix_path.dsv'
[0.996s] INFO:colcon.colcon_core.shell:Creating environment hook '/home/za/Documents/code/ros-ws/install/interface_demo/share/interface_demo/hook/cmake_prefix_path.sh'
[0.996s] Level 1:colcon.colcon_core.environment:checking '/home/za/Documents/code/ros-ws/install/interface_demo/lib'
[0.996s] Level 1:colcon.colcon_core.shell:create_environment_hook('interface_demo', 'ld_library_path_lib')
[0.997s] INFO:colcon.colcon_core.shell:Creating environment descriptor '/home/za/Documents/code/ros-ws/install/interface_demo/share/interface_demo/hook/ld_library_path_lib.dsv'
[0.997s] INFO:colcon.colcon_core.shell:Creating environment hook '/home/za/Documents/code/ros-ws/install/interface_demo/share/interface_demo/hook/ld_library_path_lib.sh'
[0.998s] Level 1:colcon.colcon_core.environment:checking '/home/za/Documents/code/ros-ws/install/interface_demo/bin'
[0.998s] Level 1:colcon.colcon_core.environment:checking '/home/za/Documents/code/ros-ws/install/interface_demo/lib/pkgconfig/interface_demo.pc'
[0.998s] Level 1:colcon.colcon_core.environment:checking '/home/za/Documents/code/ros-ws/install/interface_demo/lib/python3.10/site-packages'
[0.998s] Level 1:colcon.colcon_core.environment:checking '/home/za/Documents/code/ros-ws/install/interface_demo/bin'
[0.998s] INFO:colcon.colcon_core.shell:Creating package descriptor '/home/za/Documents/code/ros-ws/install/interface_demo/share/interface_demo/package.dsv'
[0.999s] INFO:colcon.colcon_core.shell:Creating package script '/home/za/Documents/code/ros-ws/install/interface_demo/share/interface_demo/package.sh'
[0.999s] Level 1:colcon.colcon_core.environment:create_file_with_runtime_dependencies(/home/za/Documents/code/ros-ws/install/interface_demo/share/colcon-core/packages/interface_demo)
[0.999s] DEBUG:colcon.colcon_core.executor.sequential:run_until_complete 'interface_demo' finished with '0'
[0.999s] DEBUG:colcon.colcon_core.executor.sequential:run_until_complete 'node_demo'
[1.000s] INFO:colcon.colcon_ros.task.ament_python.build:Building ROS package in '/home/za/Documents/code/ros-ws/src/demo/node_demo' with build type 'ament_python'
[1.000s] Level 1:colcon.colcon_core.shell:create_environment_hook('node_demo', 'ament_prefix_path')
[1.000s] INFO:colcon.colcon_core.shell:Creating environment descriptor '/home/za/Documents/code/ros-ws/install/node_demo/share/node_demo/hook/ament_prefix_path.dsv'
[1.001s] INFO:colcon.colcon_core.shell:Creating environment hook '/home/za/Documents/code/ros-ws/install/node_demo/share/node_demo/hook/ament_prefix_path.sh'
[1.001s] DEBUG:colcon.colcon_core.shell:Skip shell extension 'dsv' for command environment
[1.199s] INFO:colcon.colcon_core.task.python.build:Building Python package in '/home/za/Documents/code/ros-ws/src/demo/node_demo'
[1.199s] DEBUG:colcon.colcon_core.shell:Skip shell extension 'dsv' for command environment
[1.412s] DEBUG:colcon.colcon_core.event_handler.log_command:Invoking command in '/home/za/Documents/code/ros-ws/src/demo/node_demo': PYTHONPATH=/home/za/Documents/code/ros-ws/build/node_demo/prefix_override:/usr/lib/python3/dist-packages/colcon_core/task/python/colcon_distutils_commands:/home/za/Documents/code/ros-ws/install/node_demo/lib/python3.10/site-packages:${PYTHONPATH} /usr/bin/python3 -W ignore:setup.py install is deprecated setup.py egg_info --egg-base ../../../build/node_demo build --build-base /home/za/Documents/code/ros-ws/build/node_demo/build install --record /home/za/Documents/code/ros-ws/build/node_demo/install.log --single-version-externally-managed install_data
[1.562s] Level 1:colcon.colcon_core.environment:checking '/home/za/Documents/code/ros-ws/install/node_demo' for CMake module files
[1.562s] DEBUG:colcon.colcon_core.event_handler.log_command:Invoked command in '/home/za/Documents/code/ros-ws/src/demo/node_demo' returned '0': PYTHONPATH=/home/za/Documents/code/ros-ws/build/node_demo/prefix_override:/usr/lib/python3/dist-packages/colcon_core/task/python/colcon_distutils_commands:/home/za/Documents/code/ros-ws/install/node_demo/lib/python3.10/site-packages:${PYTHONPATH} /usr/bin/python3 -W ignore:setup.py install is deprecated setup.py egg_info --egg-base ../../../build/node_demo build --build-base /home/za/Documents/code/ros-ws/build/node_demo/build install --record /home/za/Documents/code/ros-ws/build/node_demo/install.log --single-version-externally-managed install_data
[1.563s] Level 1:colcon.colcon_core.environment:checking '/home/za/Documents/code/ros-ws/install/node_demo' for CMake config files
[1.563s] Level 1:colcon.colcon_core.environment:checking '/home/za/Documents/code/ros-ws/install/node_demo/lib'
[1.563s] Level 1:colcon.colcon_core.environment:checking '/home/za/Documents/code/ros-ws/install/node_demo/bin'
[1.563s] Level 1:colcon.colcon_core.environment:checking '/home/za/Documents/code/ros-ws/install/node_demo/lib/pkgconfig/node_demo.pc'
[1.563s] Level 1:colcon.colcon_core.environment:checking '/home/za/Documents/code/ros-ws/install/node_demo/lib/python3.10/site-packages'
[1.563s] Level 1:colcon.colcon_core.shell:create_environment_hook('node_demo', 'pythonpath')
[1.563s] INFO:colcon.colcon_core.shell:Creating environment descriptor '/home/za/Documents/code/ros-ws/install/node_demo/share/node_demo/hook/pythonpath.dsv'
[1.564s] INFO:colcon.colcon_core.shell:Creating environment hook '/home/za/Documents/code/ros-ws/install/node_demo/share/node_demo/hook/pythonpath.sh'
[1.564s] Level 1:colcon.colcon_core.environment:checking '/home/za/Documents/code/ros-ws/install/node_demo/bin'
[1.564s] Level 1:colcon.colcon_core.environment:create_environment_scripts_only(node_demo)
[1.565s] INFO:colcon.colcon_core.shell:Creating package descriptor '/home/za/Documents/code/ros-ws/install/node_demo/share/node_demo/package.dsv'
[1.565s] INFO:colcon.colcon_core.shell:Creating package script '/home/za/Documents/code/ros-ws/install/node_demo/share/node_demo/package.sh'
[1.566s] Level 1:colcon.colcon_core.environment:create_file_with_runtime_dependencies(/home/za/Documents/code/ros-ws/install/node_demo/share/colcon-core/packages/node_demo)
[1.566s] DEBUG:colcon.colcon_core.executor.sequential:run_until_complete 'node_demo' finished with '0'
[1.566s] DEBUG:colcon.colcon_core.executor.sequential:run_until_complete 'topic_demo'
[1.566s] INFO:colcon.colcon_ros.task.ament_python.build:Building ROS package in '/home/za/Documents/code/ros-ws/src/demo/topic_demo' with build type 'ament_python'
[1.566s] Level 1:colcon.colcon_core.shell:create_environment_hook('topic_demo', 'ament_prefix_path')
[1.566s] INFO:colcon.colcon_core.shell:Creating environment descriptor '/home/za/Documents/code/ros-ws/install/topic_demo/share/topic_demo/hook/ament_prefix_path.dsv'
[1.567s] INFO:colcon.colcon_core.shell:Creating environment hook '/home/za/Documents/code/ros-ws/install/topic_demo/share/topic_demo/hook/ament_prefix_path.sh'
[1.567s] DEBUG:colcon.colcon_core.shell:Skip shell extension 'dsv' for command environment
[1.707s] INFO:colcon.colcon_core.task.python.build:Building Python package in '/home/za/Documents/code/ros-ws/src/demo/topic_demo'
[1.708s] DEBUG:colcon.colcon_core.shell:Skip shell extension 'dsv' for command environment
[1.870s] DEBUG:colcon.colcon_core.event_handler.log_command:Invoking command in '/home/za/Documents/code/ros-ws/src/demo/topic_demo': PYTHONPATH=/home/za/Documents/code/ros-ws/build/topic_demo/prefix_override:/usr/lib/python3/dist-packages/colcon_core/task/python/colcon_distutils_commands:/home/za/Documents/code/ros-ws/install/topic_demo/lib/python3.10/site-packages:${PYTHONPATH} /usr/bin/python3 -W ignore:setup.py install is deprecated setup.py egg_info --egg-base ../../../build/topic_demo build --build-base /home/za/Documents/code/ros-ws/build/topic_demo/build install --record /home/za/Documents/code/ros-ws/build/topic_demo/install.log --single-version-externally-managed install_data
[2.012s] Level 1:colcon.colcon_core.environment:checking '/home/za/Documents/code/ros-ws/install/topic_demo' for CMake module files
[2.012s] DEBUG:colcon.colcon_core.event_handler.log_command:Invoked command in '/home/za/Documents/code/ros-ws/src/demo/topic_demo' returned '0': PYTHONPATH=/home/za/Documents/code/ros-ws/build/topic_demo/prefix_override:/usr/lib/python3/dist-packages/colcon_core/task/python/colcon_distutils_commands:/home/za/Documents/code/ros-ws/install/topic_demo/lib/python3.10/site-packages:${PYTHONPATH} /usr/bin/python3 -W ignore:setup.py install is deprecated setup.py egg_info --egg-base ../../../build/topic_demo build --build-base /home/za/Documents/code/ros-ws/build/topic_demo/build install --record /home/za/Documents/code/ros-ws/build/topic_demo/install.log --single-version-externally-managed install_data
[2.012s] Level 1:colcon.colcon_core.environment:checking '/home/za/Documents/code/ros-ws/install/topic_demo' for CMake config files
[2.013s] Level 1:colcon.colcon_core.environment:checking '/home/za/Documents/code/ros-ws/install/topic_demo/lib'
[2.013s] Level 1:colcon.colcon_core.environment:checking '/home/za/Documents/code/ros-ws/install/topic_demo/bin'
[2.013s] Level 1:colcon.colcon_core.environment:checking '/home/za/Documents/code/ros-ws/install/topic_demo/lib/pkgconfig/topic_demo.pc'
[2.013s] Level 1:colcon.colcon_core.environment:checking '/home/za/Documents/code/ros-ws/install/topic_demo/lib/python3.10/site-packages'
[2.013s] Level 1:colcon.colcon_core.shell:create_environment_hook('topic_demo', 'pythonpath')
[2.013s] INFO:colcon.colcon_core.shell:Creating environment descriptor '/home/za/Documents/code/ros-ws/install/topic_demo/share/topic_demo/hook/pythonpath.dsv'
[2.014s] INFO:colcon.colcon_core.shell:Creating environment hook '/home/za/Documents/code/ros-ws/install/topic_demo/share/topic_demo/hook/pythonpath.sh'
[2.014s] Level 1:colcon.colcon_core.environment:checking '/home/za/Documents/code/ros-ws/install/topic_demo/bin'
[2.014s] Level 1:colcon.colcon_core.environment:create_environment_scripts_only(topic_demo)
[2.014s] INFO:colcon.colcon_core.shell:Creating package descriptor '/home/za/Documents/code/ros-ws/install/topic_demo/share/topic_demo/package.dsv'
[2.015s] INFO:colcon.colcon_core.shell:Creating package script '/home/za/Documents/code/ros-ws/install/topic_demo/share/topic_demo/package.sh'
[2.015s] Level 1:colcon.colcon_core.environment:create_file_with_runtime_dependencies(/home/za/Documents/code/ros-ws/install/topic_demo/share/colcon-core/packages/topic_demo)
[2.016s] DEBUG:colcon.colcon_core.executor.sequential:run_until_complete 'topic_demo' finished with '0'
[2.016s] DEBUG:colcon.colcon_core.executor.sequential:run_until_complete 'action_demo'
[2.016s] INFO:colcon.colcon_ros.task.ament_python.build:Building ROS package in '/home/za/Documents/code/ros-ws/src/demo/action_demo' with build type 'ament_python'
[2.016s] Level 1:colcon.colcon_core.shell:create_environment_hook('action_demo', 'ament_prefix_path')
[2.016s] INFO:colcon.colcon_core.shell:Creating environment descriptor '/home/za/Documents/code/ros-ws/install/action_demo/share/action_demo/hook/ament_prefix_path.dsv'
[2.016s] INFO:colcon.colcon_core.shell:Creating environment hook '/home/za/Documents/code/ros-ws/install/action_demo/share/action_demo/hook/ament_prefix_path.sh'
[2.017s] DEBUG:colcon.colcon_core.shell:Skip shell extension 'dsv' for command environment
[2.168s] INFO:colcon.colcon_core.task.python.build:Building Python package in '/home/za/Documents/code/ros-ws/src/demo/action_demo'
[2.168s] DEBUG:colcon.colcon_core.shell:Skip shell extension 'dsv' for command environment
[2.336s] DEBUG:colcon.colcon_core.event_handler.log_command:Invoking command in '/home/za/Documents/code/ros-ws/src/demo/action_demo': CMAKE_PREFIX_PATH=/home/za/Documents/code/ros-ws/install/interface_demo:/home/za/Documents/code/ros-ws/install/ebot_URDF PYTHONPATH=/home/za/Documents/code/ros-ws/build/action_demo/prefix_override:/usr/lib/python3/dist-packages/colcon_core/task/python/colcon_distutils_commands:/home/za/Documents/code/ros-ws/install/action_demo/lib/python3.10/site-packages:${PYTHONPATH} /usr/bin/python3 -W ignore:setup.py install is deprecated setup.py egg_info --egg-base ../../../build/action_demo build --build-base /home/za/Documents/code/ros-ws/build/action_demo/build install --record /home/za/Documents/code/ros-ws/build/action_demo/install.log --single-version-externally-managed install_data
[2.516s] Level 1:colcon.colcon_core.environment:checking '/home/za/Documents/code/ros-ws/install/action_demo' for CMake module files
[2.516s] DEBUG:colcon.colcon_core.event_handler.log_command:Invoked command in '/home/za/Documents/code/ros-ws/src/demo/action_demo' returned '0': CMAKE_PREFIX_PATH=/home/za/Documents/code/ros-ws/install/interface_demo:/home/za/Documents/code/ros-ws/install/ebot_URDF PYTHONPATH=/home/za/Documents/code/ros-ws/build/action_demo/prefix_override:/usr/lib/python3/dist-packages/colcon_core/task/python/colcon_distutils_commands:/home/za/Documents/code/ros-ws/install/action_demo/lib/python3.10/site-packages:${PYTHONPATH} /usr/bin/python3 -W ignore:setup.py install is deprecated setup.py egg_info --egg-base ../../../build/action_demo build --build-base /home/za/Documents/code/ros-ws/build/action_demo/build install --record /home/za/Documents/code/ros-ws/build/action_demo/install.log --single-version-externally-managed install_data
[2.516s] Level 1:colcon.colcon_core.environment:checking '/home/za/Documents/code/ros-ws/install/action_demo' for CMake config files
[2.516s] Level 1:colcon.colcon_core.environment:checking '/home/za/Documents/code/ros-ws/install/action_demo/lib'
[2.516s] Level 1:colcon.colcon_core.environment:checking '/home/za/Documents/code/ros-ws/install/action_demo/bin'
[2.516s] Level 1:colcon.colcon_core.environment:checking '/home/za/Documents/code/ros-ws/install/action_demo/lib/pkgconfig/action_demo.pc'
[2.517s] Level 1:colcon.colcon_core.environment:checking '/home/za/Documents/code/ros-ws/install/action_demo/lib/python3.10/site-packages'
[2.517s] Level 1:colcon.colcon_core.shell:create_environment_hook('action_demo', 'pythonpath')
[2.517s] INFO:colcon.colcon_core.shell:Creating environment descriptor '/home/za/Documents/code/ros-ws/install/action_demo/share/action_demo/hook/pythonpath.dsv'
[2.518s] INFO:colcon.colcon_core.shell:Creating environment hook '/home/za/Documents/code/ros-ws/install/action_demo/share/action_demo/hook/pythonpath.sh'
[2.519s] Level 1:colcon.colcon_core.environment:checking '/home/za/Documents/code/ros-ws/install/action_demo/bin'
[2.519s] Level 1:colcon.colcon_core.environment:create_environment_scripts_only(action_demo)
[2.519s] INFO:colcon.colcon_core.shell:Creating package descriptor '/home/za/Documents/code/ros-ws/install/action_demo/share/action_demo/package.dsv'
[2.520s] INFO:colcon.colcon_core.shell:Creating package script '/home/za/Documents/code/ros-ws/install/action_demo/share/action_demo/package.sh'
[2.520s] Level 1:colcon.colcon_core.environment:create_file_with_runtime_dependencies(/home/za/Documents/code/ros-ws/install/action_demo/share/colcon-core/packages/action_demo)
[2.521s] DEBUG:colcon.colcon_core.executor.sequential:run_until_complete 'action_demo' finished with '0'
[2.521s] DEBUG:colcon.colcon_core.executor.sequential:run_until_complete 'service_demo'
[2.522s] INFO:colcon.colcon_ros.task.ament_python.build:Building ROS package in '/home/za/Documents/code/ros-ws/src/demo/service_demo' with build type 'ament_python'
[2.522s] Level 1:colcon.colcon_core.shell:create_environment_hook('service_demo', 'ament_prefix_path')
[2.522s] INFO:colcon.colcon_core.shell:Creating environment descriptor '/home/za/Documents/code/ros-ws/install/service_demo/share/service_demo/hook/ament_prefix_path.dsv'
[2.523s] INFO:colcon.colcon_core.shell:Creating environment hook '/home/za/Documents/code/ros-ws/install/service_demo/share/service_demo/hook/ament_prefix_path.sh'
[2.524s] DEBUG:colcon.colcon_core.shell:Skip shell extension 'dsv' for command environment
[2.663s] INFO:colcon.colcon_core.task.python.build:Building Python package in '/home/za/Documents/code/ros-ws/src/demo/service_demo'
[2.664s] DEBUG:colcon.colcon_core.shell:Skip shell extension 'dsv' for command environment
[2.846s] DEBUG:colcon.colcon_core.event_handler.log_command:Invoking command in '/home/za/Documents/code/ros-ws/src/demo/service_demo': CMAKE_PREFIX_PATH=/home/za/Documents/code/ros-ws/install/interface_demo:/home/za/Documents/code/ros-ws/install/ebot_URDF PYTHONPATH=/home/za/Documents/code/ros-ws/build/service_demo/prefix_override:/usr/lib/python3/dist-packages/colcon_core/task/python/colcon_distutils_commands:/home/za/Documents/code/ros-ws/install/service_demo/lib/python3.10/site-packages:${PYTHONPATH} /usr/bin/python3 -W ignore:setup.py install is deprecated setup.py egg_info --egg-base ../../../build/service_demo build --build-base /home/za/Documents/code/ros-ws/build/service_demo/build install --record /home/za/Documents/code/ros-ws/build/service_demo/install.log --single-version-externally-managed install_data
[2.991s] Level 1:colcon.colcon_core.environment:checking '/home/za/Documents/code/ros-ws/install/service_demo' for CMake module files
[2.991s] DEBUG:colcon.colcon_core.event_handler.log_command:Invoked command in '/home/za/Documents/code/ros-ws/src/demo/service_demo' returned '0': CMAKE_PREFIX_PATH=/home/za/Documents/code/ros-ws/install/interface_demo:/home/za/Documents/code/ros-ws/install/ebot_URDF PYTHONPATH=/home/za/Documents/code/ros-ws/build/service_demo/prefix_override:/usr/lib/python3/dist-packages/colcon_core/task/python/colcon_distutils_commands:/home/za/Documents/code/ros-ws/install/service_demo/lib/python3.10/site-packages:${PYTHONPATH} /usr/bin/python3 -W ignore:setup.py install is deprecated setup.py egg_info --egg-base ../../../build/service_demo build --build-base /home/za/Documents/code/ros-ws/build/service_demo/build install --record /home/za/Documents/code/ros-ws/build/service_demo/install.log --single-version-externally-managed install_data
[2.991s] Level 1:colcon.colcon_core.environment:checking '/home/za/Documents/code/ros-ws/install/service_demo' for CMake config files
[2.992s] Level 1:colcon.colcon_core.environment:checking '/home/za/Documents/code/ros-ws/install/service_demo/lib'
[2.992s] Level 1:colcon.colcon_core.environment:checking '/home/za/Documents/code/ros-ws/install/service_demo/bin'
[2.992s] Level 1:colcon.colcon_core.environment:checking '/home/za/Documents/code/ros-ws/install/service_demo/lib/pkgconfig/service_demo.pc'
[2.992s] Level 1:colcon.colcon_core.environment:checking '/home/za/Documents/code/ros-ws/install/service_demo/lib/python3.10/site-packages'
[2.992s] Level 1:colcon.colcon_core.shell:create_environment_hook('service_demo', 'pythonpath')
[2.992s] INFO:colcon.colcon_core.shell:Creating environment descriptor '/home/za/Documents/code/ros-ws/install/service_demo/share/service_demo/hook/pythonpath.dsv'
[2.993s] INFO:colcon.colcon_core.shell:Creating environment hook '/home/za/Documents/code/ros-ws/install/service_demo/share/service_demo/hook/pythonpath.sh'
[2.994s] Level 1:colcon.colcon_core.environment:checking '/home/za/Documents/code/ros-ws/install/service_demo/bin'
[2.994s] Level 1:colcon.colcon_core.environment:create_environment_scripts_only(service_demo)
[2.995s] INFO:colcon.colcon_core.shell:Creating package descriptor '/home/za/Documents/code/ros-ws/install/service_demo/share/service_demo/package.dsv'
[2.995s] INFO:colcon.colcon_core.shell:Creating package script '/home/za/Documents/code/ros-ws/install/service_demo/share/service_demo/package.sh'
[2.996s] Level 1:colcon.colcon_core.environment:create_file_with_runtime_dependencies(/home/za/Documents/code/ros-ws/install/service_demo/share/colcon-core/packages/service_demo)
[2.996s] DEBUG:colcon.colcon_core.executor.sequential:run_until_complete 'service_demo' finished with '0'
[2.997s] DEBUG:colcon.colcon_core.executor.sequential:closing loop
[2.997s] DEBUG:colcon.colcon_core.executor.sequential:loop closed
[2.997s] DEBUG:colcon.colcon_core.event_reactor:joining thread
[2.997s] DEBUG:colcon.colcon_core.event_reactor:joined thread
[2.997s] INFO:colcon.colcon_core.shell:Creating prefix script '/home/za/Documents/code/ros-ws/install/local_setup.sh'
[2.998s] INFO:colcon.colcon_core.shell:Creating prefix util module '/home/za/Documents/code/ros-ws/install/_local_setup_util_sh.py'
[2.999s] INFO:colcon.colcon_core.shell:Creating prefix chain script '/home/za/Documents/code/ros-ws/install/setup.sh'
