[0.078s] DEBUG:colcon:Command line arguments: ['/usr/bin/colcon', 'build']
[0.078s] DEBUG:colcon:Parsed command line arguments: Namespace(log_base=None, log_level=None, verb_name='build', build_base='build', install_base='install', merge_install=False, symlink_install=False, test_result_base=None, continue_on_error=False, executor='sequential', event_handlers=None, base_paths=['.'], paths=None, cmake_args=None, cmake_target=None, cmake_target_skip_unavailable=False, cmake_clean_cache=False, cmake_clean_first=False, cmake_force_configure=False, ament_cmake_args=None, catkin_cmake_args=None, catkin_skip_building_tests=False, verb_parser=CustomArgumentParser(prog='colcon build', usage=None, description='Build a set of packages.', formatter_class=<class 'colcon_core.command.CustomFormatter'>, conflict_handler='error', add_help=True), verb_extension=<colcon_core.verb.build.BuildVerb object at 0x7560fd407be0>, main=<bound method BuildVerb.main of <colcon_core.verb.build.BuildVerb object at 0x7560fd407be0>>)
[0.193s] Level 1:colcon.colcon_core.package_discovery:discover_packages(recursive) check parameters
[0.193s] Level 1:colcon.colcon_core.package_discovery:discover_packages(path) check parameters
[0.193s] Level 1:colcon.colcon_core.package_discovery:discover_packages(recursive) discover
[0.193s] INFO:colcon.colcon_core.package_discovery:Crawling recursively for packages in '/home/za/Documents/code/ros-ws'
[0.193s] Level 1:colcon.colcon_core.package_identification:_identify(.) by extensions ['ignore', 'ignore_ament_install']
[0.193s] Level 1:colcon.colcon_core.package_identification:_identify(.) by extension 'ignore'
[0.193s] Level 1:colcon.colcon_core.package_identification:_identify(.) by extension 'ignore_ament_install'
[0.194s] Level 1:colcon.colcon_core.package_identification:_identify(.) by extensions ['ros']
[0.194s] Level 1:colcon.colcon_core.package_identification:_identify(.) by extension 'ros'
[0.201s] Level 1:colcon.colcon_core.package_identification:_identify(.) by extensions ['cmake', 'python']
[0.201s] Level 1:colcon.colcon_core.package_identification:_identify(.) by extension 'cmake'
[0.201s] Level 1:colcon.colcon_core.package_identification:_identify(.) by extension 'python'
[0.201s] Level 1:colcon.colcon_core.package_identification:_identify(.) by extensions ['python_setup_py']
[0.201s] Level 1:colcon.colcon_core.package_identification:_identify(.) by extension 'python_setup_py'
[0.201s] Level 1:colcon.colcon_core.package_identification:_identify(build) by extensions ['ignore', 'ignore_ament_install']
[0.202s] Level 1:colcon.colcon_core.package_identification:_identify(build) by extension 'ignore'
[0.202s] Level 1:colcon.colcon_core.package_identification:_identify(build) ignored
[0.202s] Level 1:colcon.colcon_core.package_identification:_identify(install) by extensions ['ignore', 'ignore_ament_install']
[0.202s] Level 1:colcon.colcon_core.package_identification:_identify(install) by extension 'ignore'
[0.202s] Level 1:colcon.colcon_core.package_identification:_identify(install) ignored
[0.202s] Level 1:colcon.colcon_core.package_identification:_identify(log) by extensions ['ignore', 'ignore_ament_install']
[0.202s] Level 1:colcon.colcon_core.package_identification:_identify(log) by extension 'ignore'
[0.202s] Level 1:colcon.colcon_core.package_identification:_identify(log) ignored
[0.202s] Level 1:colcon.colcon_core.package_identification:_identify(src) by extensions ['ignore', 'ignore_ament_install']
[0.202s] Level 1:colcon.colcon_core.package_identification:_identify(src) by extension 'ignore'
[0.202s] Level 1:colcon.colcon_core.package_identification:_identify(src) by extension 'ignore_ament_install'
[0.202s] Level 1:colcon.colcon_core.package_identification:_identify(src) by extensions ['ros']
[0.202s] Level 1:colcon.colcon_core.package_identification:_identify(src) by extension 'ros'
[0.202s] Level 1:colcon.colcon_core.package_identification:_identify(src) by extensions ['cmake', 'python']
[0.202s] Level 1:colcon.colcon_core.package_identification:_identify(src) by extension 'cmake'
[0.202s] Level 1:colcon.colcon_core.package_identification:_identify(src) by extension 'python'
[0.202s] Level 1:colcon.colcon_core.package_identification:_identify(src) by extensions ['python_setup_py']
[0.202s] Level 1:colcon.colcon_core.package_identification:_identify(src) by extension 'python_setup_py'
[0.202s] Level 1:colcon.colcon_core.package_identification:_identify(src/demo) by extensions ['ignore', 'ignore_ament_install']
[0.202s] Level 1:colcon.colcon_core.package_identification:_identify(src/demo) by extension 'ignore'
[0.202s] Level 1:colcon.colcon_core.package_identification:_identify(src/demo) by extension 'ignore_ament_install'
[0.202s] Level 1:colcon.colcon_core.package_identification:_identify(src/demo) by extensions ['ros']
[0.202s] Level 1:colcon.colcon_core.package_identification:_identify(src/demo) by extension 'ros'
[0.202s] Level 1:colcon.colcon_core.package_identification:_identify(src/demo) by extensions ['cmake', 'python']
[0.203s] Level 1:colcon.colcon_core.package_identification:_identify(src/demo) by extension 'cmake'
[0.203s] Level 1:colcon.colcon_core.package_identification:_identify(src/demo) by extension 'python'
[0.203s] Level 1:colcon.colcon_core.package_identification:_identify(src/demo) by extensions ['python_setup_py']
[0.203s] Level 1:colcon.colcon_core.package_identification:_identify(src/demo) by extension 'python_setup_py'
[0.203s] Level 1:colcon.colcon_core.package_identification:_identify(src/demo/action_demo) by extensions ['ignore', 'ignore_ament_install']
[0.203s] Level 1:colcon.colcon_core.package_identification:_identify(src/demo/action_demo) by extension 'ignore'
[0.203s] Level 1:colcon.colcon_core.package_identification:_identify(src/demo/action_demo) by extension 'ignore_ament_install'
[0.203s] Level 1:colcon.colcon_core.package_identification:_identify(src/demo/action_demo) by extensions ['ros']
[0.203s] Level 1:colcon.colcon_core.package_identification:_identify(src/demo/action_demo) by extension 'ros'
[0.204s] DEBUG:colcon.colcon_core.package_identification:Package 'src/demo/action_demo' with type 'ros.ament_python' and name 'action_demo'
[0.205s] Level 1:colcon.colcon_core.package_identification:_identify(src/demo/config) by extensions ['ignore', 'ignore_ament_install']
[0.205s] Level 1:colcon.colcon_core.package_identification:_identify(src/demo/config) by extension 'ignore'
[0.205s] Level 1:colcon.colcon_core.package_identification:_identify(src/demo/config) by extension 'ignore_ament_install'
[0.205s] Level 1:colcon.colcon_core.package_identification:_identify(src/demo/config) by extensions ['ros']
[0.205s] Level 1:colcon.colcon_core.package_identification:_identify(src/demo/config) by extension 'ros'
[0.205s] Level 1:colcon.colcon_core.package_identification:_identify(src/demo/config) by extensions ['cmake', 'python']
[0.205s] Level 1:colcon.colcon_core.package_identification:_identify(src/demo/config) by extension 'cmake'
[0.205s] Level 1:colcon.colcon_core.package_identification:_identify(src/demo/config) by extension 'python'
[0.205s] Level 1:colcon.colcon_core.package_identification:_identify(src/demo/config) by extensions ['python_setup_py']
[0.205s] Level 1:colcon.colcon_core.package_identification:_identify(src/demo/config) by extension 'python_setup_py'
[0.205s] Level 1:colcon.colcon_core.package_identification:_identify(src/demo/interface_demo) by extensions ['ignore', 'ignore_ament_install']
[0.205s] Level 1:colcon.colcon_core.package_identification:_identify(src/demo/interface_demo) by extension 'ignore'
[0.205s] Level 1:colcon.colcon_core.package_identification:_identify(src/demo/interface_demo) by extension 'ignore_ament_install'
[0.205s] Level 1:colcon.colcon_core.package_identification:_identify(src/demo/interface_demo) by extensions ['ros']
[0.205s] Level 1:colcon.colcon_core.package_identification:_identify(src/demo/interface_demo) by extension 'ros'
[0.205s] DEBUG:colcon.colcon_core.package_identification:Package 'src/demo/interface_demo' with type 'ros.ament_cmake' and name 'interface_demo'
[0.206s] Level 1:colcon.colcon_core.package_identification:_identify(src/demo/node_demo) by extensions ['ignore', 'ignore_ament_install']
[0.206s] Level 1:colcon.colcon_core.package_identification:_identify(src/demo/node_demo) by extension 'ignore'
[0.206s] Level 1:colcon.colcon_core.package_identification:_identify(src/demo/node_demo) by extension 'ignore_ament_install'
[0.206s] Level 1:colcon.colcon_core.package_identification:_identify(src/demo/node_demo) by extensions ['ros']
[0.206s] Level 1:colcon.colcon_core.package_identification:_identify(src/demo/node_demo) by extension 'ros'
[0.206s] DEBUG:colcon.colcon_core.package_identification:Package 'src/demo/node_demo' with type 'ros.ament_python' and name 'node_demo'
[0.206s] Level 1:colcon.colcon_core.package_identification:_identify(src/demo/service_demo) by extensions ['ignore', 'ignore_ament_install']
[0.206s] Level 1:colcon.colcon_core.package_identification:_identify(src/demo/service_demo) by extension 'ignore'
[0.206s] Level 1:colcon.colcon_core.package_identification:_identify(src/demo/service_demo) by extension 'ignore_ament_install'
[0.206s] Level 1:colcon.colcon_core.package_identification:_identify(src/demo/service_demo) by extensions ['ros']
[0.206s] Level 1:colcon.colcon_core.package_identification:_identify(src/demo/service_demo) by extension 'ros'
[0.208s] DEBUG:colcon.colcon_core.package_identification:Package 'src/demo/service_demo' with type 'ros.ament_python' and name 'service_demo'
[0.208s] Level 1:colcon.colcon_core.package_identification:_identify(src/demo/topic_demo) by extensions ['ignore', 'ignore_ament_install']
[0.208s] Level 1:colcon.colcon_core.package_identification:_identify(src/demo/topic_demo) by extension 'ignore'
[0.208s] Level 1:colcon.colcon_core.package_identification:_identify(src/demo/topic_demo) by extension 'ignore_ament_install'
[0.208s] Level 1:colcon.colcon_core.package_identification:_identify(src/demo/topic_demo) by extensions ['ros']
[0.208s] Level 1:colcon.colcon_core.package_identification:_identify(src/demo/topic_demo) by extension 'ros'
[0.209s] DEBUG:colcon.colcon_core.package_identification:Package 'src/demo/topic_demo' with type 'ros.ament_python' and name 'topic_demo'
[0.209s] Level 1:colcon.colcon_core.package_identification:_identify(src/ebot_URDF) by extensions ['ignore', 'ignore_ament_install']
[0.209s] Level 1:colcon.colcon_core.package_identification:_identify(src/ebot_URDF) by extension 'ignore'
[0.209s] Level 1:colcon.colcon_core.package_identification:_identify(src/ebot_URDF) by extension 'ignore_ament_install'
[0.209s] Level 1:colcon.colcon_core.package_identification:_identify(src/ebot_URDF) by extensions ['ros']
[0.209s] Level 1:colcon.colcon_core.package_identification:_identify(src/ebot_URDF) by extension 'ros'
[0.209s] DEBUG:colcon.colcon_core.package_identification:Package 'src/ebot_URDF' with type 'ros.ament_cmake' and name 'ebot_URDF'
[0.209s] Level 1:colcon.colcon_core.package_discovery:discover_packages(recursive) using defaults
[0.209s] Level 1:colcon.colcon_core.package_discovery:discover_packages(path) discover
[0.209s] Level 1:colcon.colcon_core.package_discovery:discover_packages(path) using defaults
[0.229s] Level 5:colcon.colcon_core.verb:set package 'ebot_URDF' build argument 'cmake_args' from command line to 'None'
[0.229s] Level 5:colcon.colcon_core.verb:set package 'ebot_URDF' build argument 'cmake_target' from command line to 'None'
[0.229s] Level 5:colcon.colcon_core.verb:set package 'ebot_URDF' build argument 'cmake_target_skip_unavailable' from command line to 'False'
[0.229s] Level 5:colcon.colcon_core.verb:set package 'ebot_URDF' build argument 'cmake_clean_cache' from command line to 'False'
[0.229s] Level 5:colcon.colcon_core.verb:set package 'ebot_URDF' build argument 'cmake_clean_first' from command line to 'False'
[0.229s] Level 5:colcon.colcon_core.verb:set package 'ebot_URDF' build argument 'cmake_force_configure' from command line to 'False'
[0.229s] Level 5:colcon.colcon_core.verb:set package 'ebot_URDF' build argument 'ament_cmake_args' from command line to 'None'
[0.229s] Level 5:colcon.colcon_core.verb:set package 'ebot_URDF' build argument 'catkin_cmake_args' from command line to 'None'
[0.230s] Level 5:colcon.colcon_core.verb:set package 'ebot_URDF' build argument 'catkin_skip_building_tests' from command line to 'False'
[0.230s] DEBUG:colcon.colcon_core.verb:Building package 'ebot_URDF' with the following arguments: {'ament_cmake_args': None, 'build_base': '/home/za/Documents/code/ros-ws/build/ebot_URDF', 'catkin_cmake_args': None, 'catkin_skip_building_tests': False, 'cmake_args': None, 'cmake_clean_cache': False, 'cmake_clean_first': False, 'cmake_force_configure': False, 'cmake_target': None, 'cmake_target_skip_unavailable': False, 'install_base': '/home/za/Documents/code/ros-ws/install/ebot_URDF', 'merge_install': False, 'path': '/home/za/Documents/code/ros-ws/src/ebot_URDF', 'symlink_install': False, 'test_result_base': None}
[0.230s] Level 5:colcon.colcon_core.verb:set package 'interface_demo' build argument 'cmake_args' from command line to 'None'
[0.230s] Level 5:colcon.colcon_core.verb:set package 'interface_demo' build argument 'cmake_target' from command line to 'None'
[0.230s] Level 5:colcon.colcon_core.verb:set package 'interface_demo' build argument 'cmake_target_skip_unavailable' from command line to 'False'
[0.230s] Level 5:colcon.colcon_core.verb:set package 'interface_demo' build argument 'cmake_clean_cache' from command line to 'False'
[0.230s] Level 5:colcon.colcon_core.verb:set package 'interface_demo' build argument 'cmake_clean_first' from command line to 'False'
[0.230s] Level 5:colcon.colcon_core.verb:set package 'interface_demo' build argument 'cmake_force_configure' from command line to 'False'
[0.230s] Level 5:colcon.colcon_core.verb:set package 'interface_demo' build argument 'ament_cmake_args' from command line to 'None'
[0.230s] Level 5:colcon.colcon_core.verb:set package 'interface_demo' build argument 'catkin_cmake_args' from command line to 'None'
[0.230s] Level 5:colcon.colcon_core.verb:set package 'interface_demo' build argument 'catkin_skip_building_tests' from command line to 'False'
[0.230s] DEBUG:colcon.colcon_core.verb:Building package 'interface_demo' with the following arguments: {'ament_cmake_args': None, 'build_base': '/home/za/Documents/code/ros-ws/build/interface_demo', 'catkin_cmake_args': None, 'catkin_skip_building_tests': False, 'cmake_args': None, 'cmake_clean_cache': False, 'cmake_clean_first': False, 'cmake_force_configure': False, 'cmake_target': None, 'cmake_target_skip_unavailable': False, 'install_base': '/home/za/Documents/code/ros-ws/install/interface_demo', 'merge_install': False, 'path': '/home/za/Documents/code/ros-ws/src/demo/interface_demo', 'symlink_install': False, 'test_result_base': None}
[0.230s] Level 5:colcon.colcon_core.verb:set package 'node_demo' build argument 'cmake_args' from command line to 'None'
[0.230s] Level 5:colcon.colcon_core.verb:set package 'node_demo' build argument 'cmake_target' from command line to 'None'
[0.230s] Level 5:colcon.colcon_core.verb:set package 'node_demo' build argument 'cmake_target_skip_unavailable' from command line to 'False'
[0.230s] Level 5:colcon.colcon_core.verb:set package 'node_demo' build argument 'cmake_clean_cache' from command line to 'False'
[0.230s] Level 5:colcon.colcon_core.verb:set package 'node_demo' build argument 'cmake_clean_first' from command line to 'False'
[0.230s] Level 5:colcon.colcon_core.verb:set package 'node_demo' build argument 'cmake_force_configure' from command line to 'False'
[0.230s] Level 5:colcon.colcon_core.verb:set package 'node_demo' build argument 'ament_cmake_args' from command line to 'None'
[0.230s] Level 5:colcon.colcon_core.verb:set package 'node_demo' build argument 'catkin_cmake_args' from command line to 'None'
[0.230s] Level 5:colcon.colcon_core.verb:set package 'node_demo' build argument 'catkin_skip_building_tests' from command line to 'False'
[0.230s] DEBUG:colcon.colcon_core.verb:Building package 'node_demo' with the following arguments: {'ament_cmake_args': None, 'build_base': '/home/za/Documents/code/ros-ws/build/node_demo', 'catkin_cmake_args': None, 'catkin_skip_building_tests': False, 'cmake_args': None, 'cmake_clean_cache': False, 'cmake_clean_first': False, 'cmake_force_configure': False, 'cmake_target': None, 'cmake_target_skip_unavailable': False, 'install_base': '/home/za/Documents/code/ros-ws/install/node_demo', 'merge_install': False, 'path': '/home/za/Documents/code/ros-ws/src/demo/node_demo', 'symlink_install': False, 'test_result_base': None}
[0.230s] Level 5:colcon.colcon_core.verb:set package 'topic_demo' build argument 'cmake_args' from command line to 'None'
[0.230s] Level 5:colcon.colcon_core.verb:set package 'topic_demo' build argument 'cmake_target' from command line to 'None'
[0.230s] Level 5:colcon.colcon_core.verb:set package 'topic_demo' build argument 'cmake_target_skip_unavailable' from command line to 'False'
[0.230s] Level 5:colcon.colcon_core.verb:set package 'topic_demo' build argument 'cmake_clean_cache' from command line to 'False'
[0.230s] Level 5:colcon.colcon_core.verb:set package 'topic_demo' build argument 'cmake_clean_first' from command line to 'False'
[0.230s] Level 5:colcon.colcon_core.verb:set package 'topic_demo' build argument 'cmake_force_configure' from command line to 'False'
[0.230s] Level 5:colcon.colcon_core.verb:set package 'topic_demo' build argument 'ament_cmake_args' from command line to 'None'
[0.230s] Level 5:colcon.colcon_core.verb:set package 'topic_demo' build argument 'catkin_cmake_args' from command line to 'None'
[0.230s] Level 5:colcon.colcon_core.verb:set package 'topic_demo' build argument 'catkin_skip_building_tests' from command line to 'False'
[0.230s] DEBUG:colcon.colcon_core.verb:Building package 'topic_demo' with the following arguments: {'ament_cmake_args': None, 'build_base': '/home/za/Documents/code/ros-ws/build/topic_demo', 'catkin_cmake_args': None, 'catkin_skip_building_tests': False, 'cmake_args': None, 'cmake_clean_cache': False, 'cmake_clean_first': False, 'cmake_force_configure': False, 'cmake_target': None, 'cmake_target_skip_unavailable': False, 'install_base': '/home/za/Documents/code/ros-ws/install/topic_demo', 'merge_install': False, 'path': '/home/za/Documents/code/ros-ws/src/demo/topic_demo', 'symlink_install': False, 'test_result_base': None}
[0.230s] Level 5:colcon.colcon_core.verb:set package 'action_demo' build argument 'cmake_args' from command line to 'None'
[0.230s] Level 5:colcon.colcon_core.verb:set package 'action_demo' build argument 'cmake_target' from command line to 'None'
[0.230s] Level 5:colcon.colcon_core.verb:set package 'action_demo' build argument 'cmake_target_skip_unavailable' from command line to 'False'
[0.231s] Level 5:colcon.colcon_core.verb:set package 'action_demo' build argument 'cmake_clean_cache' from command line to 'False'
[0.231s] Level 5:colcon.colcon_core.verb:set package 'action_demo' build argument 'cmake_clean_first' from command line to 'False'
[0.231s] Level 5:colcon.colcon_core.verb:set package 'action_demo' build argument 'cmake_force_configure' from command line to 'False'
[0.231s] Level 5:colcon.colcon_core.verb:set package 'action_demo' build argument 'ament_cmake_args' from command line to 'None'
[0.231s] Level 5:colcon.colcon_core.verb:set package 'action_demo' build argument 'catkin_cmake_args' from command line to 'None'
[0.231s] Level 5:colcon.colcon_core.verb:set package 'action_demo' build argument 'catkin_skip_building_tests' from command line to 'False'
[0.231s] DEBUG:colcon.colcon_core.verb:Building package 'action_demo' with the following arguments: {'ament_cmake_args': None, 'build_base': '/home/za/Documents/code/ros-ws/build/action_demo', 'catkin_cmake_args': None, 'catkin_skip_building_tests': False, 'cmake_args': None, 'cmake_clean_cache': False, 'cmake_clean_first': False, 'cmake_force_configure': False, 'cmake_target': None, 'cmake_target_skip_unavailable': False, 'install_base': '/home/za/Documents/code/ros-ws/install/action_demo', 'merge_install': False, 'path': '/home/za/Documents/code/ros-ws/src/demo/action_demo', 'symlink_install': False, 'test_result_base': None}
[0.231s] Level 5:colcon.colcon_core.verb:set package 'service_demo' build argument 'cmake_args' from command line to 'None'
[0.231s] Level 5:colcon.colcon_core.verb:set package 'service_demo' build argument 'cmake_target' from command line to 'None'
[0.231s] Level 5:colcon.colcon_core.verb:set package 'service_demo' build argument 'cmake_target_skip_unavailable' from command line to 'False'
[0.231s] Level 5:colcon.colcon_core.verb:set package 'service_demo' build argument 'cmake_clean_cache' from command line to 'False'
[0.231s] Level 5:colcon.colcon_core.verb:set package 'service_demo' build argument 'cmake_clean_first' from command line to 'False'
[0.231s] Level 5:colcon.colcon_core.verb:set package 'service_demo' build argument 'cmake_force_configure' from command line to 'False'
[0.231s] Level 5:colcon.colcon_core.verb:set package 'service_demo' build argument 'ament_cmake_args' from command line to 'None'
[0.231s] Level 5:colcon.colcon_core.verb:set package 'service_demo' build argument 'catkin_cmake_args' from command line to 'None'
[0.231s] Level 5:colcon.colcon_core.verb:set package 'service_demo' build argument 'catkin_skip_building_tests' from command line to 'False'
[0.231s] DEBUG:colcon.colcon_core.verb:Building package 'service_demo' with the following arguments: {'ament_cmake_args': None, 'build_base': '/home/za/Documents/code/ros-ws/build/service_demo', 'catkin_cmake_args': None, 'catkin_skip_building_tests': False, 'cmake_args': None, 'cmake_clean_cache': False, 'cmake_clean_first': False, 'cmake_force_configure': False, 'cmake_target': None, 'cmake_target_skip_unavailable': False, 'install_base': '/home/za/Documents/code/ros-ws/install/service_demo', 'merge_install': False, 'path': '/home/za/Documents/code/ros-ws/src/demo/service_demo', 'symlink_install': False, 'test_result_base': None}
[0.231s] INFO:colcon.colcon_core.executor:Executing jobs using 'sequential' executor
[0.232s] DEBUG:colcon.colcon_core.executor.sequential:run_until_complete 'ebot_URDF'
[0.232s] INFO:colcon.colcon_ros.task.ament_cmake.build:Building ROS package in '/home/za/Documents/code/ros-ws/src/ebot_URDF' with build type 'ament_cmake'
[0.232s] INFO:colcon.colcon_cmake.task.cmake.build:Building CMake package in '/home/za/Documents/code/ros-ws/src/ebot_URDF'
[0.233s] INFO:colcon.colcon_core.plugin_system:Skipping extension 'colcon_core.shell.bat': Not used on non-Windows systems
[0.233s] DEBUG:colcon.colcon_core.shell:Skip shell extension 'dsv' for command environment
[0.243s] DEBUG:colcon.colcon_core.event_handler.log_command:Invoking command in '/home/za/Documents/code/ros-ws/build/ebot_URDF': CMAKE_PREFIX_PATH=/home/za/Documents/code/ros-ws/install/action_demo:/home/za/Documents/code/ros-ws/install/service_demo:/home/za/Documents/code/ros-ws/install/topic_demo:/home/za/Documents/code/ros-ws/install/node_demo:/opt/ros/humble:${CMAKE_PREFIX_PATH} /usr/bin/cmake --build /home/za/Documents/code/ros-ws/build/ebot_URDF -- -j2 -l2
[0.449s] DEBUG:colcon.colcon_core.event_handler.log_command:Invoked command in '/home/za/Documents/code/ros-ws/build/ebot_URDF' returned '0': CMAKE_PREFIX_PATH=/home/za/Documents/code/ros-ws/install/action_demo:/home/za/Documents/code/ros-ws/install/service_demo:/home/za/Documents/code/ros-ws/install/topic_demo:/home/za/Documents/code/ros-ws/install/node_demo:/opt/ros/humble:${CMAKE_PREFIX_PATH} /usr/bin/cmake --build /home/za/Documents/code/ros-ws/build/ebot_URDF -- -j2 -l2
[0.473s] DEBUG:colcon.colcon_core.event_handler.log_command:Invoking command in '/home/za/Documents/code/ros-ws/build/ebot_URDF': CMAKE_PREFIX_PATH=/home/za/Documents/code/ros-ws/install/action_demo:/home/za/Documents/code/ros-ws/install/service_demo:/home/za/Documents/code/ros-ws/install/topic_demo:/home/za/Documents/code/ros-ws/install/node_demo:/opt/ros/humble:${CMAKE_PREFIX_PATH} /usr/bin/cmake --install /home/za/Documents/code/ros-ws/build/ebot_URDF
[0.480s] Level 1:colcon.colcon_core.environment:create_environment_scripts_only(ebot_URDF)
[0.480s] DEBUG:colcon.colcon_core.event_handler.log_command:Invoked command in '/home/za/Documents/code/ros-ws/build/ebot_URDF' returned '0': CMAKE_PREFIX_PATH=/home/za/Documents/code/ros-ws/install/action_demo:/home/za/Documents/code/ros-ws/install/service_demo:/home/za/Documents/code/ros-ws/install/topic_demo:/home/za/Documents/code/ros-ws/install/node_demo:/opt/ros/humble:${CMAKE_PREFIX_PATH} /usr/bin/cmake --install /home/za/Documents/code/ros-ws/build/ebot_URDF
[0.485s] Level 1:colcon.colcon_core.environment:checking '/home/za/Documents/code/ros-ws/install/ebot_URDF' for CMake module files
[0.485s] Level 1:colcon.colcon_core.environment:checking '/home/za/Documents/code/ros-ws/install/ebot_URDF' for CMake config files
[0.486s] Level 1:colcon.colcon_core.shell:create_environment_hook('ebot_URDF', 'cmake_prefix_path')
[0.486s] INFO:colcon.colcon_core.shell:Creating environment descriptor '/home/za/Documents/code/ros-ws/install/ebot_URDF/share/ebot_URDF/hook/cmake_prefix_path.dsv'
[0.486s] INFO:colcon.colcon_core.shell:Creating environment hook '/home/za/Documents/code/ros-ws/install/ebot_URDF/share/ebot_URDF/hook/cmake_prefix_path.sh'
[0.487s] Level 1:colcon.colcon_core.environment:checking '/home/za/Documents/code/ros-ws/install/ebot_URDF/bin'
[0.487s] Level 1:colcon.colcon_core.environment:checking '/home/za/Documents/code/ros-ws/install/ebot_URDF/lib/pkgconfig/ebot_URDF.pc'
[0.488s] Level 1:colcon.colcon_core.environment:checking '/home/za/Documents/code/ros-ws/install/ebot_URDF/lib/python3.10/site-packages'
[0.489s] Level 1:colcon.colcon_core.environment:checking '/home/za/Documents/code/ros-ws/install/ebot_URDF/bin'
[0.489s] INFO:colcon.colcon_core.shell:Creating package descriptor '/home/za/Documents/code/ros-ws/install/ebot_URDF/share/ebot_URDF/package.dsv'
[0.490s] INFO:colcon.colcon_core.shell:Creating package script '/home/za/Documents/code/ros-ws/install/ebot_URDF/share/ebot_URDF/package.sh'
[0.491s] Level 1:colcon.colcon_core.environment:create_file_with_runtime_dependencies(/home/za/Documents/code/ros-ws/install/ebot_URDF/share/colcon-core/packages/ebot_URDF)
[0.508s] Level 1:colcon.colcon_core.environment:create_environment_scripts_only(ebot_URDF)
[0.508s] Level 1:colcon.colcon_core.environment:checking '/home/za/Documents/code/ros-ws/install/ebot_URDF' for CMake module files
[0.509s] Level 1:colcon.colcon_core.environment:checking '/home/za/Documents/code/ros-ws/install/ebot_URDF' for CMake config files
[0.509s] Level 1:colcon.colcon_core.shell:create_environment_hook('ebot_URDF', 'cmake_prefix_path')
[0.509s] INFO:colcon.colcon_core.shell:Creating environment descriptor '/home/za/Documents/code/ros-ws/install/ebot_URDF/share/ebot_URDF/hook/cmake_prefix_path.dsv'
[0.509s] INFO:colcon.colcon_core.shell:Creating environment hook '/home/za/Documents/code/ros-ws/install/ebot_URDF/share/ebot_URDF/hook/cmake_prefix_path.sh'
[0.510s] Level 1:colcon.colcon_core.environment:checking '/home/za/Documents/code/ros-ws/install/ebot_URDF/bin'
[0.510s] Level 1:colcon.colcon_core.environment:checking '/home/za/Documents/code/ros-ws/install/ebot_URDF/lib/pkgconfig/ebot_URDF.pc'
[0.510s] Level 1:colcon.colcon_core.environment:checking '/home/za/Documents/code/ros-ws/install/ebot_URDF/lib/python3.10/site-packages'
[0.510s] Level 1:colcon.colcon_core.environment:checking '/home/za/Documents/code/ros-ws/install/ebot_URDF/bin'
[0.510s] INFO:colcon.colcon_core.shell:Creating package descriptor '/home/za/Documents/code/ros-ws/install/ebot_URDF/share/ebot_URDF/package.dsv'
[0.510s] INFO:colcon.colcon_core.shell:Creating package script '/home/za/Documents/code/ros-ws/install/ebot_URDF/share/ebot_URDF/package.sh'
[0.511s] Level 1:colcon.colcon_core.environment:create_file_with_runtime_dependencies(/home/za/Documents/code/ros-ws/install/ebot_URDF/share/colcon-core/packages/ebot_URDF)
[0.511s] DEBUG:colcon.colcon_core.executor.sequential:run_until_complete 'ebot_URDF' finished with '0'
[0.511s] DEBUG:colcon.colcon_core.executor.sequential:run_until_complete 'interface_demo'
[0.511s] INFO:colcon.colcon_ros.task.ament_cmake.build:Building ROS package in '/home/za/Documents/code/ros-ws/src/demo/interface_demo' with build type 'ament_cmake'
[0.511s] INFO:colcon.colcon_cmake.task.cmake.build:Building CMake package in '/home/za/Documents/code/ros-ws/src/demo/interface_demo'
[0.511s] DEBUG:colcon.colcon_core.shell:Skip shell extension 'dsv' for command environment
[0.517s] DEBUG:colcon.colcon_core.event_handler.log_command:Invoking command in '/home/za/Documents/code/ros-ws/build/interface_demo': CMAKE_PREFIX_PATH=/home/za/Documents/code/ros-ws/install/action_demo:/home/za/Documents/code/ros-ws/install/service_demo:/home/za/Documents/code/ros-ws/install/topic_demo:/home/za/Documents/code/ros-ws/install/node_demo:/opt/ros/humble:${CMAKE_PREFIX_PATH} /usr/bin/cmake --build /home/za/Documents/code/ros-ws/build/interface_demo -- -j2 -l2
[0.907s] DEBUG:colcon.colcon_core.event_handler.log_command:Invoked command in '/home/za/Documents/code/ros-ws/build/interface_demo' returned '0': CMAKE_PREFIX_PATH=/home/za/Documents/code/ros-ws/install/action_demo:/home/za/Documents/code/ros-ws/install/service_demo:/home/za/Documents/code/ros-ws/install/topic_demo:/home/za/Documents/code/ros-ws/install/node_demo:/opt/ros/humble:${CMAKE_PREFIX_PATH} /usr/bin/cmake --build /home/za/Documents/code/ros-ws/build/interface_demo -- -j2 -l2
[1.036s] DEBUG:colcon.colcon_core.event_handler.log_command:Invoking command in '/home/za/Documents/code/ros-ws/build/interface_demo': CMAKE_PREFIX_PATH=/home/za/Documents/code/ros-ws/install/action_demo:/home/za/Documents/code/ros-ws/install/service_demo:/home/za/Documents/code/ros-ws/install/topic_demo:/home/za/Documents/code/ros-ws/install/node_demo:/opt/ros/humble:${CMAKE_PREFIX_PATH} /usr/bin/cmake --install /home/za/Documents/code/ros-ws/build/interface_demo
[1.133s] Level 1:colcon.colcon_core.environment:create_environment_scripts_only(interface_demo)
[1.134s] DEBUG:colcon.colcon_core.event_handler.log_command:Invoked command in '/home/za/Documents/code/ros-ws/build/interface_demo' returned '0': CMAKE_PREFIX_PATH=/home/za/Documents/code/ros-ws/install/action_demo:/home/za/Documents/code/ros-ws/install/service_demo:/home/za/Documents/code/ros-ws/install/topic_demo:/home/za/Documents/code/ros-ws/install/node_demo:/opt/ros/humble:${CMAKE_PREFIX_PATH} /usr/bin/cmake --install /home/za/Documents/code/ros-ws/build/interface_demo
[1.134s] Level 1:colcon.colcon_core.environment:checking '/home/za/Documents/code/ros-ws/install/interface_demo' for CMake module files
[1.135s] Level 1:colcon.colcon_core.environment:checking '/home/za/Documents/code/ros-ws/install/interface_demo' for CMake config files
[1.135s] Level 1:colcon.colcon_core.shell:create_environment_hook('interface_demo', 'cmake_prefix_path')
[1.135s] INFO:colcon.colcon_core.shell:Creating environment descriptor '/home/za/Documents/code/ros-ws/install/interface_demo/share/interface_demo/hook/cmake_prefix_path.dsv'
[1.136s] INFO:colcon.colcon_core.shell:Creating environment hook '/home/za/Documents/code/ros-ws/install/interface_demo/share/interface_demo/hook/cmake_prefix_path.sh'
[1.138s] Level 1:colcon.colcon_core.environment:checking '/home/za/Documents/code/ros-ws/install/interface_demo/lib'
[1.140s] Level 1:colcon.colcon_core.shell:create_environment_hook('interface_demo', 'ld_library_path_lib')
[1.140s] INFO:colcon.colcon_core.shell:Creating environment descriptor '/home/za/Documents/code/ros-ws/install/interface_demo/share/interface_demo/hook/ld_library_path_lib.dsv'
[1.143s] INFO:colcon.colcon_core.shell:Creating environment hook '/home/za/Documents/code/ros-ws/install/interface_demo/share/interface_demo/hook/ld_library_path_lib.sh'
[1.144s] Level 1:colcon.colcon_core.environment:checking '/home/za/Documents/code/ros-ws/install/interface_demo/bin'
[1.144s] Level 1:colcon.colcon_core.environment:checking '/home/za/Documents/code/ros-ws/install/interface_demo/lib/pkgconfig/interface_demo.pc'
[1.145s] Level 1:colcon.colcon_core.environment:checking '/home/za/Documents/code/ros-ws/install/interface_demo/lib/python3.10/site-packages'
[1.145s] Level 1:colcon.colcon_core.environment:checking '/home/za/Documents/code/ros-ws/install/interface_demo/bin'
[1.145s] INFO:colcon.colcon_core.shell:Creating package descriptor '/home/za/Documents/code/ros-ws/install/interface_demo/share/interface_demo/package.dsv'
[1.146s] INFO:colcon.colcon_core.shell:Creating package script '/home/za/Documents/code/ros-ws/install/interface_demo/share/interface_demo/package.sh'
[1.147s] Level 1:colcon.colcon_core.environment:create_file_with_runtime_dependencies(/home/za/Documents/code/ros-ws/install/interface_demo/share/colcon-core/packages/interface_demo)
[1.241s] Level 1:colcon.colcon_core.environment:create_environment_scripts_only(interface_demo)
[1.242s] Level 1:colcon.colcon_core.environment:checking '/home/za/Documents/code/ros-ws/install/interface_demo' for CMake module files
[1.242s] Level 1:colcon.colcon_core.environment:checking '/home/za/Documents/code/ros-ws/install/interface_demo' for CMake config files
[1.242s] Level 1:colcon.colcon_core.shell:create_environment_hook('interface_demo', 'cmake_prefix_path')
[1.243s] INFO:colcon.colcon_core.shell:Creating environment descriptor '/home/za/Documents/code/ros-ws/install/interface_demo/share/interface_demo/hook/cmake_prefix_path.dsv'
[1.243s] INFO:colcon.colcon_core.shell:Creating environment hook '/home/za/Documents/code/ros-ws/install/interface_demo/share/interface_demo/hook/cmake_prefix_path.sh'
[1.244s] Level 1:colcon.colcon_core.environment:checking '/home/za/Documents/code/ros-ws/install/interface_demo/lib'
[1.244s] Level 1:colcon.colcon_core.shell:create_environment_hook('interface_demo', 'ld_library_path_lib')
[1.244s] INFO:colcon.colcon_core.shell:Creating environment descriptor '/home/za/Documents/code/ros-ws/install/interface_demo/share/interface_demo/hook/ld_library_path_lib.dsv'
[1.244s] INFO:colcon.colcon_core.shell:Creating environment hook '/home/za/Documents/code/ros-ws/install/interface_demo/share/interface_demo/hook/ld_library_path_lib.sh'
[1.245s] Level 1:colcon.colcon_core.environment:checking '/home/za/Documents/code/ros-ws/install/interface_demo/bin'
[1.245s] Level 1:colcon.colcon_core.environment:checking '/home/za/Documents/code/ros-ws/install/interface_demo/lib/pkgconfig/interface_demo.pc'
[1.245s] Level 1:colcon.colcon_core.environment:checking '/home/za/Documents/code/ros-ws/install/interface_demo/lib/python3.10/site-packages'
[1.245s] Level 1:colcon.colcon_core.environment:checking '/home/za/Documents/code/ros-ws/install/interface_demo/bin'
[1.245s] INFO:colcon.colcon_core.shell:Creating package descriptor '/home/za/Documents/code/ros-ws/install/interface_demo/share/interface_demo/package.dsv'
[1.246s] INFO:colcon.colcon_core.shell:Creating package script '/home/za/Documents/code/ros-ws/install/interface_demo/share/interface_demo/package.sh'
[1.246s] Level 1:colcon.colcon_core.environment:create_file_with_runtime_dependencies(/home/za/Documents/code/ros-ws/install/interface_demo/share/colcon-core/packages/interface_demo)
[1.246s] DEBUG:colcon.colcon_core.executor.sequential:run_until_complete 'interface_demo' finished with '0'
[1.247s] DEBUG:colcon.colcon_core.executor.sequential:run_until_complete 'node_demo'
[1.247s] INFO:colcon.colcon_ros.task.ament_python.build:Building ROS package in '/home/za/Documents/code/ros-ws/src/demo/node_demo' with build type 'ament_python'
[1.247s] Level 1:colcon.colcon_core.shell:create_environment_hook('node_demo', 'ament_prefix_path')
[1.247s] INFO:colcon.colcon_core.shell:Creating environment descriptor '/home/za/Documents/code/ros-ws/install/node_demo/share/node_demo/hook/ament_prefix_path.dsv'
[1.248s] INFO:colcon.colcon_core.shell:Creating environment hook '/home/za/Documents/code/ros-ws/install/node_demo/share/node_demo/hook/ament_prefix_path.sh'
[1.248s] DEBUG:colcon.colcon_core.shell:Skip shell extension 'dsv' for command environment
[1.414s] INFO:colcon.colcon_core.task.python.build:Building Python package in '/home/za/Documents/code/ros-ws/src/demo/node_demo'
[1.414s] DEBUG:colcon.colcon_core.shell:Skip shell extension 'dsv' for command environment
[1.654s] DEBUG:colcon.colcon_core.event_handler.log_command:Invoking command in '/home/za/Documents/code/ros-ws/src/demo/node_demo': PYTHONPATH=/home/za/Documents/code/ros-ws/build/node_demo/prefix_override:/usr/lib/python3/dist-packages/colcon_core/task/python/colcon_distutils_commands:/home/za/Documents/code/ros-ws/install/node_demo/lib/python3.10/site-packages:${PYTHONPATH} /usr/bin/python3 -W ignore:setup.py install is deprecated setup.py egg_info --egg-base ../../../build/node_demo build --build-base /home/za/Documents/code/ros-ws/build/node_demo/build install --record /home/za/Documents/code/ros-ws/build/node_demo/install.log --single-version-externally-managed install_data
[1.843s] Level 1:colcon.colcon_core.environment:checking '/home/za/Documents/code/ros-ws/install/node_demo' for CMake module files
[1.843s] Level 1:colcon.colcon_core.environment:checking '/home/za/Documents/code/ros-ws/install/node_demo' for CMake config files
[1.843s] Level 1:colcon.colcon_core.environment:checking '/home/za/Documents/code/ros-ws/install/node_demo/lib'
[1.843s] Level 1:colcon.colcon_core.environment:checking '/home/za/Documents/code/ros-ws/install/node_demo/bin'
[1.843s] Level 1:colcon.colcon_core.environment:checking '/home/za/Documents/code/ros-ws/install/node_demo/lib/pkgconfig/node_demo.pc'
[1.843s] Level 1:colcon.colcon_core.environment:checking '/home/za/Documents/code/ros-ws/install/node_demo/lib/python3.10/site-packages'
[1.843s] Level 1:colcon.colcon_core.shell:create_environment_hook('node_demo', 'pythonpath')
[1.843s] INFO:colcon.colcon_core.shell:Creating environment descriptor '/home/za/Documents/code/ros-ws/install/node_demo/share/node_demo/hook/pythonpath.dsv'
[1.844s] INFO:colcon.colcon_core.shell:Creating environment hook '/home/za/Documents/code/ros-ws/install/node_demo/share/node_demo/hook/pythonpath.sh'
[1.844s] Level 1:colcon.colcon_core.environment:checking '/home/za/Documents/code/ros-ws/install/node_demo/bin'
[1.845s] DEBUG:colcon.colcon_core.event_handler.log_command:Invoked command in '/home/za/Documents/code/ros-ws/src/demo/node_demo' returned '0': PYTHONPATH=/home/za/Documents/code/ros-ws/build/node_demo/prefix_override:/usr/lib/python3/dist-packages/colcon_core/task/python/colcon_distutils_commands:/home/za/Documents/code/ros-ws/install/node_demo/lib/python3.10/site-packages:${PYTHONPATH} /usr/bin/python3 -W ignore:setup.py install is deprecated setup.py egg_info --egg-base ../../../build/node_demo build --build-base /home/za/Documents/code/ros-ws/build/node_demo/build install --record /home/za/Documents/code/ros-ws/build/node_demo/install.log --single-version-externally-managed install_data
[1.845s] Level 1:colcon.colcon_core.environment:create_environment_scripts_only(node_demo)
[1.845s] INFO:colcon.colcon_core.shell:Creating package descriptor '/home/za/Documents/code/ros-ws/install/node_demo/share/node_demo/package.dsv'
[1.845s] INFO:colcon.colcon_core.shell:Creating package script '/home/za/Documents/code/ros-ws/install/node_demo/share/node_demo/package.sh'
[1.846s] Level 1:colcon.colcon_core.environment:create_file_with_runtime_dependencies(/home/za/Documents/code/ros-ws/install/node_demo/share/colcon-core/packages/node_demo)
[1.846s] DEBUG:colcon.colcon_core.executor.sequential:run_until_complete 'node_demo' finished with '0'
[1.846s] DEBUG:colcon.colcon_core.executor.sequential:run_until_complete 'topic_demo'
[1.846s] INFO:colcon.colcon_ros.task.ament_python.build:Building ROS package in '/home/za/Documents/code/ros-ws/src/demo/topic_demo' with build type 'ament_python'
[1.846s] Level 1:colcon.colcon_core.shell:create_environment_hook('topic_demo', 'ament_prefix_path')
[1.846s] INFO:colcon.colcon_core.shell:Creating environment descriptor '/home/za/Documents/code/ros-ws/install/topic_demo/share/topic_demo/hook/ament_prefix_path.dsv'
[1.847s] INFO:colcon.colcon_core.shell:Creating environment hook '/home/za/Documents/code/ros-ws/install/topic_demo/share/topic_demo/hook/ament_prefix_path.sh'
[1.847s] DEBUG:colcon.colcon_core.shell:Skip shell extension 'dsv' for command environment
[2.008s] INFO:colcon.colcon_core.task.python.build:Building Python package in '/home/za/Documents/code/ros-ws/src/demo/topic_demo'
[2.009s] DEBUG:colcon.colcon_core.shell:Skip shell extension 'dsv' for command environment
[2.189s] DEBUG:colcon.colcon_core.event_handler.log_command:Invoking command in '/home/za/Documents/code/ros-ws/src/demo/topic_demo': PYTHONPATH=/home/za/Documents/code/ros-ws/build/topic_demo/prefix_override:/usr/lib/python3/dist-packages/colcon_core/task/python/colcon_distutils_commands:/home/za/Documents/code/ros-ws/install/topic_demo/lib/python3.10/site-packages:${PYTHONPATH} /usr/bin/python3 -W ignore:setup.py install is deprecated setup.py egg_info --egg-base ../../../build/topic_demo build --build-base /home/za/Documents/code/ros-ws/build/topic_demo/build install --record /home/za/Documents/code/ros-ws/build/topic_demo/install.log --single-version-externally-managed install_data
[2.353s] Level 1:colcon.colcon_core.environment:checking '/home/za/Documents/code/ros-ws/install/topic_demo' for CMake module files
[2.353s] DEBUG:colcon.colcon_core.event_handler.log_command:Invoked command in '/home/za/Documents/code/ros-ws/src/demo/topic_demo' returned '0': PYTHONPATH=/home/za/Documents/code/ros-ws/build/topic_demo/prefix_override:/usr/lib/python3/dist-packages/colcon_core/task/python/colcon_distutils_commands:/home/za/Documents/code/ros-ws/install/topic_demo/lib/python3.10/site-packages:${PYTHONPATH} /usr/bin/python3 -W ignore:setup.py install is deprecated setup.py egg_info --egg-base ../../../build/topic_demo build --build-base /home/za/Documents/code/ros-ws/build/topic_demo/build install --record /home/za/Documents/code/ros-ws/build/topic_demo/install.log --single-version-externally-managed install_data
[2.354s] Level 1:colcon.colcon_core.environment:checking '/home/za/Documents/code/ros-ws/install/topic_demo' for CMake config files
[2.354s] Level 1:colcon.colcon_core.environment:checking '/home/za/Documents/code/ros-ws/install/topic_demo/lib'
[2.354s] Level 1:colcon.colcon_core.environment:checking '/home/za/Documents/code/ros-ws/install/topic_demo/bin'
[2.354s] Level 1:colcon.colcon_core.environment:checking '/home/za/Documents/code/ros-ws/install/topic_demo/lib/pkgconfig/topic_demo.pc'
[2.354s] Level 1:colcon.colcon_core.environment:checking '/home/za/Documents/code/ros-ws/install/topic_demo/lib/python3.10/site-packages'
[2.354s] Level 1:colcon.colcon_core.shell:create_environment_hook('topic_demo', 'pythonpath')
[2.355s] INFO:colcon.colcon_core.shell:Creating environment descriptor '/home/za/Documents/code/ros-ws/install/topic_demo/share/topic_demo/hook/pythonpath.dsv'
[2.357s] INFO:colcon.colcon_core.shell:Creating environment hook '/home/za/Documents/code/ros-ws/install/topic_demo/share/topic_demo/hook/pythonpath.sh'
[2.358s] Level 1:colcon.colcon_core.environment:checking '/home/za/Documents/code/ros-ws/install/topic_demo/bin'
[2.358s] Level 1:colcon.colcon_core.environment:create_environment_scripts_only(topic_demo)
[2.358s] INFO:colcon.colcon_core.shell:Creating package descriptor '/home/za/Documents/code/ros-ws/install/topic_demo/share/topic_demo/package.dsv'
[2.359s] INFO:colcon.colcon_core.shell:Creating package script '/home/za/Documents/code/ros-ws/install/topic_demo/share/topic_demo/package.sh'
[2.362s] Level 1:colcon.colcon_core.environment:create_file_with_runtime_dependencies(/home/za/Documents/code/ros-ws/install/topic_demo/share/colcon-core/packages/topic_demo)
[2.363s] DEBUG:colcon.colcon_core.executor.sequential:run_until_complete 'topic_demo' finished with '0'
[2.364s] DEBUG:colcon.colcon_core.executor.sequential:run_until_complete 'action_demo'
[2.364s] INFO:colcon.colcon_ros.task.ament_python.build:Building ROS package in '/home/za/Documents/code/ros-ws/src/demo/action_demo' with build type 'ament_python'
[2.364s] Level 1:colcon.colcon_core.shell:create_environment_hook('action_demo', 'ament_prefix_path')
[2.364s] INFO:colcon.colcon_core.shell:Creating environment descriptor '/home/za/Documents/code/ros-ws/install/action_demo/share/action_demo/hook/ament_prefix_path.dsv'
[2.367s] INFO:colcon.colcon_core.shell:Creating environment hook '/home/za/Documents/code/ros-ws/install/action_demo/share/action_demo/hook/ament_prefix_path.sh'
[2.368s] DEBUG:colcon.colcon_core.shell:Skip shell extension 'dsv' for command environment
[2.504s] INFO:colcon.colcon_core.task.python.build:Building Python package in '/home/za/Documents/code/ros-ws/src/demo/action_demo'
[2.504s] DEBUG:colcon.colcon_core.shell:Skip shell extension 'dsv' for command environment
[2.689s] DEBUG:colcon.colcon_core.event_handler.log_command:Invoking command in '/home/za/Documents/code/ros-ws/src/demo/action_demo': CMAKE_PREFIX_PATH=/home/za/Documents/code/ros-ws/install/interface_demo:/home/za/Documents/code/ros-ws/install/ebot_URDF PYTHONPATH=/home/za/Documents/code/ros-ws/build/action_demo/prefix_override:/usr/lib/python3/dist-packages/colcon_core/task/python/colcon_distutils_commands:/home/za/Documents/code/ros-ws/install/action_demo/lib/python3.10/site-packages:${PYTHONPATH} /usr/bin/python3 -W ignore:setup.py install is deprecated setup.py egg_info --egg-base ../../../build/action_demo build --build-base /home/za/Documents/code/ros-ws/build/action_demo/build install --record /home/za/Documents/code/ros-ws/build/action_demo/install.log --single-version-externally-managed install_data
[2.868s] Level 1:colcon.colcon_core.environment:checking '/home/za/Documents/code/ros-ws/install/action_demo' for CMake module files
[2.868s] DEBUG:colcon.colcon_core.event_handler.log_command:Invoked command in '/home/za/Documents/code/ros-ws/src/demo/action_demo' returned '0': CMAKE_PREFIX_PATH=/home/za/Documents/code/ros-ws/install/interface_demo:/home/za/Documents/code/ros-ws/install/ebot_URDF PYTHONPATH=/home/za/Documents/code/ros-ws/build/action_demo/prefix_override:/usr/lib/python3/dist-packages/colcon_core/task/python/colcon_distutils_commands:/home/za/Documents/code/ros-ws/install/action_demo/lib/python3.10/site-packages:${PYTHONPATH} /usr/bin/python3 -W ignore:setup.py install is deprecated setup.py egg_info --egg-base ../../../build/action_demo build --build-base /home/za/Documents/code/ros-ws/build/action_demo/build install --record /home/za/Documents/code/ros-ws/build/action_demo/install.log --single-version-externally-managed install_data
[2.868s] Level 1:colcon.colcon_core.environment:checking '/home/za/Documents/code/ros-ws/install/action_demo' for CMake config files
[2.871s] Level 1:colcon.colcon_core.environment:checking '/home/za/Documents/code/ros-ws/install/action_demo/lib'
[2.871s] Level 1:colcon.colcon_core.environment:checking '/home/za/Documents/code/ros-ws/install/action_demo/bin'
[2.871s] Level 1:colcon.colcon_core.environment:checking '/home/za/Documents/code/ros-ws/install/action_demo/lib/pkgconfig/action_demo.pc'
[2.871s] Level 1:colcon.colcon_core.environment:checking '/home/za/Documents/code/ros-ws/install/action_demo/lib/python3.10/site-packages'
[2.871s] Level 1:colcon.colcon_core.shell:create_environment_hook('action_demo', 'pythonpath')
[2.871s] INFO:colcon.colcon_core.shell:Creating environment descriptor '/home/za/Documents/code/ros-ws/install/action_demo/share/action_demo/hook/pythonpath.dsv'
[2.871s] INFO:colcon.colcon_core.shell:Creating environment hook '/home/za/Documents/code/ros-ws/install/action_demo/share/action_demo/hook/pythonpath.sh'
[2.872s] Level 1:colcon.colcon_core.environment:checking '/home/za/Documents/code/ros-ws/install/action_demo/bin'
[2.872s] Level 1:colcon.colcon_core.environment:create_environment_scripts_only(action_demo)
[2.872s] INFO:colcon.colcon_core.shell:Creating package descriptor '/home/za/Documents/code/ros-ws/install/action_demo/share/action_demo/package.dsv'
[2.873s] INFO:colcon.colcon_core.shell:Creating package script '/home/za/Documents/code/ros-ws/install/action_demo/share/action_demo/package.sh'
[2.873s] Level 1:colcon.colcon_core.environment:create_file_with_runtime_dependencies(/home/za/Documents/code/ros-ws/install/action_demo/share/colcon-core/packages/action_demo)
[2.873s] DEBUG:colcon.colcon_core.executor.sequential:run_until_complete 'action_demo' finished with '0'
[2.873s] DEBUG:colcon.colcon_core.executor.sequential:run_until_complete 'service_demo'
[2.873s] INFO:colcon.colcon_ros.task.ament_python.build:Building ROS package in '/home/za/Documents/code/ros-ws/src/demo/service_demo' with build type 'ament_python'
[2.874s] Level 1:colcon.colcon_core.shell:create_environment_hook('service_demo', 'ament_prefix_path')
[2.874s] INFO:colcon.colcon_core.shell:Creating environment descriptor '/home/za/Documents/code/ros-ws/install/service_demo/share/service_demo/hook/ament_prefix_path.dsv'
[2.874s] INFO:colcon.colcon_core.shell:Creating environment hook '/home/za/Documents/code/ros-ws/install/service_demo/share/service_demo/hook/ament_prefix_path.sh'
[2.875s] DEBUG:colcon.colcon_core.shell:Skip shell extension 'dsv' for command environment
[2.999s] INFO:colcon.colcon_core.task.python.build:Building Python package in '/home/za/Documents/code/ros-ws/src/demo/service_demo'
[2.999s] DEBUG:colcon.colcon_core.shell:Skip shell extension 'dsv' for command environment
[3.189s] DEBUG:colcon.colcon_core.event_handler.log_command:Invoking command in '/home/za/Documents/code/ros-ws/src/demo/service_demo': CMAKE_PREFIX_PATH=/home/za/Documents/code/ros-ws/install/interface_demo:/home/za/Documents/code/ros-ws/install/ebot_URDF PYTHONPATH=/home/za/Documents/code/ros-ws/build/service_demo/prefix_override:/usr/lib/python3/dist-packages/colcon_core/task/python/colcon_distutils_commands:/home/za/Documents/code/ros-ws/install/service_demo/lib/python3.10/site-packages:${PYTHONPATH} /usr/bin/python3 -W ignore:setup.py install is deprecated setup.py egg_info --egg-base ../../../build/service_demo build --build-base /home/za/Documents/code/ros-ws/build/service_demo/build install --record /home/za/Documents/code/ros-ws/build/service_demo/install.log --single-version-externally-managed install_data
[3.338s] Level 1:colcon.colcon_core.environment:checking '/home/za/Documents/code/ros-ws/install/service_demo' for CMake module files
[3.338s] DEBUG:colcon.colcon_core.event_handler.log_command:Invoked command in '/home/za/Documents/code/ros-ws/src/demo/service_demo' returned '0': CMAKE_PREFIX_PATH=/home/za/Documents/code/ros-ws/install/interface_demo:/home/za/Documents/code/ros-ws/install/ebot_URDF PYTHONPATH=/home/za/Documents/code/ros-ws/build/service_demo/prefix_override:/usr/lib/python3/dist-packages/colcon_core/task/python/colcon_distutils_commands:/home/za/Documents/code/ros-ws/install/service_demo/lib/python3.10/site-packages:${PYTHONPATH} /usr/bin/python3 -W ignore:setup.py install is deprecated setup.py egg_info --egg-base ../../../build/service_demo build --build-base /home/za/Documents/code/ros-ws/build/service_demo/build install --record /home/za/Documents/code/ros-ws/build/service_demo/install.log --single-version-externally-managed install_data
[3.339s] Level 1:colcon.colcon_core.environment:checking '/home/za/Documents/code/ros-ws/install/service_demo' for CMake config files
[3.339s] Level 1:colcon.colcon_core.environment:checking '/home/za/Documents/code/ros-ws/install/service_demo/lib'
[3.339s] Level 1:colcon.colcon_core.environment:checking '/home/za/Documents/code/ros-ws/install/service_demo/bin'
[3.339s] Level 1:colcon.colcon_core.environment:checking '/home/za/Documents/code/ros-ws/install/service_demo/lib/pkgconfig/service_demo.pc'
[3.339s] Level 1:colcon.colcon_core.environment:checking '/home/za/Documents/code/ros-ws/install/service_demo/lib/python3.10/site-packages'
[3.339s] Level 1:colcon.colcon_core.shell:create_environment_hook('service_demo', 'pythonpath')
[3.340s] INFO:colcon.colcon_core.shell:Creating environment descriptor '/home/za/Documents/code/ros-ws/install/service_demo/share/service_demo/hook/pythonpath.dsv'
[3.340s] INFO:colcon.colcon_core.shell:Creating environment hook '/home/za/Documents/code/ros-ws/install/service_demo/share/service_demo/hook/pythonpath.sh'
[3.340s] Level 1:colcon.colcon_core.environment:checking '/home/za/Documents/code/ros-ws/install/service_demo/bin'
[3.340s] Level 1:colcon.colcon_core.environment:create_environment_scripts_only(service_demo)
[3.340s] INFO:colcon.colcon_core.shell:Creating package descriptor '/home/za/Documents/code/ros-ws/install/service_demo/share/service_demo/package.dsv'
[3.341s] INFO:colcon.colcon_core.shell:Creating package script '/home/za/Documents/code/ros-ws/install/service_demo/share/service_demo/package.sh'
[3.341s] Level 1:colcon.colcon_core.environment:create_file_with_runtime_dependencies(/home/za/Documents/code/ros-ws/install/service_demo/share/colcon-core/packages/service_demo)
[3.341s] DEBUG:colcon.colcon_core.executor.sequential:run_until_complete 'service_demo' finished with '0'
[3.342s] DEBUG:colcon.colcon_core.executor.sequential:closing loop
[3.342s] DEBUG:colcon.colcon_core.executor.sequential:loop closed
[3.342s] DEBUG:colcon.colcon_core.event_reactor:joining thread
[3.342s] DEBUG:colcon.colcon_core.event_reactor:joined thread
[3.342s] INFO:colcon.colcon_core.shell:Creating prefix script '/home/za/Documents/code/ros-ws/install/local_setup.sh'
[3.343s] INFO:colcon.colcon_core.shell:Creating prefix util module '/home/za/Documents/code/ros-ws/install/_local_setup_util_sh.py'
[3.344s] INFO:colcon.colcon_core.shell:Creating prefix chain script '/home/za/Documents/code/ros-ws/install/setup.sh'
