[0.048s] DEBUG:colcon:Command line arguments: ['/usr/bin/colcon', 'build']
[0.048s] DEBUG:colcon:Parsed command line arguments: Namespace(log_base=None, log_level=None, verb_name='build', build_base='build', install_base='install', merge_install=False, symlink_install=False, test_result_base=None, continue_on_error=False, executor='sequential', event_handlers=None, base_paths=['.'], paths=None, cmake_args=None, cmake_target=None, cmake_target_skip_unavailable=False, cmake_clean_cache=False, cmake_clean_first=False, cmake_force_configure=False, ament_cmake_args=None, catkin_cmake_args=None, catkin_skip_building_tests=False, verb_parser=CustomArgumentParser(prog='colcon build', usage=None, description='Build a set of packages.', formatter_class=<class 'colcon_core.command.CustomFormatter'>, conflict_handler='error', add_help=True), verb_extension=<colcon_core.verb.build.BuildVerb object at 0x758a58a30be0>, main=<bound method BuildVerb.main of <colcon_core.verb.build.BuildVerb object at 0x758a58a30be0>>)
[0.124s] Level 1:colcon.colcon_core.package_discovery:discover_packages(recursive) check parameters
[0.124s] Level 1:colcon.colcon_core.package_discovery:discover_packages(path) check parameters
[0.124s] Level 1:colcon.colcon_core.package_discovery:discover_packages(recursive) discover
[0.124s] INFO:colcon.colcon_core.package_discovery:Crawling recursively for packages in '/home/za/Documents/code/ros-ws'
[0.124s] Level 1:colcon.colcon_core.package_identification:_identify(.) by extensions ['ignore', 'ignore_ament_install']
[0.124s] Level 1:colcon.colcon_core.package_identification:_identify(.) by extension 'ignore'
[0.124s] Level 1:colcon.colcon_core.package_identification:_identify(.) by extension 'ignore_ament_install'
[0.125s] Level 1:colcon.colcon_core.package_identification:_identify(.) by extensions ['ros']
[0.125s] Level 1:colcon.colcon_core.package_identification:_identify(.) by extension 'ros'
[0.132s] Level 1:colcon.colcon_core.package_identification:_identify(.) by extensions ['cmake', 'python']
[0.132s] Level 1:colcon.colcon_core.package_identification:_identify(.) by extension 'cmake'
[0.132s] Level 1:colcon.colcon_core.package_identification:_identify(.) by extension 'python'
[0.132s] Level 1:colcon.colcon_core.package_identification:_identify(.) by extensions ['python_setup_py']
[0.132s] Level 1:colcon.colcon_core.package_identification:_identify(.) by extension 'python_setup_py'
[0.132s] Level 1:colcon.colcon_core.package_identification:_identify(build) by extensions ['ignore', 'ignore_ament_install']
[0.132s] Level 1:colcon.colcon_core.package_identification:_identify(build) by extension 'ignore'
[0.132s] Level 1:colcon.colcon_core.package_identification:_identify(build) ignored
[0.132s] Level 1:colcon.colcon_core.package_identification:_identify(install) by extensions ['ignore', 'ignore_ament_install']
[0.132s] Level 1:colcon.colcon_core.package_identification:_identify(install) by extension 'ignore'
[0.132s] Level 1:colcon.colcon_core.package_identification:_identify(install) ignored
[0.132s] Level 1:colcon.colcon_core.package_identification:_identify(interface_demo) by extensions ['ignore', 'ignore_ament_install']
[0.132s] Level 1:colcon.colcon_core.package_identification:_identify(interface_demo) by extension 'ignore'
[0.132s] Level 1:colcon.colcon_core.package_identification:_identify(interface_demo) by extension 'ignore_ament_install'
[0.132s] Level 1:colcon.colcon_core.package_identification:_identify(interface_demo) by extensions ['ros']
[0.132s] Level 1:colcon.colcon_core.package_identification:_identify(interface_demo) by extension 'ros'
[0.132s] Level 1:colcon.colcon_core.package_identification:_identify(interface_demo) by extensions ['cmake', 'python']
[0.132s] Level 1:colcon.colcon_core.package_identification:_identify(interface_demo) by extension 'cmake'
[0.132s] Level 1:colcon.colcon_core.package_identification:_identify(interface_demo) by extension 'python'
[0.132s] Level 1:colcon.colcon_core.package_identification:_identify(interface_demo) by extensions ['python_setup_py']
[0.132s] Level 1:colcon.colcon_core.package_identification:_identify(interface_demo) by extension 'python_setup_py'
[0.132s] Level 1:colcon.colcon_core.package_identification:_identify(interface_demo/action) by extensions ['ignore', 'ignore_ament_install']
[0.133s] Level 1:colcon.colcon_core.package_identification:_identify(interface_demo/action) by extension 'ignore'
[0.133s] Level 1:colcon.colcon_core.package_identification:_identify(interface_demo/action) by extension 'ignore_ament_install'
[0.133s] Level 1:colcon.colcon_core.package_identification:_identify(interface_demo/action) by extensions ['ros']
[0.133s] Level 1:colcon.colcon_core.package_identification:_identify(interface_demo/action) by extension 'ros'
[0.133s] Level 1:colcon.colcon_core.package_identification:_identify(interface_demo/action) by extensions ['cmake', 'python']
[0.133s] Level 1:colcon.colcon_core.package_identification:_identify(interface_demo/action) by extension 'cmake'
[0.133s] Level 1:colcon.colcon_core.package_identification:_identify(interface_demo/action) by extension 'python'
[0.133s] Level 1:colcon.colcon_core.package_identification:_identify(interface_demo/action) by extensions ['python_setup_py']
[0.133s] Level 1:colcon.colcon_core.package_identification:_identify(interface_demo/action) by extension 'python_setup_py'
[0.133s] Level 1:colcon.colcon_core.package_identification:_identify(log) by extensions ['ignore', 'ignore_ament_install']
[0.133s] Level 1:colcon.colcon_core.package_identification:_identify(log) by extension 'ignore'
[0.133s] Level 1:colcon.colcon_core.package_identification:_identify(log) ignored
[0.133s] Level 1:colcon.colcon_core.package_identification:_identify(src) by extensions ['ignore', 'ignore_ament_install']
[0.133s] Level 1:colcon.colcon_core.package_identification:_identify(src) by extension 'ignore'
[0.133s] Level 1:colcon.colcon_core.package_identification:_identify(src) by extension 'ignore_ament_install'
[0.133s] Level 1:colcon.colcon_core.package_identification:_identify(src) by extensions ['ros']
[0.133s] Level 1:colcon.colcon_core.package_identification:_identify(src) by extension 'ros'
[0.133s] Level 1:colcon.colcon_core.package_identification:_identify(src) by extensions ['cmake', 'python']
[0.133s] Level 1:colcon.colcon_core.package_identification:_identify(src) by extension 'cmake'
[0.133s] Level 1:colcon.colcon_core.package_identification:_identify(src) by extension 'python'
[0.133s] Level 1:colcon.colcon_core.package_identification:_identify(src) by extensions ['python_setup_py']
[0.133s] Level 1:colcon.colcon_core.package_identification:_identify(src) by extension 'python_setup_py'
[0.133s] Level 1:colcon.colcon_core.package_identification:_identify(src/demo) by extensions ['ignore', 'ignore_ament_install']
[0.133s] Level 1:colcon.colcon_core.package_identification:_identify(src/demo) by extension 'ignore'
[0.133s] Level 1:colcon.colcon_core.package_identification:_identify(src/demo) by extension 'ignore_ament_install'
[0.133s] Level 1:colcon.colcon_core.package_identification:_identify(src/demo) by extensions ['ros']
[0.134s] Level 1:colcon.colcon_core.package_identification:_identify(src/demo) by extension 'ros'
[0.134s] Level 1:colcon.colcon_core.package_identification:_identify(src/demo) by extensions ['cmake', 'python']
[0.134s] Level 1:colcon.colcon_core.package_identification:_identify(src/demo) by extension 'cmake'
[0.134s] Level 1:colcon.colcon_core.package_identification:_identify(src/demo) by extension 'python'
[0.134s] Level 1:colcon.colcon_core.package_identification:_identify(src/demo) by extensions ['python_setup_py']
[0.134s] Level 1:colcon.colcon_core.package_identification:_identify(src/demo) by extension 'python_setup_py'
[0.134s] Level 1:colcon.colcon_core.package_identification:_identify(src/demo/action_demo) by extensions ['ignore', 'ignore_ament_install']
[0.134s] Level 1:colcon.colcon_core.package_identification:_identify(src/demo/action_demo) by extension 'ignore'
[0.134s] Level 1:colcon.colcon_core.package_identification:_identify(src/demo/action_demo) by extension 'ignore_ament_install'
[0.134s] Level 1:colcon.colcon_core.package_identification:_identify(src/demo/action_demo) by extensions ['ros']
[0.134s] Level 1:colcon.colcon_core.package_identification:_identify(src/demo/action_demo) by extension 'ros'
[0.135s] DEBUG:colcon.colcon_core.package_identification:Package 'src/demo/action_demo' with type 'ros.ament_python' and name 'action_demo'
[0.135s] Level 1:colcon.colcon_core.package_identification:_identify(src/demo/config) by extensions ['ignore', 'ignore_ament_install']
[0.136s] Level 1:colcon.colcon_core.package_identification:_identify(src/demo/config) by extension 'ignore'
[0.136s] Level 1:colcon.colcon_core.package_identification:_identify(src/demo/config) by extension 'ignore_ament_install'
[0.136s] Level 1:colcon.colcon_core.package_identification:_identify(src/demo/config) by extensions ['ros']
[0.136s] Level 1:colcon.colcon_core.package_identification:_identify(src/demo/config) by extension 'ros'
[0.136s] Level 1:colcon.colcon_core.package_identification:_identify(src/demo/config) by extensions ['cmake', 'python']
[0.136s] Level 1:colcon.colcon_core.package_identification:_identify(src/demo/config) by extension 'cmake'
[0.136s] Level 1:colcon.colcon_core.package_identification:_identify(src/demo/config) by extension 'python'
[0.136s] Level 1:colcon.colcon_core.package_identification:_identify(src/demo/config) by extensions ['python_setup_py']
[0.136s] Level 1:colcon.colcon_core.package_identification:_identify(src/demo/config) by extension 'python_setup_py'
[0.136s] Level 1:colcon.colcon_core.package_identification:_identify(src/demo/interface_demo) by extensions ['ignore', 'ignore_ament_install']
[0.136s] Level 1:colcon.colcon_core.package_identification:_identify(src/demo/interface_demo) by extension 'ignore'
[0.136s] Level 1:colcon.colcon_core.package_identification:_identify(src/demo/interface_demo) by extension 'ignore_ament_install'
[0.136s] Level 1:colcon.colcon_core.package_identification:_identify(src/demo/interface_demo) by extensions ['ros']
[0.136s] Level 1:colcon.colcon_core.package_identification:_identify(src/demo/interface_demo) by extension 'ros'
[0.137s] DEBUG:colcon.colcon_core.package_identification:Package 'src/demo/interface_demo' with type 'ros.ament_cmake' and name 'interface_demo'
[0.137s] Level 1:colcon.colcon_core.package_identification:_identify(src/demo/node_demo) by extensions ['ignore', 'ignore_ament_install']
[0.137s] Level 1:colcon.colcon_core.package_identification:_identify(src/demo/node_demo) by extension 'ignore'
[0.137s] Level 1:colcon.colcon_core.package_identification:_identify(src/demo/node_demo) by extension 'ignore_ament_install'
[0.137s] Level 1:colcon.colcon_core.package_identification:_identify(src/demo/node_demo) by extensions ['ros']
[0.137s] Level 1:colcon.colcon_core.package_identification:_identify(src/demo/node_demo) by extension 'ros'
[0.137s] DEBUG:colcon.colcon_core.package_identification:Package 'src/demo/node_demo' with type 'ros.ament_python' and name 'node_demo'
[0.137s] Level 1:colcon.colcon_core.package_identification:_identify(src/demo/service_demo) by extensions ['ignore', 'ignore_ament_install']
[0.137s] Level 1:colcon.colcon_core.package_identification:_identify(src/demo/service_demo) by extension 'ignore'
[0.138s] Level 1:colcon.colcon_core.package_identification:_identify(src/demo/service_demo) by extension 'ignore_ament_install'
[0.138s] Level 1:colcon.colcon_core.package_identification:_identify(src/demo/service_demo) by extensions ['ros']
[0.138s] Level 1:colcon.colcon_core.package_identification:_identify(src/demo/service_demo) by extension 'ros'
[0.138s] DEBUG:colcon.colcon_core.package_identification:Package 'src/demo/service_demo' with type 'ros.ament_python' and name 'service_demo'
[0.138s] Level 1:colcon.colcon_core.package_identification:_identify(src/demo/topic_demo) by extensions ['ignore', 'ignore_ament_install']
[0.138s] Level 1:colcon.colcon_core.package_identification:_identify(src/demo/topic_demo) by extension 'ignore'
[0.138s] Level 1:colcon.colcon_core.package_identification:_identify(src/demo/topic_demo) by extension 'ignore_ament_install'
[0.138s] Level 1:colcon.colcon_core.package_identification:_identify(src/demo/topic_demo) by extensions ['ros']
[0.138s] Level 1:colcon.colcon_core.package_identification:_identify(src/demo/topic_demo) by extension 'ros'
[0.139s] DEBUG:colcon.colcon_core.package_identification:Package 'src/demo/topic_demo' with type 'ros.ament_python' and name 'topic_demo'
[0.139s] Level 1:colcon.colcon_core.package_identification:_identify(src/ebot_URDF) by extensions ['ignore', 'ignore_ament_install']
[0.139s] Level 1:colcon.colcon_core.package_identification:_identify(src/ebot_URDF) by extension 'ignore'
[0.139s] Level 1:colcon.colcon_core.package_identification:_identify(src/ebot_URDF) by extension 'ignore_ament_install'
[0.139s] Level 1:colcon.colcon_core.package_identification:_identify(src/ebot_URDF) by extensions ['ros']
[0.139s] Level 1:colcon.colcon_core.package_identification:_identify(src/ebot_URDF) by extension 'ros'
[0.139s] DEBUG:colcon.colcon_core.package_identification:Package 'src/ebot_URDF' with type 'ros.ament_cmake' and name 'ebot_URDF'
[0.139s] Level 1:colcon.colcon_core.package_discovery:discover_packages(recursive) using defaults
[0.139s] Level 1:colcon.colcon_core.package_discovery:discover_packages(path) discover
[0.139s] Level 1:colcon.colcon_core.package_discovery:discover_packages(path) using defaults
[0.155s] Level 5:colcon.colcon_core.verb:set package 'ebot_URDF' build argument 'cmake_args' from command line to 'None'
[0.155s] Level 5:colcon.colcon_core.verb:set package 'ebot_URDF' build argument 'cmake_target' from command line to 'None'
[0.155s] Level 5:colcon.colcon_core.verb:set package 'ebot_URDF' build argument 'cmake_target_skip_unavailable' from command line to 'False'
[0.155s] Level 5:colcon.colcon_core.verb:set package 'ebot_URDF' build argument 'cmake_clean_cache' from command line to 'False'
[0.156s] Level 5:colcon.colcon_core.verb:set package 'ebot_URDF' build argument 'cmake_clean_first' from command line to 'False'
[0.156s] Level 5:colcon.colcon_core.verb:set package 'ebot_URDF' build argument 'cmake_force_configure' from command line to 'False'
[0.156s] Level 5:colcon.colcon_core.verb:set package 'ebot_URDF' build argument 'ament_cmake_args' from command line to 'None'
[0.156s] Level 5:colcon.colcon_core.verb:set package 'ebot_URDF' build argument 'catkin_cmake_args' from command line to 'None'
[0.156s] Level 5:colcon.colcon_core.verb:set package 'ebot_URDF' build argument 'catkin_skip_building_tests' from command line to 'False'
[0.156s] DEBUG:colcon.colcon_core.verb:Building package 'ebot_URDF' with the following arguments: {'ament_cmake_args': None, 'build_base': '/home/za/Documents/code/ros-ws/build/ebot_URDF', 'catkin_cmake_args': None, 'catkin_skip_building_tests': False, 'cmake_args': None, 'cmake_clean_cache': False, 'cmake_clean_first': False, 'cmake_force_configure': False, 'cmake_target': None, 'cmake_target_skip_unavailable': False, 'install_base': '/home/za/Documents/code/ros-ws/install/ebot_URDF', 'merge_install': False, 'path': '/home/za/Documents/code/ros-ws/src/ebot_URDF', 'symlink_install': False, 'test_result_base': None}
[0.156s] Level 5:colcon.colcon_core.verb:set package 'interface_demo' build argument 'cmake_args' from command line to 'None'
[0.156s] Level 5:colcon.colcon_core.verb:set package 'interface_demo' build argument 'cmake_target' from command line to 'None'
[0.156s] Level 5:colcon.colcon_core.verb:set package 'interface_demo' build argument 'cmake_target_skip_unavailable' from command line to 'False'
[0.156s] Level 5:colcon.colcon_core.verb:set package 'interface_demo' build argument 'cmake_clean_cache' from command line to 'False'
[0.156s] Level 5:colcon.colcon_core.verb:set package 'interface_demo' build argument 'cmake_clean_first' from command line to 'False'
[0.156s] Level 5:colcon.colcon_core.verb:set package 'interface_demo' build argument 'cmake_force_configure' from command line to 'False'
[0.156s] Level 5:colcon.colcon_core.verb:set package 'interface_demo' build argument 'ament_cmake_args' from command line to 'None'
[0.156s] Level 5:colcon.colcon_core.verb:set package 'interface_demo' build argument 'catkin_cmake_args' from command line to 'None'
[0.156s] Level 5:colcon.colcon_core.verb:set package 'interface_demo' build argument 'catkin_skip_building_tests' from command line to 'False'
[0.156s] DEBUG:colcon.colcon_core.verb:Building package 'interface_demo' with the following arguments: {'ament_cmake_args': None, 'build_base': '/home/za/Documents/code/ros-ws/build/interface_demo', 'catkin_cmake_args': None, 'catkin_skip_building_tests': False, 'cmake_args': None, 'cmake_clean_cache': False, 'cmake_clean_first': False, 'cmake_force_configure': False, 'cmake_target': None, 'cmake_target_skip_unavailable': False, 'install_base': '/home/za/Documents/code/ros-ws/install/interface_demo', 'merge_install': False, 'path': '/home/za/Documents/code/ros-ws/src/demo/interface_demo', 'symlink_install': False, 'test_result_base': None}
[0.156s] Level 5:colcon.colcon_core.verb:set package 'node_demo' build argument 'cmake_args' from command line to 'None'
[0.156s] Level 5:colcon.colcon_core.verb:set package 'node_demo' build argument 'cmake_target' from command line to 'None'
[0.156s] Level 5:colcon.colcon_core.verb:set package 'node_demo' build argument 'cmake_target_skip_unavailable' from command line to 'False'
[0.156s] Level 5:colcon.colcon_core.verb:set package 'node_demo' build argument 'cmake_clean_cache' from command line to 'False'
[0.156s] Level 5:colcon.colcon_core.verb:set package 'node_demo' build argument 'cmake_clean_first' from command line to 'False'
[0.156s] Level 5:colcon.colcon_core.verb:set package 'node_demo' build argument 'cmake_force_configure' from command line to 'False'
[0.156s] Level 5:colcon.colcon_core.verb:set package 'node_demo' build argument 'ament_cmake_args' from command line to 'None'
[0.156s] Level 5:colcon.colcon_core.verb:set package 'node_demo' build argument 'catkin_cmake_args' from command line to 'None'
[0.156s] Level 5:colcon.colcon_core.verb:set package 'node_demo' build argument 'catkin_skip_building_tests' from command line to 'False'
[0.156s] DEBUG:colcon.colcon_core.verb:Building package 'node_demo' with the following arguments: {'ament_cmake_args': None, 'build_base': '/home/za/Documents/code/ros-ws/build/node_demo', 'catkin_cmake_args': None, 'catkin_skip_building_tests': False, 'cmake_args': None, 'cmake_clean_cache': False, 'cmake_clean_first': False, 'cmake_force_configure': False, 'cmake_target': None, 'cmake_target_skip_unavailable': False, 'install_base': '/home/za/Documents/code/ros-ws/install/node_demo', 'merge_install': False, 'path': '/home/za/Documents/code/ros-ws/src/demo/node_demo', 'symlink_install': False, 'test_result_base': None}
[0.156s] Level 5:colcon.colcon_core.verb:set package 'topic_demo' build argument 'cmake_args' from command line to 'None'
[0.156s] Level 5:colcon.colcon_core.verb:set package 'topic_demo' build argument 'cmake_target' from command line to 'None'
[0.156s] Level 5:colcon.colcon_core.verb:set package 'topic_demo' build argument 'cmake_target_skip_unavailable' from command line to 'False'
[0.156s] Level 5:colcon.colcon_core.verb:set package 'topic_demo' build argument 'cmake_clean_cache' from command line to 'False'
[0.156s] Level 5:colcon.colcon_core.verb:set package 'topic_demo' build argument 'cmake_clean_first' from command line to 'False'
[0.156s] Level 5:colcon.colcon_core.verb:set package 'topic_demo' build argument 'cmake_force_configure' from command line to 'False'
[0.156s] Level 5:colcon.colcon_core.verb:set package 'topic_demo' build argument 'ament_cmake_args' from command line to 'None'
[0.156s] Level 5:colcon.colcon_core.verb:set package 'topic_demo' build argument 'catkin_cmake_args' from command line to 'None'
[0.156s] Level 5:colcon.colcon_core.verb:set package 'topic_demo' build argument 'catkin_skip_building_tests' from command line to 'False'
[0.156s] DEBUG:colcon.colcon_core.verb:Building package 'topic_demo' with the following arguments: {'ament_cmake_args': None, 'build_base': '/home/za/Documents/code/ros-ws/build/topic_demo', 'catkin_cmake_args': None, 'catkin_skip_building_tests': False, 'cmake_args': None, 'cmake_clean_cache': False, 'cmake_clean_first': False, 'cmake_force_configure': False, 'cmake_target': None, 'cmake_target_skip_unavailable': False, 'install_base': '/home/za/Documents/code/ros-ws/install/topic_demo', 'merge_install': False, 'path': '/home/za/Documents/code/ros-ws/src/demo/topic_demo', 'symlink_install': False, 'test_result_base': None}
[0.157s] Level 5:colcon.colcon_core.verb:set package 'action_demo' build argument 'cmake_args' from command line to 'None'
[0.157s] Level 5:colcon.colcon_core.verb:set package 'action_demo' build argument 'cmake_target' from command line to 'None'
[0.157s] Level 5:colcon.colcon_core.verb:set package 'action_demo' build argument 'cmake_target_skip_unavailable' from command line to 'False'
[0.157s] Level 5:colcon.colcon_core.verb:set package 'action_demo' build argument 'cmake_clean_cache' from command line to 'False'
[0.157s] Level 5:colcon.colcon_core.verb:set package 'action_demo' build argument 'cmake_clean_first' from command line to 'False'
[0.157s] Level 5:colcon.colcon_core.verb:set package 'action_demo' build argument 'cmake_force_configure' from command line to 'False'
[0.157s] Level 5:colcon.colcon_core.verb:set package 'action_demo' build argument 'ament_cmake_args' from command line to 'None'
[0.157s] Level 5:colcon.colcon_core.verb:set package 'action_demo' build argument 'catkin_cmake_args' from command line to 'None'
[0.157s] Level 5:colcon.colcon_core.verb:set package 'action_demo' build argument 'catkin_skip_building_tests' from command line to 'False'
[0.157s] DEBUG:colcon.colcon_core.verb:Building package 'action_demo' with the following arguments: {'ament_cmake_args': None, 'build_base': '/home/za/Documents/code/ros-ws/build/action_demo', 'catkin_cmake_args': None, 'catkin_skip_building_tests': False, 'cmake_args': None, 'cmake_clean_cache': False, 'cmake_clean_first': False, 'cmake_force_configure': False, 'cmake_target': None, 'cmake_target_skip_unavailable': False, 'install_base': '/home/za/Documents/code/ros-ws/install/action_demo', 'merge_install': False, 'path': '/home/za/Documents/code/ros-ws/src/demo/action_demo', 'symlink_install': False, 'test_result_base': None}
[0.157s] Level 5:colcon.colcon_core.verb:set package 'service_demo' build argument 'cmake_args' from command line to 'None'
[0.157s] Level 5:colcon.colcon_core.verb:set package 'service_demo' build argument 'cmake_target' from command line to 'None'
[0.157s] Level 5:colcon.colcon_core.verb:set package 'service_demo' build argument 'cmake_target_skip_unavailable' from command line to 'False'
[0.157s] Level 5:colcon.colcon_core.verb:set package 'service_demo' build argument 'cmake_clean_cache' from command line to 'False'
[0.157s] Level 5:colcon.colcon_core.verb:set package 'service_demo' build argument 'cmake_clean_first' from command line to 'False'
[0.157s] Level 5:colcon.colcon_core.verb:set package 'service_demo' build argument 'cmake_force_configure' from command line to 'False'
[0.157s] Level 5:colcon.colcon_core.verb:set package 'service_demo' build argument 'ament_cmake_args' from command line to 'None'
[0.157s] Level 5:colcon.colcon_core.verb:set package 'service_demo' build argument 'catkin_cmake_args' from command line to 'None'
[0.157s] Level 5:colcon.colcon_core.verb:set package 'service_demo' build argument 'catkin_skip_building_tests' from command line to 'False'
[0.157s] DEBUG:colcon.colcon_core.verb:Building package 'service_demo' with the following arguments: {'ament_cmake_args': None, 'build_base': '/home/za/Documents/code/ros-ws/build/service_demo', 'catkin_cmake_args': None, 'catkin_skip_building_tests': False, 'cmake_args': None, 'cmake_clean_cache': False, 'cmake_clean_first': False, 'cmake_force_configure': False, 'cmake_target': None, 'cmake_target_skip_unavailable': False, 'install_base': '/home/za/Documents/code/ros-ws/install/service_demo', 'merge_install': False, 'path': '/home/za/Documents/code/ros-ws/src/demo/service_demo', 'symlink_install': False, 'test_result_base': None}
[0.157s] INFO:colcon.colcon_core.executor:Executing jobs using 'sequential' executor
[0.158s] DEBUG:colcon.colcon_core.executor.sequential:run_until_complete 'ebot_URDF'
[0.158s] INFO:colcon.colcon_ros.task.ament_cmake.build:Building ROS package in '/home/za/Documents/code/ros-ws/src/ebot_URDF' with build type 'ament_cmake'
[0.158s] INFO:colcon.colcon_cmake.task.cmake.build:Building CMake package in '/home/za/Documents/code/ros-ws/src/ebot_URDF'
[0.158s] INFO:colcon.colcon_core.plugin_system:Skipping extension 'colcon_core.shell.bat': Not used on non-Windows systems
[0.159s] DEBUG:colcon.colcon_core.shell:Skip shell extension 'dsv' for command environment
[0.159s] WARNING:colcon.colcon_core.prefix_path.colcon:The path '/home/za/Documents/code/ros-ws/src/demo/install' in the environment variable COLCON_PREFIX_PATH doesn't exist
[0.159s] WARNING:colcon.colcon_ros.prefix_path.ament:The path '/home/za/Documents/code/ros-ws/src/demo/install/topic_demo' in the environment variable AMENT_PREFIX_PATH doesn't exist
[0.160s] WARNING:colcon.colcon_ros.prefix_path.ament:The path '/home/za/Documents/code/ros-ws/src/demo/install/service_demo' in the environment variable AMENT_PREFIX_PATH doesn't exist
[0.160s] WARNING:colcon.colcon_ros.prefix_path.ament:The path '/home/za/Documents/code/ros-ws/src/demo/install/node_demo' in the environment variable AMENT_PREFIX_PATH doesn't exist
[0.160s] WARNING:colcon.colcon_ros.prefix_path.ament:The path '/home/za/Documents/code/ros-ws/src/demo/install/action_demo' in the environment variable AMENT_PREFIX_PATH doesn't exist
[0.160s] WARNING:colcon.colcon_ros.prefix_path.ament:The path '/home/za/Documents/code/ros-ws/src/demo/install/interface_demo' in the environment variable AMENT_PREFIX_PATH doesn't exist
[0.160s] WARNING:colcon.colcon_ros.prefix_path.catkin:The path '/home/za/Documents/code/ros-ws/src/demo/install/interface_demo' in the environment variable CMAKE_PREFIX_PATH doesn't exist
[0.164s] DEBUG:colcon.colcon_core.event_handler.log_command:Invoking command in '/home/za/Documents/code/ros-ws/build/ebot_URDF': CMAKE_PREFIX_PATH=/home/za/Documents/code/ros-ws/install/action_demo:/home/za/Documents/code/ros-ws/src/demo/install/topic_demo:/home/za/Documents/code/ros-ws/src/demo/install/service_demo:/home/za/Documents/code/ros-ws/src/demo/install/node_demo:/home/za/Documents/code/ros-ws/src/demo/install/action_demo:/home/za/Documents/code/ros-ws/install/service_demo:/home/za/Documents/code/ros-ws/install/topic_demo:/home/za/Documents/code/ros-ws/install/node_demo:/opt/ros/humble:${CMAKE_PREFIX_PATH} /usr/bin/cmake --build /home/za/Documents/code/ros-ws/build/ebot_URDF -- -j2 -l2
[0.194s] DEBUG:colcon.colcon_core.event_handler.log_command:Invoked command in '/home/za/Documents/code/ros-ws/build/ebot_URDF' returned '0': CMAKE_PREFIX_PATH=/home/za/Documents/code/ros-ws/install/action_demo:/home/za/Documents/code/ros-ws/src/demo/install/topic_demo:/home/za/Documents/code/ros-ws/src/demo/install/service_demo:/home/za/Documents/code/ros-ws/src/demo/install/node_demo:/home/za/Documents/code/ros-ws/src/demo/install/action_demo:/home/za/Documents/code/ros-ws/install/service_demo:/home/za/Documents/code/ros-ws/install/topic_demo:/home/za/Documents/code/ros-ws/install/node_demo:/opt/ros/humble:${CMAKE_PREFIX_PATH} /usr/bin/cmake --build /home/za/Documents/code/ros-ws/build/ebot_URDF -- -j2 -l2
[0.210s] DEBUG:colcon.colcon_core.event_handler.log_command:Invoking command in '/home/za/Documents/code/ros-ws/build/ebot_URDF': CMAKE_PREFIX_PATH=/home/za/Documents/code/ros-ws/install/action_demo:/home/za/Documents/code/ros-ws/src/demo/install/topic_demo:/home/za/Documents/code/ros-ws/src/demo/install/service_demo:/home/za/Documents/code/ros-ws/src/demo/install/node_demo:/home/za/Documents/code/ros-ws/src/demo/install/action_demo:/home/za/Documents/code/ros-ws/install/service_demo:/home/za/Documents/code/ros-ws/install/topic_demo:/home/za/Documents/code/ros-ws/install/node_demo:/opt/ros/humble:${CMAKE_PREFIX_PATH} /usr/bin/cmake --install /home/za/Documents/code/ros-ws/build/ebot_URDF
[0.216s] Level 1:colcon.colcon_core.environment:create_environment_scripts_only(ebot_URDF)
[0.216s] DEBUG:colcon.colcon_core.event_handler.log_command:Invoked command in '/home/za/Documents/code/ros-ws/build/ebot_URDF' returned '0': CMAKE_PREFIX_PATH=/home/za/Documents/code/ros-ws/install/action_demo:/home/za/Documents/code/ros-ws/src/demo/install/topic_demo:/home/za/Documents/code/ros-ws/src/demo/install/service_demo:/home/za/Documents/code/ros-ws/src/demo/install/node_demo:/home/za/Documents/code/ros-ws/src/demo/install/action_demo:/home/za/Documents/code/ros-ws/install/service_demo:/home/za/Documents/code/ros-ws/install/topic_demo:/home/za/Documents/code/ros-ws/install/node_demo:/opt/ros/humble:${CMAKE_PREFIX_PATH} /usr/bin/cmake --install /home/za/Documents/code/ros-ws/build/ebot_URDF
[0.219s] Level 1:colcon.colcon_core.environment:checking '/home/za/Documents/code/ros-ws/install/ebot_URDF' for CMake module files
[0.219s] Level 1:colcon.colcon_core.environment:checking '/home/za/Documents/code/ros-ws/install/ebot_URDF' for CMake config files
[0.219s] Level 1:colcon.colcon_core.shell:create_environment_hook('ebot_URDF', 'cmake_prefix_path')
[0.220s] INFO:colcon.colcon_core.shell:Creating environment descriptor '/home/za/Documents/code/ros-ws/install/ebot_URDF/share/ebot_URDF/hook/cmake_prefix_path.dsv'
[0.220s] INFO:colcon.colcon_core.shell:Creating environment hook '/home/za/Documents/code/ros-ws/install/ebot_URDF/share/ebot_URDF/hook/cmake_prefix_path.sh'
[0.220s] Level 1:colcon.colcon_core.environment:checking '/home/za/Documents/code/ros-ws/install/ebot_URDF/bin'
[0.221s] Level 1:colcon.colcon_core.environment:checking '/home/za/Documents/code/ros-ws/install/ebot_URDF/lib/pkgconfig/ebot_URDF.pc'
[0.221s] Level 1:colcon.colcon_core.environment:checking '/home/za/Documents/code/ros-ws/install/ebot_URDF/lib/python3.10/site-packages'
[0.221s] Level 1:colcon.colcon_core.environment:checking '/home/za/Documents/code/ros-ws/install/ebot_URDF/bin'
[0.221s] INFO:colcon.colcon_core.shell:Creating package descriptor '/home/za/Documents/code/ros-ws/install/ebot_URDF/share/ebot_URDF/package.dsv'
[0.222s] INFO:colcon.colcon_core.shell:Creating package script '/home/za/Documents/code/ros-ws/install/ebot_URDF/share/ebot_URDF/package.sh'
[0.222s] Level 1:colcon.colcon_core.environment:create_file_with_runtime_dependencies(/home/za/Documents/code/ros-ws/install/ebot_URDF/share/colcon-core/packages/ebot_URDF)
[0.238s] Level 1:colcon.colcon_core.environment:create_environment_scripts_only(ebot_URDF)
[0.238s] Level 1:colcon.colcon_core.environment:checking '/home/za/Documents/code/ros-ws/install/ebot_URDF' for CMake module files
[0.239s] Level 1:colcon.colcon_core.environment:checking '/home/za/Documents/code/ros-ws/install/ebot_URDF' for CMake config files
[0.239s] Level 1:colcon.colcon_core.shell:create_environment_hook('ebot_URDF', 'cmake_prefix_path')
[0.239s] INFO:colcon.colcon_core.shell:Creating environment descriptor '/home/za/Documents/code/ros-ws/install/ebot_URDF/share/ebot_URDF/hook/cmake_prefix_path.dsv'
[0.239s] INFO:colcon.colcon_core.shell:Creating environment hook '/home/za/Documents/code/ros-ws/install/ebot_URDF/share/ebot_URDF/hook/cmake_prefix_path.sh'
[0.239s] Level 1:colcon.colcon_core.environment:checking '/home/za/Documents/code/ros-ws/install/ebot_URDF/bin'
[0.239s] Level 1:colcon.colcon_core.environment:checking '/home/za/Documents/code/ros-ws/install/ebot_URDF/lib/pkgconfig/ebot_URDF.pc'
[0.240s] Level 1:colcon.colcon_core.environment:checking '/home/za/Documents/code/ros-ws/install/ebot_URDF/lib/python3.10/site-packages'
[0.240s] Level 1:colcon.colcon_core.environment:checking '/home/za/Documents/code/ros-ws/install/ebot_URDF/bin'
[0.240s] INFO:colcon.colcon_core.shell:Creating package descriptor '/home/za/Documents/code/ros-ws/install/ebot_URDF/share/ebot_URDF/package.dsv'
[0.243s] INFO:colcon.colcon_core.shell:Creating package script '/home/za/Documents/code/ros-ws/install/ebot_URDF/share/ebot_URDF/package.sh'
[0.243s] Level 1:colcon.colcon_core.environment:create_file_with_runtime_dependencies(/home/za/Documents/code/ros-ws/install/ebot_URDF/share/colcon-core/packages/ebot_URDF)
[0.243s] DEBUG:colcon.colcon_core.executor.sequential:run_until_complete 'ebot_URDF' finished with '0'
[0.243s] DEBUG:colcon.colcon_core.executor.sequential:run_until_complete 'interface_demo'
[0.244s] INFO:colcon.colcon_ros.task.ament_cmake.build:Building ROS package in '/home/za/Documents/code/ros-ws/src/demo/interface_demo' with build type 'ament_cmake'
[0.244s] INFO:colcon.colcon_cmake.task.cmake.build:Building CMake package in '/home/za/Documents/code/ros-ws/src/demo/interface_demo'
[0.244s] DEBUG:colcon.colcon_core.shell:Skip shell extension 'dsv' for command environment
[0.248s] DEBUG:colcon.colcon_core.event_handler.log_command:Invoking command in '/home/za/Documents/code/ros-ws/build/interface_demo': CMAKE_PREFIX_PATH=/home/za/Documents/code/ros-ws/install/action_demo:/home/za/Documents/code/ros-ws/src/demo/install/topic_demo:/home/za/Documents/code/ros-ws/src/demo/install/service_demo:/home/za/Documents/code/ros-ws/src/demo/install/node_demo:/home/za/Documents/code/ros-ws/src/demo/install/action_demo:/home/za/Documents/code/ros-ws/install/service_demo:/home/za/Documents/code/ros-ws/install/topic_demo:/home/za/Documents/code/ros-ws/install/node_demo:/opt/ros/humble:${CMAKE_PREFIX_PATH} /usr/bin/cmake --build /home/za/Documents/code/ros-ws/build/interface_demo -- -j2 -l2
[0.612s] DEBUG:colcon.colcon_core.event_handler.log_command:Invoked command in '/home/za/Documents/code/ros-ws/build/interface_demo' returned '0': CMAKE_PREFIX_PATH=/home/za/Documents/code/ros-ws/install/action_demo:/home/za/Documents/code/ros-ws/src/demo/install/topic_demo:/home/za/Documents/code/ros-ws/src/demo/install/service_demo:/home/za/Documents/code/ros-ws/src/demo/install/node_demo:/home/za/Documents/code/ros-ws/src/demo/install/action_demo:/home/za/Documents/code/ros-ws/install/service_demo:/home/za/Documents/code/ros-ws/install/topic_demo:/home/za/Documents/code/ros-ws/install/node_demo:/opt/ros/humble:${CMAKE_PREFIX_PATH} /usr/bin/cmake --build /home/za/Documents/code/ros-ws/build/interface_demo -- -j2 -l2
[0.771s] DEBUG:colcon.colcon_core.event_handler.log_command:Invoking command in '/home/za/Documents/code/ros-ws/build/interface_demo': CMAKE_PREFIX_PATH=/home/za/Documents/code/ros-ws/install/action_demo:/home/za/Documents/code/ros-ws/src/demo/install/topic_demo:/home/za/Documents/code/ros-ws/src/demo/install/service_demo:/home/za/Documents/code/ros-ws/src/demo/install/node_demo:/home/za/Documents/code/ros-ws/src/demo/install/action_demo:/home/za/Documents/code/ros-ws/install/service_demo:/home/za/Documents/code/ros-ws/install/topic_demo:/home/za/Documents/code/ros-ws/install/node_demo:/opt/ros/humble:${CMAKE_PREFIX_PATH} /usr/bin/cmake --install /home/za/Documents/code/ros-ws/build/interface_demo
[0.856s] Level 1:colcon.colcon_core.environment:create_environment_scripts_only(interface_demo)
[0.857s] Level 1:colcon.colcon_core.environment:checking '/home/za/Documents/code/ros-ws/install/interface_demo' for CMake module files
[0.856s] DEBUG:colcon.colcon_core.event_handler.log_command:Invoked command in '/home/za/Documents/code/ros-ws/build/interface_demo' returned '0': CMAKE_PREFIX_PATH=/home/za/Documents/code/ros-ws/install/action_demo:/home/za/Documents/code/ros-ws/src/demo/install/topic_demo:/home/za/Documents/code/ros-ws/src/demo/install/service_demo:/home/za/Documents/code/ros-ws/src/demo/install/node_demo:/home/za/Documents/code/ros-ws/src/demo/install/action_demo:/home/za/Documents/code/ros-ws/install/service_demo:/home/za/Documents/code/ros-ws/install/topic_demo:/home/za/Documents/code/ros-ws/install/node_demo:/opt/ros/humble:${CMAKE_PREFIX_PATH} /usr/bin/cmake --install /home/za/Documents/code/ros-ws/build/interface_demo
[0.858s] Level 1:colcon.colcon_core.environment:checking '/home/za/Documents/code/ros-ws/install/interface_demo' for CMake config files
[0.858s] Level 1:colcon.colcon_core.shell:create_environment_hook('interface_demo', 'cmake_prefix_path')
[0.858s] INFO:colcon.colcon_core.shell:Creating environment descriptor '/home/za/Documents/code/ros-ws/install/interface_demo/share/interface_demo/hook/cmake_prefix_path.dsv'
[0.858s] INFO:colcon.colcon_core.shell:Creating environment hook '/home/za/Documents/code/ros-ws/install/interface_demo/share/interface_demo/hook/cmake_prefix_path.sh'
[0.860s] Level 1:colcon.colcon_core.environment:checking '/home/za/Documents/code/ros-ws/install/interface_demo/lib'
[0.860s] Level 1:colcon.colcon_core.shell:create_environment_hook('interface_demo', 'ld_library_path_lib')
[0.860s] INFO:colcon.colcon_core.shell:Creating environment descriptor '/home/za/Documents/code/ros-ws/install/interface_demo/share/interface_demo/hook/ld_library_path_lib.dsv'
[0.861s] INFO:colcon.colcon_core.shell:Creating environment hook '/home/za/Documents/code/ros-ws/install/interface_demo/share/interface_demo/hook/ld_library_path_lib.sh'
[0.864s] Level 1:colcon.colcon_core.environment:checking '/home/za/Documents/code/ros-ws/install/interface_demo/bin'
[0.864s] Level 1:colcon.colcon_core.environment:checking '/home/za/Documents/code/ros-ws/install/interface_demo/lib/pkgconfig/interface_demo.pc'
[0.864s] Level 1:colcon.colcon_core.environment:checking '/home/za/Documents/code/ros-ws/install/interface_demo/lib/python3.10/site-packages'
[0.864s] Level 1:colcon.colcon_core.environment:checking '/home/za/Documents/code/ros-ws/install/interface_demo/bin'
[0.864s] INFO:colcon.colcon_core.shell:Creating package descriptor '/home/za/Documents/code/ros-ws/install/interface_demo/share/interface_demo/package.dsv'
[0.865s] INFO:colcon.colcon_core.shell:Creating package script '/home/za/Documents/code/ros-ws/install/interface_demo/share/interface_demo/package.sh'
[0.865s] Level 1:colcon.colcon_core.environment:create_file_with_runtime_dependencies(/home/za/Documents/code/ros-ws/install/interface_demo/share/colcon-core/packages/interface_demo)
[0.929s] Level 1:colcon.colcon_core.environment:create_environment_scripts_only(interface_demo)
[0.929s] Level 1:colcon.colcon_core.environment:checking '/home/za/Documents/code/ros-ws/install/interface_demo' for CMake module files
[0.930s] Level 1:colcon.colcon_core.environment:checking '/home/za/Documents/code/ros-ws/install/interface_demo' for CMake config files
[0.930s] Level 1:colcon.colcon_core.shell:create_environment_hook('interface_demo', 'cmake_prefix_path')
[0.930s] INFO:colcon.colcon_core.shell:Creating environment descriptor '/home/za/Documents/code/ros-ws/install/interface_demo/share/interface_demo/hook/cmake_prefix_path.dsv'
[0.932s] INFO:colcon.colcon_core.shell:Creating environment hook '/home/za/Documents/code/ros-ws/install/interface_demo/share/interface_demo/hook/cmake_prefix_path.sh'
[0.933s] Level 1:colcon.colcon_core.environment:checking '/home/za/Documents/code/ros-ws/install/interface_demo/lib'
[0.933s] Level 1:colcon.colcon_core.shell:create_environment_hook('interface_demo', 'ld_library_path_lib')
[0.933s] INFO:colcon.colcon_core.shell:Creating environment descriptor '/home/za/Documents/code/ros-ws/install/interface_demo/share/interface_demo/hook/ld_library_path_lib.dsv'
[0.934s] INFO:colcon.colcon_core.shell:Creating environment hook '/home/za/Documents/code/ros-ws/install/interface_demo/share/interface_demo/hook/ld_library_path_lib.sh'
[0.934s] Level 1:colcon.colcon_core.environment:checking '/home/za/Documents/code/ros-ws/install/interface_demo/bin'
[0.934s] Level 1:colcon.colcon_core.environment:checking '/home/za/Documents/code/ros-ws/install/interface_demo/lib/pkgconfig/interface_demo.pc'
[0.934s] Level 1:colcon.colcon_core.environment:checking '/home/za/Documents/code/ros-ws/install/interface_demo/lib/python3.10/site-packages'
[0.934s] Level 1:colcon.colcon_core.environment:checking '/home/za/Documents/code/ros-ws/install/interface_demo/bin'
[0.934s] INFO:colcon.colcon_core.shell:Creating package descriptor '/home/za/Documents/code/ros-ws/install/interface_demo/share/interface_demo/package.dsv'
[0.935s] INFO:colcon.colcon_core.shell:Creating package script '/home/za/Documents/code/ros-ws/install/interface_demo/share/interface_demo/package.sh'
[0.935s] Level 1:colcon.colcon_core.environment:create_file_with_runtime_dependencies(/home/za/Documents/code/ros-ws/install/interface_demo/share/colcon-core/packages/interface_demo)
[0.936s] DEBUG:colcon.colcon_core.executor.sequential:run_until_complete 'interface_demo' finished with '0'
[0.936s] DEBUG:colcon.colcon_core.executor.sequential:run_until_complete 'node_demo'
[0.936s] INFO:colcon.colcon_ros.task.ament_python.build:Building ROS package in '/home/za/Documents/code/ros-ws/src/demo/node_demo' with build type 'ament_python'
[0.936s] Level 1:colcon.colcon_core.shell:create_environment_hook('node_demo', 'ament_prefix_path')
[0.936s] INFO:colcon.colcon_core.shell:Creating environment descriptor '/home/za/Documents/code/ros-ws/install/node_demo/share/node_demo/hook/ament_prefix_path.dsv'
[0.937s] INFO:colcon.colcon_core.shell:Creating environment hook '/home/za/Documents/code/ros-ws/install/node_demo/share/node_demo/hook/ament_prefix_path.sh'
[0.937s] DEBUG:colcon.colcon_core.shell:Skip shell extension 'dsv' for command environment
[1.114s] INFO:colcon.colcon_core.task.python.build:Building Python package in '/home/za/Documents/code/ros-ws/src/demo/node_demo'
[1.114s] DEBUG:colcon.colcon_core.shell:Skip shell extension 'dsv' for command environment
[1.318s] DEBUG:colcon.colcon_core.event_handler.log_command:Invoking command in '/home/za/Documents/code/ros-ws/src/demo/node_demo': PYTHONPATH=/home/za/Documents/code/ros-ws/build/node_demo/prefix_override:/usr/lib/python3/dist-packages/colcon_core/task/python/colcon_distutils_commands:/home/za/Documents/code/ros-ws/install/node_demo/lib/python3.10/site-packages:${PYTHONPATH} /usr/bin/python3 -W ignore:setup.py install is deprecated setup.py egg_info --egg-base ../../../build/node_demo build --build-base /home/za/Documents/code/ros-ws/build/node_demo/build install --record /home/za/Documents/code/ros-ws/build/node_demo/install.log --single-version-externally-managed install_data
[1.572s] Level 1:colcon.colcon_core.environment:checking '/home/za/Documents/code/ros-ws/install/node_demo' for CMake module files
[1.572s] Level 1:colcon.colcon_core.environment:checking '/home/za/Documents/code/ros-ws/install/node_demo' for CMake config files
[1.572s] Level 1:colcon.colcon_core.environment:checking '/home/za/Documents/code/ros-ws/install/node_demo/lib'
[1.572s] Level 1:colcon.colcon_core.environment:checking '/home/za/Documents/code/ros-ws/install/node_demo/bin'
[1.572s] Level 1:colcon.colcon_core.environment:checking '/home/za/Documents/code/ros-ws/install/node_demo/lib/pkgconfig/node_demo.pc'
[1.572s] Level 1:colcon.colcon_core.environment:checking '/home/za/Documents/code/ros-ws/install/node_demo/lib/python3.10/site-packages'
[1.572s] Level 1:colcon.colcon_core.shell:create_environment_hook('node_demo', 'pythonpath')
[1.572s] INFO:colcon.colcon_core.shell:Creating environment descriptor '/home/za/Documents/code/ros-ws/install/node_demo/share/node_demo/hook/pythonpath.dsv'
[1.573s] INFO:colcon.colcon_core.shell:Creating environment hook '/home/za/Documents/code/ros-ws/install/node_demo/share/node_demo/hook/pythonpath.sh'
[1.573s] DEBUG:colcon.colcon_core.event_handler.log_command:Invoked command in '/home/za/Documents/code/ros-ws/src/demo/node_demo' returned '0': PYTHONPATH=/home/za/Documents/code/ros-ws/build/node_demo/prefix_override:/usr/lib/python3/dist-packages/colcon_core/task/python/colcon_distutils_commands:/home/za/Documents/code/ros-ws/install/node_demo/lib/python3.10/site-packages:${PYTHONPATH} /usr/bin/python3 -W ignore:setup.py install is deprecated setup.py egg_info --egg-base ../../../build/node_demo build --build-base /home/za/Documents/code/ros-ws/build/node_demo/build install --record /home/za/Documents/code/ros-ws/build/node_demo/install.log --single-version-externally-managed install_data
[1.574s] Level 1:colcon.colcon_core.environment:checking '/home/za/Documents/code/ros-ws/install/node_demo/bin'
[1.574s] Level 1:colcon.colcon_core.environment:create_environment_scripts_only(node_demo)
[1.574s] INFO:colcon.colcon_core.shell:Creating package descriptor '/home/za/Documents/code/ros-ws/install/node_demo/share/node_demo/package.dsv'
[1.574s] INFO:colcon.colcon_core.shell:Creating package script '/home/za/Documents/code/ros-ws/install/node_demo/share/node_demo/package.sh'
[1.575s] Level 1:colcon.colcon_core.environment:create_file_with_runtime_dependencies(/home/za/Documents/code/ros-ws/install/node_demo/share/colcon-core/packages/node_demo)
[1.575s] DEBUG:colcon.colcon_core.executor.sequential:run_until_complete 'node_demo' finished with '0'
[1.575s] DEBUG:colcon.colcon_core.executor.sequential:run_until_complete 'topic_demo'
[1.575s] INFO:colcon.colcon_ros.task.ament_python.build:Building ROS package in '/home/za/Documents/code/ros-ws/src/demo/topic_demo' with build type 'ament_python'
[1.575s] Level 1:colcon.colcon_core.shell:create_environment_hook('topic_demo', 'ament_prefix_path')
[1.575s] INFO:colcon.colcon_core.shell:Creating environment descriptor '/home/za/Documents/code/ros-ws/install/topic_demo/share/topic_demo/hook/ament_prefix_path.dsv'
[1.576s] INFO:colcon.colcon_core.shell:Creating environment hook '/home/za/Documents/code/ros-ws/install/topic_demo/share/topic_demo/hook/ament_prefix_path.sh'
[1.576s] DEBUG:colcon.colcon_core.shell:Skip shell extension 'dsv' for command environment
[1.754s] INFO:colcon.colcon_core.task.python.build:Building Python package in '/home/za/Documents/code/ros-ws/src/demo/topic_demo'
[1.754s] DEBUG:colcon.colcon_core.shell:Skip shell extension 'dsv' for command environment
[1.970s] DEBUG:colcon.colcon_core.event_handler.log_command:Invoking command in '/home/za/Documents/code/ros-ws/src/demo/topic_demo': PYTHONPATH=/home/za/Documents/code/ros-ws/build/topic_demo/prefix_override:/usr/lib/python3/dist-packages/colcon_core/task/python/colcon_distutils_commands:/home/za/Documents/code/ros-ws/install/topic_demo/lib/python3.10/site-packages:${PYTHONPATH} /usr/bin/python3 -W ignore:setup.py install is deprecated setup.py egg_info --egg-base ../../../build/topic_demo build --build-base /home/za/Documents/code/ros-ws/build/topic_demo/build install --record /home/za/Documents/code/ros-ws/build/topic_demo/install.log --single-version-externally-managed install_data
[2.190s] Level 1:colcon.colcon_core.environment:checking '/home/za/Documents/code/ros-ws/install/topic_demo' for CMake module files
[2.190s] Level 1:colcon.colcon_core.environment:checking '/home/za/Documents/code/ros-ws/install/topic_demo' for CMake config files
[2.190s] DEBUG:colcon.colcon_core.event_handler.log_command:Invoked command in '/home/za/Documents/code/ros-ws/src/demo/topic_demo' returned '0': PYTHONPATH=/home/za/Documents/code/ros-ws/build/topic_demo/prefix_override:/usr/lib/python3/dist-packages/colcon_core/task/python/colcon_distutils_commands:/home/za/Documents/code/ros-ws/install/topic_demo/lib/python3.10/site-packages:${PYTHONPATH} /usr/bin/python3 -W ignore:setup.py install is deprecated setup.py egg_info --egg-base ../../../build/topic_demo build --build-base /home/za/Documents/code/ros-ws/build/topic_demo/build install --record /home/za/Documents/code/ros-ws/build/topic_demo/install.log --single-version-externally-managed install_data
[2.192s] Level 1:colcon.colcon_core.environment:checking '/home/za/Documents/code/ros-ws/install/topic_demo/lib'
[2.192s] Level 1:colcon.colcon_core.environment:checking '/home/za/Documents/code/ros-ws/install/topic_demo/bin'
[2.193s] Level 1:colcon.colcon_core.environment:checking '/home/za/Documents/code/ros-ws/install/topic_demo/lib/pkgconfig/topic_demo.pc'
[2.193s] Level 1:colcon.colcon_core.environment:checking '/home/za/Documents/code/ros-ws/install/topic_demo/lib/python3.10/site-packages'
[2.193s] Level 1:colcon.colcon_core.shell:create_environment_hook('topic_demo', 'pythonpath')
[2.193s] INFO:colcon.colcon_core.shell:Creating environment descriptor '/home/za/Documents/code/ros-ws/install/topic_demo/share/topic_demo/hook/pythonpath.dsv'
[2.196s] INFO:colcon.colcon_core.shell:Creating environment hook '/home/za/Documents/code/ros-ws/install/topic_demo/share/topic_demo/hook/pythonpath.sh'
[2.196s] Level 1:colcon.colcon_core.environment:checking '/home/za/Documents/code/ros-ws/install/topic_demo/bin'
[2.197s] Level 1:colcon.colcon_core.environment:create_environment_scripts_only(topic_demo)
[2.197s] INFO:colcon.colcon_core.shell:Creating package descriptor '/home/za/Documents/code/ros-ws/install/topic_demo/share/topic_demo/package.dsv'
[2.197s] INFO:colcon.colcon_core.shell:Creating package script '/home/za/Documents/code/ros-ws/install/topic_demo/share/topic_demo/package.sh'
[2.199s] Level 1:colcon.colcon_core.environment:create_file_with_runtime_dependencies(/home/za/Documents/code/ros-ws/install/topic_demo/share/colcon-core/packages/topic_demo)
[2.201s] DEBUG:colcon.colcon_core.executor.sequential:run_until_complete 'topic_demo' finished with '0'
[2.201s] DEBUG:colcon.colcon_core.executor.sequential:run_until_complete 'action_demo'
[2.202s] INFO:colcon.colcon_ros.task.ament_python.build:Building ROS package in '/home/za/Documents/code/ros-ws/src/demo/action_demo' with build type 'ament_python'
[2.202s] Level 1:colcon.colcon_core.shell:create_environment_hook('action_demo', 'ament_prefix_path')
[2.202s] INFO:colcon.colcon_core.shell:Creating environment descriptor '/home/za/Documents/code/ros-ws/install/action_demo/share/action_demo/hook/ament_prefix_path.dsv'
[2.202s] INFO:colcon.colcon_core.shell:Creating environment hook '/home/za/Documents/code/ros-ws/install/action_demo/share/action_demo/hook/ament_prefix_path.sh'
[2.203s] DEBUG:colcon.colcon_core.shell:Skip shell extension 'dsv' for command environment
[2.511s] INFO:colcon.colcon_core.task.python.build:Building Python package in '/home/za/Documents/code/ros-ws/src/demo/action_demo'
[2.514s] DEBUG:colcon.colcon_core.shell:Skip shell extension 'dsv' for command environment
[2.752s] DEBUG:colcon.colcon_core.event_handler.log_command:Invoking command in '/home/za/Documents/code/ros-ws/src/demo/action_demo': CMAKE_PREFIX_PATH=/home/za/Documents/code/ros-ws/install/interface_demo:/home/za/Documents/code/ros-ws/install/ebot_URDF:/home/za/Documents/code/ros-ws/src/demo/install/interface_demo LD_LIBRARY_PATH=/home/za/Documents/code/ros-ws/install/interface_demo/lib:/home/za/Documents/code/ros-ws/src/demo/install/interface_demo/lib:/opt/ros/humble/opt/rviz_ogre_vendor/lib:/opt/ros/humble/lib/x86_64-linux-gnu:/opt/ros/humble/lib PYTHONPATH=/home/za/Documents/code/ros-ws/build/action_demo/prefix_override:/usr/lib/python3/dist-packages/colcon_core/task/python/colcon_distutils_commands:/home/za/Documents/code/ros-ws/install/action_demo/lib/python3.10/site-packages:${PYTHONPATH} /usr/bin/python3 -W ignore:setup.py install is deprecated setup.py egg_info --egg-base ../../../build/action_demo build --build-base /home/za/Documents/code/ros-ws/build/action_demo/build install --record /home/za/Documents/code/ros-ws/build/action_demo/install.log --single-version-externally-managed install_data
[2.929s] Level 1:colcon.colcon_core.environment:checking '/home/za/Documents/code/ros-ws/install/action_demo' for CMake module files
[2.929s] Level 1:colcon.colcon_core.environment:checking '/home/za/Documents/code/ros-ws/install/action_demo' for CMake config files
[2.929s] Level 1:colcon.colcon_core.environment:checking '/home/za/Documents/code/ros-ws/install/action_demo/lib'
[2.929s] Level 1:colcon.colcon_core.environment:checking '/home/za/Documents/code/ros-ws/install/action_demo/bin'
[2.929s] Level 1:colcon.colcon_core.environment:checking '/home/za/Documents/code/ros-ws/install/action_demo/lib/pkgconfig/action_demo.pc'
[2.929s] Level 1:colcon.colcon_core.environment:checking '/home/za/Documents/code/ros-ws/install/action_demo/lib/python3.10/site-packages'
[2.929s] Level 1:colcon.colcon_core.shell:create_environment_hook('action_demo', 'pythonpath')
[2.929s] INFO:colcon.colcon_core.shell:Creating environment descriptor '/home/za/Documents/code/ros-ws/install/action_demo/share/action_demo/hook/pythonpath.dsv'
[2.930s] INFO:colcon.colcon_core.shell:Creating environment hook '/home/za/Documents/code/ros-ws/install/action_demo/share/action_demo/hook/pythonpath.sh'
[2.930s] DEBUG:colcon.colcon_core.event_handler.log_command:Invoked command in '/home/za/Documents/code/ros-ws/src/demo/action_demo' returned '0': CMAKE_PREFIX_PATH=/home/za/Documents/code/ros-ws/install/interface_demo:/home/za/Documents/code/ros-ws/install/ebot_URDF:/home/za/Documents/code/ros-ws/src/demo/install/interface_demo LD_LIBRARY_PATH=/home/za/Documents/code/ros-ws/install/interface_demo/lib:/home/za/Documents/code/ros-ws/src/demo/install/interface_demo/lib:/opt/ros/humble/opt/rviz_ogre_vendor/lib:/opt/ros/humble/lib/x86_64-linux-gnu:/opt/ros/humble/lib PYTHONPATH=/home/za/Documents/code/ros-ws/build/action_demo/prefix_override:/usr/lib/python3/dist-packages/colcon_core/task/python/colcon_distutils_commands:/home/za/Documents/code/ros-ws/install/action_demo/lib/python3.10/site-packages:${PYTHONPATH} /usr/bin/python3 -W ignore:setup.py install is deprecated setup.py egg_info --egg-base ../../../build/action_demo build --build-base /home/za/Documents/code/ros-ws/build/action_demo/build install --record /home/za/Documents/code/ros-ws/build/action_demo/install.log --single-version-externally-managed install_data
[2.932s] Level 1:colcon.colcon_core.environment:checking '/home/za/Documents/code/ros-ws/install/action_demo/bin'
[2.932s] Level 1:colcon.colcon_core.environment:create_environment_scripts_only(action_demo)
[2.932s] INFO:colcon.colcon_core.shell:Creating package descriptor '/home/za/Documents/code/ros-ws/install/action_demo/share/action_demo/package.dsv'
[2.932s] INFO:colcon.colcon_core.shell:Creating package script '/home/za/Documents/code/ros-ws/install/action_demo/share/action_demo/package.sh'
[2.933s] Level 1:colcon.colcon_core.environment:create_file_with_runtime_dependencies(/home/za/Documents/code/ros-ws/install/action_demo/share/colcon-core/packages/action_demo)
[2.934s] DEBUG:colcon.colcon_core.executor.sequential:run_until_complete 'action_demo' finished with '0'
[2.934s] DEBUG:colcon.colcon_core.executor.sequential:run_until_complete 'service_demo'
[2.934s] INFO:colcon.colcon_ros.task.ament_python.build:Building ROS package in '/home/za/Documents/code/ros-ws/src/demo/service_demo' with build type 'ament_python'
[2.934s] Level 1:colcon.colcon_core.shell:create_environment_hook('service_demo', 'ament_prefix_path')
[2.934s] INFO:colcon.colcon_core.shell:Creating environment descriptor '/home/za/Documents/code/ros-ws/install/service_demo/share/service_demo/hook/ament_prefix_path.dsv'
[2.934s] INFO:colcon.colcon_core.shell:Creating environment hook '/home/za/Documents/code/ros-ws/install/service_demo/share/service_demo/hook/ament_prefix_path.sh'
[2.935s] DEBUG:colcon.colcon_core.shell:Skip shell extension 'dsv' for command environment
[3.103s] INFO:colcon.colcon_core.task.python.build:Building Python package in '/home/za/Documents/code/ros-ws/src/demo/service_demo'
[3.103s] DEBUG:colcon.colcon_core.shell:Skip shell extension 'dsv' for command environment
[3.291s] DEBUG:colcon.colcon_core.event_handler.log_command:Invoking command in '/home/za/Documents/code/ros-ws/src/demo/service_demo': CMAKE_PREFIX_PATH=/home/za/Documents/code/ros-ws/install/interface_demo:/home/za/Documents/code/ros-ws/install/ebot_URDF:/home/za/Documents/code/ros-ws/src/demo/install/interface_demo LD_LIBRARY_PATH=/home/za/Documents/code/ros-ws/install/interface_demo/lib:/home/za/Documents/code/ros-ws/src/demo/install/interface_demo/lib:/opt/ros/humble/opt/rviz_ogre_vendor/lib:/opt/ros/humble/lib/x86_64-linux-gnu:/opt/ros/humble/lib PYTHONPATH=/home/za/Documents/code/ros-ws/build/service_demo/prefix_override:/usr/lib/python3/dist-packages/colcon_core/task/python/colcon_distutils_commands:/home/za/Documents/code/ros-ws/install/service_demo/lib/python3.10/site-packages:${PYTHONPATH} /usr/bin/python3 -W ignore:setup.py install is deprecated setup.py egg_info --egg-base ../../../build/service_demo build --build-base /home/za/Documents/code/ros-ws/build/service_demo/build install --record /home/za/Documents/code/ros-ws/build/service_demo/install.log --single-version-externally-managed install_data
[3.478s] Level 1:colcon.colcon_core.environment:checking '/home/za/Documents/code/ros-ws/install/service_demo' for CMake module files
[3.479s] Level 1:colcon.colcon_core.environment:checking '/home/za/Documents/code/ros-ws/install/service_demo' for CMake config files
[3.479s] Level 1:colcon.colcon_core.environment:checking '/home/za/Documents/code/ros-ws/install/service_demo/lib'
[3.479s] Level 1:colcon.colcon_core.environment:checking '/home/za/Documents/code/ros-ws/install/service_demo/bin'
[3.479s] Level 1:colcon.colcon_core.environment:checking '/home/za/Documents/code/ros-ws/install/service_demo/lib/pkgconfig/service_demo.pc'
[3.479s] Level 1:colcon.colcon_core.environment:checking '/home/za/Documents/code/ros-ws/install/service_demo/lib/python3.10/site-packages'
[3.479s] Level 1:colcon.colcon_core.shell:create_environment_hook('service_demo', 'pythonpath')
[3.479s] INFO:colcon.colcon_core.shell:Creating environment descriptor '/home/za/Documents/code/ros-ws/install/service_demo/share/service_demo/hook/pythonpath.dsv'
[3.480s] INFO:colcon.colcon_core.shell:Creating environment hook '/home/za/Documents/code/ros-ws/install/service_demo/share/service_demo/hook/pythonpath.sh'
[3.480s] DEBUG:colcon.colcon_core.event_handler.log_command:Invoked command in '/home/za/Documents/code/ros-ws/src/demo/service_demo' returned '0': CMAKE_PREFIX_PATH=/home/za/Documents/code/ros-ws/install/interface_demo:/home/za/Documents/code/ros-ws/install/ebot_URDF:/home/za/Documents/code/ros-ws/src/demo/install/interface_demo LD_LIBRARY_PATH=/home/za/Documents/code/ros-ws/install/interface_demo/lib:/home/za/Documents/code/ros-ws/src/demo/install/interface_demo/lib:/opt/ros/humble/opt/rviz_ogre_vendor/lib:/opt/ros/humble/lib/x86_64-linux-gnu:/opt/ros/humble/lib PYTHONPATH=/home/za/Documents/code/ros-ws/build/service_demo/prefix_override:/usr/lib/python3/dist-packages/colcon_core/task/python/colcon_distutils_commands:/home/za/Documents/code/ros-ws/install/service_demo/lib/python3.10/site-packages:${PYTHONPATH} /usr/bin/python3 -W ignore:setup.py install is deprecated setup.py egg_info --egg-base ../../../build/service_demo build --build-base /home/za/Documents/code/ros-ws/build/service_demo/build install --record /home/za/Documents/code/ros-ws/build/service_demo/install.log --single-version-externally-managed install_data
[3.482s] Level 1:colcon.colcon_core.environment:checking '/home/za/Documents/code/ros-ws/install/service_demo/bin'
[3.482s] Level 1:colcon.colcon_core.environment:create_environment_scripts_only(service_demo)
[3.482s] INFO:colcon.colcon_core.shell:Creating package descriptor '/home/za/Documents/code/ros-ws/install/service_demo/share/service_demo/package.dsv'
[3.483s] INFO:colcon.colcon_core.shell:Creating package script '/home/za/Documents/code/ros-ws/install/service_demo/share/service_demo/package.sh'
[3.483s] Level 1:colcon.colcon_core.environment:create_file_with_runtime_dependencies(/home/za/Documents/code/ros-ws/install/service_demo/share/colcon-core/packages/service_demo)
[3.483s] DEBUG:colcon.colcon_core.executor.sequential:run_until_complete 'service_demo' finished with '0'
[3.483s] DEBUG:colcon.colcon_core.executor.sequential:closing loop
[3.484s] DEBUG:colcon.colcon_core.executor.sequential:loop closed
[3.484s] DEBUG:colcon.colcon_core.event_reactor:joining thread
[3.484s] DEBUG:colcon.colcon_core.event_reactor:joined thread
[3.484s] INFO:colcon.colcon_core.shell:Creating prefix script '/home/za/Documents/code/ros-ws/install/local_setup.sh'
[3.486s] INFO:colcon.colcon_core.shell:Creating prefix util module '/home/za/Documents/code/ros-ws/install/_local_setup_util_sh.py'
[3.488s] INFO:colcon.colcon_core.shell:Creating prefix chain script '/home/za/Documents/code/ros-ws/install/setup.sh'
