[0.087s] DEBUG:colcon:Command line arguments: ['/usr/bin/colcon', 'build']
[0.088s] DEBUG:colcon:Parsed command line arguments: Namespace(log_base=None, log_level=None, verb_name='build', build_base='build', install_base='install', merge_install=False, symlink_install=False, test_result_base=None, continue_on_error=False, executor='sequential', event_handlers=None, base_paths=['.'], paths=None, cmake_args=None, cmake_target=None, cmake_target_skip_unavailable=False, cmake_clean_cache=False, cmake_clean_first=False, cmake_force_configure=False, ament_cmake_args=None, catkin_cmake_args=None, catkin_skip_building_tests=False, verb_parser=CustomArgumentParser(prog='colcon build', usage=None, description='Build a set of packages.', formatter_class=<class 'colcon_core.command.CustomFormatter'>, conflict_handler='error', add_help=True), verb_extension=<colcon_core.verb.build.BuildVerb object at 0x78a268f0bbb0>, main=<bound method BuildVerb.main of <colcon_core.verb.build.BuildVerb object at 0x78a268f0bbb0>>)
[0.211s] Level 1:colcon.colcon_core.package_discovery:discover_packages(recursive) check parameters
[0.211s] Level 1:colcon.colcon_core.package_discovery:discover_packages(path) check parameters
[0.211s] Level 1:colcon.colcon_core.package_discovery:discover_packages(recursive) discover
[0.211s] INFO:colcon.colcon_core.package_discovery:Crawling recursively for packages in '/home/za/Documents/code/ros-ws'
[0.211s] Level 1:colcon.colcon_core.package_identification:_identify(.) by extensions ['ignore', 'ignore_ament_install']
[0.211s] Level 1:colcon.colcon_core.package_identification:_identify(.) by extension 'ignore'
[0.211s] Level 1:colcon.colcon_core.package_identification:_identify(.) by extension 'ignore_ament_install'
[0.211s] Level 1:colcon.colcon_core.package_identification:_identify(.) by extensions ['ros']
[0.211s] Level 1:colcon.colcon_core.package_identification:_identify(.) by extension 'ros'
[0.221s] Level 1:colcon.colcon_core.package_identification:_identify(.) by extensions ['cmake', 'python']
[0.221s] Level 1:colcon.colcon_core.package_identification:_identify(.) by extension 'cmake'
[0.221s] Level 1:colcon.colcon_core.package_identification:_identify(.) by extension 'python'
[0.221s] Level 1:colcon.colcon_core.package_identification:_identify(.) by extensions ['python_setup_py']
[0.221s] Level 1:colcon.colcon_core.package_identification:_identify(.) by extension 'python_setup_py'
[0.221s] Level 1:colcon.colcon_core.package_identification:_identify(build) by extensions ['ignore', 'ignore_ament_install']
[0.221s] Level 1:colcon.colcon_core.package_identification:_identify(build) by extension 'ignore'
[0.221s] Level 1:colcon.colcon_core.package_identification:_identify(build) ignored
[0.221s] Level 1:colcon.colcon_core.package_identification:_identify(install) by extensions ['ignore', 'ignore_ament_install']
[0.221s] Level 1:colcon.colcon_core.package_identification:_identify(install) by extension 'ignore'
[0.221s] Level 1:colcon.colcon_core.package_identification:_identify(install) ignored
[0.222s] Level 1:colcon.colcon_core.package_identification:_identify(interface_demo) by extensions ['ignore', 'ignore_ament_install']
[0.222s] Level 1:colcon.colcon_core.package_identification:_identify(interface_demo) by extension 'ignore'
[0.222s] Level 1:colcon.colcon_core.package_identification:_identify(interface_demo) by extension 'ignore_ament_install'
[0.222s] Level 1:colcon.colcon_core.package_identification:_identify(interface_demo) by extensions ['ros']
[0.222s] Level 1:colcon.colcon_core.package_identification:_identify(interface_demo) by extension 'ros'
[0.222s] Level 1:colcon.colcon_core.package_identification:_identify(interface_demo) by extensions ['cmake', 'python']
[0.222s] Level 1:colcon.colcon_core.package_identification:_identify(interface_demo) by extension 'cmake'
[0.222s] Level 1:colcon.colcon_core.package_identification:_identify(interface_demo) by extension 'python'
[0.222s] Level 1:colcon.colcon_core.package_identification:_identify(interface_demo) by extensions ['python_setup_py']
[0.222s] Level 1:colcon.colcon_core.package_identification:_identify(interface_demo) by extension 'python_setup_py'
[0.222s] Level 1:colcon.colcon_core.package_identification:_identify(interface_demo/action) by extensions ['ignore', 'ignore_ament_install']
[0.222s] Level 1:colcon.colcon_core.package_identification:_identify(interface_demo/action) by extension 'ignore'
[0.222s] Level 1:colcon.colcon_core.package_identification:_identify(interface_demo/action) by extension 'ignore_ament_install'
[0.222s] Level 1:colcon.colcon_core.package_identification:_identify(interface_demo/action) by extensions ['ros']
[0.222s] Level 1:colcon.colcon_core.package_identification:_identify(interface_demo/action) by extension 'ros'
[0.222s] Level 1:colcon.colcon_core.package_identification:_identify(interface_demo/action) by extensions ['cmake', 'python']
[0.222s] Level 1:colcon.colcon_core.package_identification:_identify(interface_demo/action) by extension 'cmake'
[0.222s] Level 1:colcon.colcon_core.package_identification:_identify(interface_demo/action) by extension 'python'
[0.222s] Level 1:colcon.colcon_core.package_identification:_identify(interface_demo/action) by extensions ['python_setup_py']
[0.222s] Level 1:colcon.colcon_core.package_identification:_identify(interface_demo/action) by extension 'python_setup_py'
[0.222s] Level 1:colcon.colcon_core.package_identification:_identify(log) by extensions ['ignore', 'ignore_ament_install']
[0.222s] Level 1:colcon.colcon_core.package_identification:_identify(log) by extension 'ignore'
[0.222s] Level 1:colcon.colcon_core.package_identification:_identify(log) ignored
[0.222s] Level 1:colcon.colcon_core.package_identification:_identify(src) by extensions ['ignore', 'ignore_ament_install']
[0.223s] Level 1:colcon.colcon_core.package_identification:_identify(src) by extension 'ignore'
[0.223s] Level 1:colcon.colcon_core.package_identification:_identify(src) by extension 'ignore_ament_install'
[0.223s] Level 1:colcon.colcon_core.package_identification:_identify(src) by extensions ['ros']
[0.223s] Level 1:colcon.colcon_core.package_identification:_identify(src) by extension 'ros'
[0.223s] Level 1:colcon.colcon_core.package_identification:_identify(src) by extensions ['cmake', 'python']
[0.223s] Level 1:colcon.colcon_core.package_identification:_identify(src) by extension 'cmake'
[0.223s] Level 1:colcon.colcon_core.package_identification:_identify(src) by extension 'python'
[0.223s] Level 1:colcon.colcon_core.package_identification:_identify(src) by extensions ['python_setup_py']
[0.223s] Level 1:colcon.colcon_core.package_identification:_identify(src) by extension 'python_setup_py'
[0.223s] Level 1:colcon.colcon_core.package_identification:_identify(src/demo) by extensions ['ignore', 'ignore_ament_install']
[0.223s] Level 1:colcon.colcon_core.package_identification:_identify(src/demo) by extension 'ignore'
[0.223s] Level 1:colcon.colcon_core.package_identification:_identify(src/demo) by extension 'ignore_ament_install'
[0.223s] Level 1:colcon.colcon_core.package_identification:_identify(src/demo) by extensions ['ros']
[0.223s] Level 1:colcon.colcon_core.package_identification:_identify(src/demo) by extension 'ros'
[0.223s] Level 1:colcon.colcon_core.package_identification:_identify(src/demo) by extensions ['cmake', 'python']
[0.223s] Level 1:colcon.colcon_core.package_identification:_identify(src/demo) by extension 'cmake'
[0.223s] Level 1:colcon.colcon_core.package_identification:_identify(src/demo) by extension 'python'
[0.223s] Level 1:colcon.colcon_core.package_identification:_identify(src/demo) by extensions ['python_setup_py']
[0.223s] Level 1:colcon.colcon_core.package_identification:_identify(src/demo) by extension 'python_setup_py'
[0.223s] Level 1:colcon.colcon_core.package_identification:_identify(src/demo/action_demo) by extensions ['ignore', 'ignore_ament_install']
[0.223s] Level 1:colcon.colcon_core.package_identification:_identify(src/demo/action_demo) by extension 'ignore'
[0.223s] Level 1:colcon.colcon_core.package_identification:_identify(src/demo/action_demo) by extension 'ignore_ament_install'
[0.223s] Level 1:colcon.colcon_core.package_identification:_identify(src/demo/action_demo) by extensions ['ros']
[0.223s] Level 1:colcon.colcon_core.package_identification:_identify(src/demo/action_demo) by extension 'ros'
[0.225s] DEBUG:colcon.colcon_core.package_identification:Package 'src/demo/action_demo' with type 'ros.ament_python' and name 'action_demo'
[0.226s] Level 1:colcon.colcon_core.package_identification:_identify(src/demo/interface_demo) by extensions ['ignore', 'ignore_ament_install']
[0.226s] Level 1:colcon.colcon_core.package_identification:_identify(src/demo/interface_demo) by extension 'ignore'
[0.226s] Level 1:colcon.colcon_core.package_identification:_identify(src/demo/interface_demo) by extension 'ignore_ament_install'
[0.226s] Level 1:colcon.colcon_core.package_identification:_identify(src/demo/interface_demo) by extensions ['ros']
[0.226s] Level 1:colcon.colcon_core.package_identification:_identify(src/demo/interface_demo) by extension 'ros'
[0.227s] DEBUG:colcon.colcon_core.package_identification:Package 'src/demo/interface_demo' with type 'ros.ament_cmake' and name 'interface_demo'
[0.227s] Level 1:colcon.colcon_core.package_identification:_identify(src/demo/node_demo) by extensions ['ignore', 'ignore_ament_install']
[0.227s] Level 1:colcon.colcon_core.package_identification:_identify(src/demo/node_demo) by extension 'ignore'
[0.227s] Level 1:colcon.colcon_core.package_identification:_identify(src/demo/node_demo) by extension 'ignore_ament_install'
[0.227s] Level 1:colcon.colcon_core.package_identification:_identify(src/demo/node_demo) by extensions ['ros']
[0.227s] Level 1:colcon.colcon_core.package_identification:_identify(src/demo/node_demo) by extension 'ros'
[0.228s] DEBUG:colcon.colcon_core.package_identification:Package 'src/demo/node_demo' with type 'ros.ament_python' and name 'node_demo'
[0.228s] Level 1:colcon.colcon_core.package_identification:_identify(src/demo/service_demo) by extensions ['ignore', 'ignore_ament_install']
[0.228s] Level 1:colcon.colcon_core.package_identification:_identify(src/demo/service_demo) by extension 'ignore'
[0.228s] Level 1:colcon.colcon_core.package_identification:_identify(src/demo/service_demo) by extension 'ignore_ament_install'
[0.228s] Level 1:colcon.colcon_core.package_identification:_identify(src/demo/service_demo) by extensions ['ros']
[0.228s] Level 1:colcon.colcon_core.package_identification:_identify(src/demo/service_demo) by extension 'ros'
[0.229s] DEBUG:colcon.colcon_core.package_identification:Package 'src/demo/service_demo' with type 'ros.ament_python' and name 'service_demo'
[0.229s] Level 1:colcon.colcon_core.package_identification:_identify(src/demo/topic_demo) by extensions ['ignore', 'ignore_ament_install']
[0.229s] Level 1:colcon.colcon_core.package_identification:_identify(src/demo/topic_demo) by extension 'ignore'
[0.229s] Level 1:colcon.colcon_core.package_identification:_identify(src/demo/topic_demo) by extension 'ignore_ament_install'
[0.229s] Level 1:colcon.colcon_core.package_identification:_identify(src/demo/topic_demo) by extensions ['ros']
[0.229s] Level 1:colcon.colcon_core.package_identification:_identify(src/demo/topic_demo) by extension 'ros'
[0.229s] DEBUG:colcon.colcon_core.package_identification:Package 'src/demo/topic_demo' with type 'ros.ament_python' and name 'topic_demo'
[0.229s] Level 1:colcon.colcon_core.package_discovery:discover_packages(recursive) using defaults
[0.229s] Level 1:colcon.colcon_core.package_discovery:discover_packages(path) discover
[0.229s] Level 1:colcon.colcon_core.package_discovery:discover_packages(path) using defaults
[0.249s] Level 5:colcon.colcon_core.verb:set package 'interface_demo' build argument 'cmake_args' from command line to 'None'
[0.249s] Level 5:colcon.colcon_core.verb:set package 'interface_demo' build argument 'cmake_target' from command line to 'None'
[0.249s] Level 5:colcon.colcon_core.verb:set package 'interface_demo' build argument 'cmake_target_skip_unavailable' from command line to 'False'
[0.249s] Level 5:colcon.colcon_core.verb:set package 'interface_demo' build argument 'cmake_clean_cache' from command line to 'False'
[0.249s] Level 5:colcon.colcon_core.verb:set package 'interface_demo' build argument 'cmake_clean_first' from command line to 'False'
[0.249s] Level 5:colcon.colcon_core.verb:set package 'interface_demo' build argument 'cmake_force_configure' from command line to 'False'
[0.249s] Level 5:colcon.colcon_core.verb:set package 'interface_demo' build argument 'ament_cmake_args' from command line to 'None'
[0.249s] Level 5:colcon.colcon_core.verb:set package 'interface_demo' build argument 'catkin_cmake_args' from command line to 'None'
[0.249s] Level 5:colcon.colcon_core.verb:set package 'interface_demo' build argument 'catkin_skip_building_tests' from command line to 'False'
[0.249s] DEBUG:colcon.colcon_core.verb:Building package 'interface_demo' with the following arguments: {'ament_cmake_args': None, 'build_base': '/home/za/Documents/code/ros-ws/build/interface_demo', 'catkin_cmake_args': None, 'catkin_skip_building_tests': False, 'cmake_args': None, 'cmake_clean_cache': False, 'cmake_clean_first': False, 'cmake_force_configure': False, 'cmake_target': None, 'cmake_target_skip_unavailable': False, 'install_base': '/home/za/Documents/code/ros-ws/install/interface_demo', 'merge_install': False, 'path': '/home/za/Documents/code/ros-ws/src/demo/interface_demo', 'symlink_install': False, 'test_result_base': None}
[0.249s] Level 5:colcon.colcon_core.verb:set package 'node_demo' build argument 'cmake_args' from command line to 'None'
[0.249s] Level 5:colcon.colcon_core.verb:set package 'node_demo' build argument 'cmake_target' from command line to 'None'
[0.249s] Level 5:colcon.colcon_core.verb:set package 'node_demo' build argument 'cmake_target_skip_unavailable' from command line to 'False'
[0.249s] Level 5:colcon.colcon_core.verb:set package 'node_demo' build argument 'cmake_clean_cache' from command line to 'False'
[0.249s] Level 5:colcon.colcon_core.verb:set package 'node_demo' build argument 'cmake_clean_first' from command line to 'False'
[0.249s] Level 5:colcon.colcon_core.verb:set package 'node_demo' build argument 'cmake_force_configure' from command line to 'False'
[0.249s] Level 5:colcon.colcon_core.verb:set package 'node_demo' build argument 'ament_cmake_args' from command line to 'None'
[0.249s] Level 5:colcon.colcon_core.verb:set package 'node_demo' build argument 'catkin_cmake_args' from command line to 'None'
[0.249s] Level 5:colcon.colcon_core.verb:set package 'node_demo' build argument 'catkin_skip_building_tests' from command line to 'False'
[0.249s] DEBUG:colcon.colcon_core.verb:Building package 'node_demo' with the following arguments: {'ament_cmake_args': None, 'build_base': '/home/za/Documents/code/ros-ws/build/node_demo', 'catkin_cmake_args': None, 'catkin_skip_building_tests': False, 'cmake_args': None, 'cmake_clean_cache': False, 'cmake_clean_first': False, 'cmake_force_configure': False, 'cmake_target': None, 'cmake_target_skip_unavailable': False, 'install_base': '/home/za/Documents/code/ros-ws/install/node_demo', 'merge_install': False, 'path': '/home/za/Documents/code/ros-ws/src/demo/node_demo', 'symlink_install': False, 'test_result_base': None}
[0.250s] Level 5:colcon.colcon_core.verb:set package 'topic_demo' build argument 'cmake_args' from command line to 'None'
[0.250s] Level 5:colcon.colcon_core.verb:set package 'topic_demo' build argument 'cmake_target' from command line to 'None'
[0.250s] Level 5:colcon.colcon_core.verb:set package 'topic_demo' build argument 'cmake_target_skip_unavailable' from command line to 'False'
[0.250s] Level 5:colcon.colcon_core.verb:set package 'topic_demo' build argument 'cmake_clean_cache' from command line to 'False'
[0.250s] Level 5:colcon.colcon_core.verb:set package 'topic_demo' build argument 'cmake_clean_first' from command line to 'False'
[0.250s] Level 5:colcon.colcon_core.verb:set package 'topic_demo' build argument 'cmake_force_configure' from command line to 'False'
[0.250s] Level 5:colcon.colcon_core.verb:set package 'topic_demo' build argument 'ament_cmake_args' from command line to 'None'
[0.250s] Level 5:colcon.colcon_core.verb:set package 'topic_demo' build argument 'catkin_cmake_args' from command line to 'None'
[0.250s] Level 5:colcon.colcon_core.verb:set package 'topic_demo' build argument 'catkin_skip_building_tests' from command line to 'False'
[0.250s] DEBUG:colcon.colcon_core.verb:Building package 'topic_demo' with the following arguments: {'ament_cmake_args': None, 'build_base': '/home/za/Documents/code/ros-ws/build/topic_demo', 'catkin_cmake_args': None, 'catkin_skip_building_tests': False, 'cmake_args': None, 'cmake_clean_cache': False, 'cmake_clean_first': False, 'cmake_force_configure': False, 'cmake_target': None, 'cmake_target_skip_unavailable': False, 'install_base': '/home/za/Documents/code/ros-ws/install/topic_demo', 'merge_install': False, 'path': '/home/za/Documents/code/ros-ws/src/demo/topic_demo', 'symlink_install': False, 'test_result_base': None}
[0.250s] Level 5:colcon.colcon_core.verb:set package 'action_demo' build argument 'cmake_args' from command line to 'None'
[0.250s] Level 5:colcon.colcon_core.verb:set package 'action_demo' build argument 'cmake_target' from command line to 'None'
[0.250s] Level 5:colcon.colcon_core.verb:set package 'action_demo' build argument 'cmake_target_skip_unavailable' from command line to 'False'
[0.250s] Level 5:colcon.colcon_core.verb:set package 'action_demo' build argument 'cmake_clean_cache' from command line to 'False'
[0.250s] Level 5:colcon.colcon_core.verb:set package 'action_demo' build argument 'cmake_clean_first' from command line to 'False'
[0.250s] Level 5:colcon.colcon_core.verb:set package 'action_demo' build argument 'cmake_force_configure' from command line to 'False'
[0.250s] Level 5:colcon.colcon_core.verb:set package 'action_demo' build argument 'ament_cmake_args' from command line to 'None'
[0.250s] Level 5:colcon.colcon_core.verb:set package 'action_demo' build argument 'catkin_cmake_args' from command line to 'None'
[0.250s] Level 5:colcon.colcon_core.verb:set package 'action_demo' build argument 'catkin_skip_building_tests' from command line to 'False'
[0.250s] DEBUG:colcon.colcon_core.verb:Building package 'action_demo' with the following arguments: {'ament_cmake_args': None, 'build_base': '/home/za/Documents/code/ros-ws/build/action_demo', 'catkin_cmake_args': None, 'catkin_skip_building_tests': False, 'cmake_args': None, 'cmake_clean_cache': False, 'cmake_clean_first': False, 'cmake_force_configure': False, 'cmake_target': None, 'cmake_target_skip_unavailable': False, 'install_base': '/home/za/Documents/code/ros-ws/install/action_demo', 'merge_install': False, 'path': '/home/za/Documents/code/ros-ws/src/demo/action_demo', 'symlink_install': False, 'test_result_base': None}
[0.250s] Level 5:colcon.colcon_core.verb:set package 'service_demo' build argument 'cmake_args' from command line to 'None'
[0.250s] Level 5:colcon.colcon_core.verb:set package 'service_demo' build argument 'cmake_target' from command line to 'None'
[0.250s] Level 5:colcon.colcon_core.verb:set package 'service_demo' build argument 'cmake_target_skip_unavailable' from command line to 'False'
[0.250s] Level 5:colcon.colcon_core.verb:set package 'service_demo' build argument 'cmake_clean_cache' from command line to 'False'
[0.251s] Level 5:colcon.colcon_core.verb:set package 'service_demo' build argument 'cmake_clean_first' from command line to 'False'
[0.251s] Level 5:colcon.colcon_core.verb:set package 'service_demo' build argument 'cmake_force_configure' from command line to 'False'
[0.251s] Level 5:colcon.colcon_core.verb:set package 'service_demo' build argument 'ament_cmake_args' from command line to 'None'
[0.251s] Level 5:colcon.colcon_core.verb:set package 'service_demo' build argument 'catkin_cmake_args' from command line to 'None'
[0.251s] Level 5:colcon.colcon_core.verb:set package 'service_demo' build argument 'catkin_skip_building_tests' from command line to 'False'
[0.251s] DEBUG:colcon.colcon_core.verb:Building package 'service_demo' with the following arguments: {'ament_cmake_args': None, 'build_base': '/home/za/Documents/code/ros-ws/build/service_demo', 'catkin_cmake_args': None, 'catkin_skip_building_tests': False, 'cmake_args': None, 'cmake_clean_cache': False, 'cmake_clean_first': False, 'cmake_force_configure': False, 'cmake_target': None, 'cmake_target_skip_unavailable': False, 'install_base': '/home/za/Documents/code/ros-ws/install/service_demo', 'merge_install': False, 'path': '/home/za/Documents/code/ros-ws/src/demo/service_demo', 'symlink_install': False, 'test_result_base': None}
[0.251s] INFO:colcon.colcon_core.executor:Executing jobs using 'sequential' executor
[0.252s] DEBUG:colcon.colcon_core.executor.sequential:run_until_complete 'interface_demo'
[0.252s] INFO:colcon.colcon_ros.task.ament_cmake.build:Building ROS package in '/home/za/Documents/code/ros-ws/src/demo/interface_demo' with build type 'ament_cmake'
[0.252s] INFO:colcon.colcon_cmake.task.cmake.build:Building CMake package in '/home/za/Documents/code/ros-ws/src/demo/interface_demo'
[0.253s] INFO:colcon.colcon_core.plugin_system:Skipping extension 'colcon_core.shell.bat': Not used on non-Windows systems
[0.253s] DEBUG:colcon.colcon_core.shell:Skip shell extension 'dsv' for command environment
[0.261s] DEBUG:colcon.colcon_core.event_handler.log_command:Invoking command in '/home/za/Documents/code/ros-ws/build/interface_demo': CMAKE_PREFIX_PATH=${CMAKE_PREFIX_PATH}:/home/za/Documents/code/ros-ws/install/action_demo:/home/za/Documents/code/ros-ws/install/service_demo:/home/za/Documents/code/ros-ws/install/topic_demo:/home/za/Documents/code/ros-ws/install/node_demo:/opt/ros/humble /usr/bin/cmake --build /home/za/Documents/code/ros-ws/build/interface_demo -- -j2 -l2
[0.669s] DEBUG:colcon.colcon_core.event_handler.log_command:Invoked command in '/home/za/Documents/code/ros-ws/build/interface_demo' returned '0': CMAKE_PREFIX_PATH=${CMAKE_PREFIX_PATH}:/home/za/Documents/code/ros-ws/install/action_demo:/home/za/Documents/code/ros-ws/install/service_demo:/home/za/Documents/code/ros-ws/install/topic_demo:/home/za/Documents/code/ros-ws/install/node_demo:/opt/ros/humble /usr/bin/cmake --build /home/za/Documents/code/ros-ws/build/interface_demo -- -j2 -l2
[0.830s] DEBUG:colcon.colcon_core.event_handler.log_command:Invoking command in '/home/za/Documents/code/ros-ws/build/interface_demo': CMAKE_PREFIX_PATH=${CMAKE_PREFIX_PATH}:/home/za/Documents/code/ros-ws/install/action_demo:/home/za/Documents/code/ros-ws/install/service_demo:/home/za/Documents/code/ros-ws/install/topic_demo:/home/za/Documents/code/ros-ws/install/node_demo:/opt/ros/humble /usr/bin/cmake --install /home/za/Documents/code/ros-ws/build/interface_demo
[0.955s] Level 1:colcon.colcon_core.environment:create_environment_scripts_only(interface_demo)
[0.956s] DEBUG:colcon.colcon_core.event_handler.log_command:Invoked command in '/home/za/Documents/code/ros-ws/build/interface_demo' returned '0': CMAKE_PREFIX_PATH=${CMAKE_PREFIX_PATH}:/home/za/Documents/code/ros-ws/install/action_demo:/home/za/Documents/code/ros-ws/install/service_demo:/home/za/Documents/code/ros-ws/install/topic_demo:/home/za/Documents/code/ros-ws/install/node_demo:/opt/ros/humble /usr/bin/cmake --install /home/za/Documents/code/ros-ws/build/interface_demo
[0.959s] Level 1:colcon.colcon_core.environment:checking '/home/za/Documents/code/ros-ws/install/interface_demo' for CMake module files
[0.959s] Level 1:colcon.colcon_core.environment:checking '/home/za/Documents/code/ros-ws/install/interface_demo' for CMake config files
[0.960s] Level 1:colcon.colcon_core.shell:create_environment_hook('interface_demo', 'cmake_prefix_path')
[0.960s] INFO:colcon.colcon_core.shell:Creating environment descriptor '/home/za/Documents/code/ros-ws/install/interface_demo/share/interface_demo/hook/cmake_prefix_path.dsv'
[0.961s] INFO:colcon.colcon_core.shell:Creating environment hook '/home/za/Documents/code/ros-ws/install/interface_demo/share/interface_demo/hook/cmake_prefix_path.sh'
[0.962s] Level 1:colcon.colcon_core.environment:checking '/home/za/Documents/code/ros-ws/install/interface_demo/lib'
[0.963s] Level 1:colcon.colcon_core.shell:create_environment_hook('interface_demo', 'ld_library_path_lib')
[0.963s] INFO:colcon.colcon_core.shell:Creating environment descriptor '/home/za/Documents/code/ros-ws/install/interface_demo/share/interface_demo/hook/ld_library_path_lib.dsv'
[0.964s] INFO:colcon.colcon_core.shell:Creating environment hook '/home/za/Documents/code/ros-ws/install/interface_demo/share/interface_demo/hook/ld_library_path_lib.sh'
[0.964s] Level 1:colcon.colcon_core.environment:checking '/home/za/Documents/code/ros-ws/install/interface_demo/bin'
[0.965s] Level 1:colcon.colcon_core.environment:checking '/home/za/Documents/code/ros-ws/install/interface_demo/lib/pkgconfig/interface_demo.pc'
[0.965s] Level 1:colcon.colcon_core.environment:checking '/home/za/Documents/code/ros-ws/install/interface_demo/lib/python3.10/site-packages'
[0.966s] Level 1:colcon.colcon_core.environment:checking '/home/za/Documents/code/ros-ws/install/interface_demo/bin'
[0.966s] INFO:colcon.colcon_core.shell:Creating package descriptor '/home/za/Documents/code/ros-ws/install/interface_demo/share/interface_demo/package.dsv'
[0.967s] INFO:colcon.colcon_core.shell:Creating package script '/home/za/Documents/code/ros-ws/install/interface_demo/share/interface_demo/package.sh'
[0.968s] Level 1:colcon.colcon_core.environment:create_file_with_runtime_dependencies(/home/za/Documents/code/ros-ws/install/interface_demo/share/colcon-core/packages/interface_demo)
[1.172s] Level 1:colcon.colcon_core.environment:create_environment_scripts_only(interface_demo)
[1.173s] Level 1:colcon.colcon_core.environment:checking '/home/za/Documents/code/ros-ws/install/interface_demo' for CMake module files
[1.174s] Level 1:colcon.colcon_core.environment:checking '/home/za/Documents/code/ros-ws/install/interface_demo' for CMake config files
[1.174s] Level 1:colcon.colcon_core.shell:create_environment_hook('interface_demo', 'cmake_prefix_path')
[1.174s] INFO:colcon.colcon_core.shell:Creating environment descriptor '/home/za/Documents/code/ros-ws/install/interface_demo/share/interface_demo/hook/cmake_prefix_path.dsv'
[1.174s] INFO:colcon.colcon_core.shell:Creating environment hook '/home/za/Documents/code/ros-ws/install/interface_demo/share/interface_demo/hook/cmake_prefix_path.sh'
[1.175s] Level 1:colcon.colcon_core.environment:checking '/home/za/Documents/code/ros-ws/install/interface_demo/lib'
[1.175s] Level 1:colcon.colcon_core.shell:create_environment_hook('interface_demo', 'ld_library_path_lib')
[1.175s] INFO:colcon.colcon_core.shell:Creating environment descriptor '/home/za/Documents/code/ros-ws/install/interface_demo/share/interface_demo/hook/ld_library_path_lib.dsv'
[1.175s] INFO:colcon.colcon_core.shell:Creating environment hook '/home/za/Documents/code/ros-ws/install/interface_demo/share/interface_demo/hook/ld_library_path_lib.sh'
[1.178s] Level 1:colcon.colcon_core.environment:checking '/home/za/Documents/code/ros-ws/install/interface_demo/bin'
[1.178s] Level 1:colcon.colcon_core.environment:checking '/home/za/Documents/code/ros-ws/install/interface_demo/lib/pkgconfig/interface_demo.pc'
[1.178s] Level 1:colcon.colcon_core.environment:checking '/home/za/Documents/code/ros-ws/install/interface_demo/lib/python3.10/site-packages'
[1.178s] Level 1:colcon.colcon_core.environment:checking '/home/za/Documents/code/ros-ws/install/interface_demo/bin'
[1.178s] INFO:colcon.colcon_core.shell:Creating package descriptor '/home/za/Documents/code/ros-ws/install/interface_demo/share/interface_demo/package.dsv'
[1.178s] INFO:colcon.colcon_core.shell:Creating package script '/home/za/Documents/code/ros-ws/install/interface_demo/share/interface_demo/package.sh'
[1.179s] Level 1:colcon.colcon_core.environment:create_file_with_runtime_dependencies(/home/za/Documents/code/ros-ws/install/interface_demo/share/colcon-core/packages/interface_demo)
[1.179s] DEBUG:colcon.colcon_core.executor.sequential:run_until_complete 'interface_demo' finished with '0'
[1.179s] DEBUG:colcon.colcon_core.executor.sequential:run_until_complete 'node_demo'
[1.179s] INFO:colcon.colcon_ros.task.ament_python.build:Building ROS package in '/home/za/Documents/code/ros-ws/src/demo/node_demo' with build type 'ament_python'
[1.179s] Level 1:colcon.colcon_core.shell:create_environment_hook('node_demo', 'ament_prefix_path')
[1.179s] INFO:colcon.colcon_core.shell:Creating environment descriptor '/home/za/Documents/code/ros-ws/install/node_demo/share/node_demo/hook/ament_prefix_path.dsv'
[1.183s] INFO:colcon.colcon_core.shell:Creating environment hook '/home/za/Documents/code/ros-ws/install/node_demo/share/node_demo/hook/ament_prefix_path.sh'
[1.183s] DEBUG:colcon.colcon_core.shell:Skip shell extension 'dsv' for command environment
[1.520s] INFO:colcon.colcon_core.task.python.build:Building Python package in '/home/za/Documents/code/ros-ws/src/demo/node_demo'
[1.521s] DEBUG:colcon.colcon_core.shell:Skip shell extension 'dsv' for command environment
[1.782s] DEBUG:colcon.colcon_core.event_handler.log_command:Invoking command in '/home/za/Documents/code/ros-ws/src/demo/node_demo': PYTHONPATH=/home/za/Documents/code/ros-ws/build/node_demo/prefix_override:/usr/lib/python3/dist-packages/colcon_core/task/python/colcon_distutils_commands:/home/za/Documents/code/ros-ws/install/node_demo/lib/python3.10/site-packages:${PYTHONPATH} /usr/bin/python3 -W ignore:setup.py install is deprecated setup.py egg_info --egg-base ../../../build/node_demo build --build-base /home/za/Documents/code/ros-ws/build/node_demo/build install --record /home/za/Documents/code/ros-ws/build/node_demo/install.log --single-version-externally-managed install_data
[1.964s] Level 1:colcon.colcon_core.environment:checking '/home/za/Documents/code/ros-ws/install/node_demo' for CMake module files
[1.964s] DEBUG:colcon.colcon_core.event_handler.log_command:Invoked command in '/home/za/Documents/code/ros-ws/src/demo/node_demo' returned '0': PYTHONPATH=/home/za/Documents/code/ros-ws/build/node_demo/prefix_override:/usr/lib/python3/dist-packages/colcon_core/task/python/colcon_distutils_commands:/home/za/Documents/code/ros-ws/install/node_demo/lib/python3.10/site-packages:${PYTHONPATH} /usr/bin/python3 -W ignore:setup.py install is deprecated setup.py egg_info --egg-base ../../../build/node_demo build --build-base /home/za/Documents/code/ros-ws/build/node_demo/build install --record /home/za/Documents/code/ros-ws/build/node_demo/install.log --single-version-externally-managed install_data
[1.965s] Level 1:colcon.colcon_core.environment:checking '/home/za/Documents/code/ros-ws/install/node_demo' for CMake config files
[1.965s] Level 1:colcon.colcon_core.environment:checking '/home/za/Documents/code/ros-ws/install/node_demo/lib'
[1.965s] Level 1:colcon.colcon_core.environment:checking '/home/za/Documents/code/ros-ws/install/node_demo/bin'
[1.965s] Level 1:colcon.colcon_core.environment:checking '/home/za/Documents/code/ros-ws/install/node_demo/lib/pkgconfig/node_demo.pc'
[1.965s] Level 1:colcon.colcon_core.environment:checking '/home/za/Documents/code/ros-ws/install/node_demo/lib/python3.10/site-packages'
[1.965s] Level 1:colcon.colcon_core.shell:create_environment_hook('node_demo', 'pythonpath')
[1.965s] INFO:colcon.colcon_core.shell:Creating environment descriptor '/home/za/Documents/code/ros-ws/install/node_demo/share/node_demo/hook/pythonpath.dsv'
[1.965s] INFO:colcon.colcon_core.shell:Creating environment hook '/home/za/Documents/code/ros-ws/install/node_demo/share/node_demo/hook/pythonpath.sh'
[1.966s] Level 1:colcon.colcon_core.environment:checking '/home/za/Documents/code/ros-ws/install/node_demo/bin'
[1.966s] Level 1:colcon.colcon_core.environment:create_environment_scripts_only(node_demo)
[1.967s] INFO:colcon.colcon_core.shell:Creating package descriptor '/home/za/Documents/code/ros-ws/install/node_demo/share/node_demo/package.dsv'
[1.967s] INFO:colcon.colcon_core.shell:Creating package script '/home/za/Documents/code/ros-ws/install/node_demo/share/node_demo/package.sh'
[1.967s] Level 1:colcon.colcon_core.environment:create_file_with_runtime_dependencies(/home/za/Documents/code/ros-ws/install/node_demo/share/colcon-core/packages/node_demo)
[1.968s] DEBUG:colcon.colcon_core.executor.sequential:run_until_complete 'node_demo' finished with '0'
[1.968s] DEBUG:colcon.colcon_core.executor.sequential:run_until_complete 'topic_demo'
[1.968s] INFO:colcon.colcon_ros.task.ament_python.build:Building ROS package in '/home/za/Documents/code/ros-ws/src/demo/topic_demo' with build type 'ament_python'
[1.968s] Level 1:colcon.colcon_core.shell:create_environment_hook('topic_demo', 'ament_prefix_path')
[1.968s] INFO:colcon.colcon_core.shell:Creating environment descriptor '/home/za/Documents/code/ros-ws/install/topic_demo/share/topic_demo/hook/ament_prefix_path.dsv'
[1.968s] INFO:colcon.colcon_core.shell:Creating environment hook '/home/za/Documents/code/ros-ws/install/topic_demo/share/topic_demo/hook/ament_prefix_path.sh'
[1.969s] DEBUG:colcon.colcon_core.shell:Skip shell extension 'dsv' for command environment
[2.280s] INFO:colcon.colcon_core.task.python.build:Building Python package in '/home/za/Documents/code/ros-ws/src/demo/topic_demo'
[2.280s] DEBUG:colcon.colcon_core.shell:Skip shell extension 'dsv' for command environment
[2.617s] DEBUG:colcon.colcon_core.event_handler.log_command:Invoking command in '/home/za/Documents/code/ros-ws/src/demo/topic_demo': PYTHONPATH=/home/za/Documents/code/ros-ws/build/topic_demo/prefix_override:/usr/lib/python3/dist-packages/colcon_core/task/python/colcon_distutils_commands:/home/za/Documents/code/ros-ws/install/topic_demo/lib/python3.10/site-packages:${PYTHONPATH} /usr/bin/python3 -W ignore:setup.py install is deprecated setup.py egg_info --egg-base ../../../build/topic_demo build --build-base /home/za/Documents/code/ros-ws/build/topic_demo/build install --record /home/za/Documents/code/ros-ws/build/topic_demo/install.log --single-version-externally-managed install_data
[2.871s] Level 1:colcon.colcon_core.environment:checking '/home/za/Documents/code/ros-ws/install/topic_demo' for CMake module files
[2.871s] DEBUG:colcon.colcon_core.event_handler.log_command:Invoked command in '/home/za/Documents/code/ros-ws/src/demo/topic_demo' returned '0': PYTHONPATH=/home/za/Documents/code/ros-ws/build/topic_demo/prefix_override:/usr/lib/python3/dist-packages/colcon_core/task/python/colcon_distutils_commands:/home/za/Documents/code/ros-ws/install/topic_demo/lib/python3.10/site-packages:${PYTHONPATH} /usr/bin/python3 -W ignore:setup.py install is deprecated setup.py egg_info --egg-base ../../../build/topic_demo build --build-base /home/za/Documents/code/ros-ws/build/topic_demo/build install --record /home/za/Documents/code/ros-ws/build/topic_demo/install.log --single-version-externally-managed install_data
[2.872s] Level 1:colcon.colcon_core.environment:checking '/home/za/Documents/code/ros-ws/install/topic_demo' for CMake config files
[2.872s] Level 1:colcon.colcon_core.environment:checking '/home/za/Documents/code/ros-ws/install/topic_demo/lib'
[2.873s] Level 1:colcon.colcon_core.environment:checking '/home/za/Documents/code/ros-ws/install/topic_demo/bin'
[2.873s] Level 1:colcon.colcon_core.environment:checking '/home/za/Documents/code/ros-ws/install/topic_demo/lib/pkgconfig/topic_demo.pc'
[2.873s] Level 1:colcon.colcon_core.environment:checking '/home/za/Documents/code/ros-ws/install/topic_demo/lib/python3.10/site-packages'
[2.873s] Level 1:colcon.colcon_core.shell:create_environment_hook('topic_demo', 'pythonpath')
[2.873s] INFO:colcon.colcon_core.shell:Creating environment descriptor '/home/za/Documents/code/ros-ws/install/topic_demo/share/topic_demo/hook/pythonpath.dsv'
[2.873s] INFO:colcon.colcon_core.shell:Creating environment hook '/home/za/Documents/code/ros-ws/install/topic_demo/share/topic_demo/hook/pythonpath.sh'
[2.873s] Level 1:colcon.colcon_core.environment:checking '/home/za/Documents/code/ros-ws/install/topic_demo/bin'
[2.874s] Level 1:colcon.colcon_core.environment:create_environment_scripts_only(topic_demo)
[2.874s] INFO:colcon.colcon_core.shell:Creating package descriptor '/home/za/Documents/code/ros-ws/install/topic_demo/share/topic_demo/package.dsv'
[2.874s] INFO:colcon.colcon_core.shell:Creating package script '/home/za/Documents/code/ros-ws/install/topic_demo/share/topic_demo/package.sh'
[2.875s] Level 1:colcon.colcon_core.environment:create_file_with_runtime_dependencies(/home/za/Documents/code/ros-ws/install/topic_demo/share/colcon-core/packages/topic_demo)
[2.875s] DEBUG:colcon.colcon_core.executor.sequential:run_until_complete 'topic_demo' finished with '0'
[2.875s] DEBUG:colcon.colcon_core.executor.sequential:run_until_complete 'action_demo'
[2.875s] INFO:colcon.colcon_ros.task.ament_python.build:Building ROS package in '/home/za/Documents/code/ros-ws/src/demo/action_demo' with build type 'ament_python'
[2.875s] Level 1:colcon.colcon_core.shell:create_environment_hook('action_demo', 'ament_prefix_path')
[2.875s] INFO:colcon.colcon_core.shell:Creating environment descriptor '/home/za/Documents/code/ros-ws/install/action_demo/share/action_demo/hook/ament_prefix_path.dsv'
[2.875s] INFO:colcon.colcon_core.shell:Creating environment hook '/home/za/Documents/code/ros-ws/install/action_demo/share/action_demo/hook/ament_prefix_path.sh'
[2.876s] DEBUG:colcon.colcon_core.shell:Skip shell extension 'dsv' for command environment
[3.098s] INFO:colcon.colcon_core.task.python.build:Building Python package in '/home/za/Documents/code/ros-ws/src/demo/action_demo'
[3.099s] DEBUG:colcon.colcon_core.shell:Skip shell extension 'dsv' for command environment
[3.354s] DEBUG:colcon.colcon_core.event_handler.log_command:Invoking command in '/home/za/Documents/code/ros-ws/src/demo/action_demo': PYTHONPATH=/home/za/Documents/code/ros-ws/build/action_demo/prefix_override:/usr/lib/python3/dist-packages/colcon_core/task/python/colcon_distutils_commands:/home/za/Documents/code/ros-ws/install/action_demo/lib/python3.10/site-packages:${PYTHONPATH} /usr/bin/python3 -W ignore:setup.py install is deprecated setup.py egg_info --egg-base ../../../build/action_demo build --build-base /home/za/Documents/code/ros-ws/build/action_demo/build install --record /home/za/Documents/code/ros-ws/build/action_demo/install.log --single-version-externally-managed install_data
[3.611s] Level 1:colcon.colcon_core.environment:checking '/home/za/Documents/code/ros-ws/install/action_demo' for CMake module files
[3.611s] Level 1:colcon.colcon_core.environment:checking '/home/za/Documents/code/ros-ws/install/action_demo' for CMake config files
[3.611s] Level 1:colcon.colcon_core.environment:checking '/home/za/Documents/code/ros-ws/install/action_demo/lib'
[3.612s] Level 1:colcon.colcon_core.environment:checking '/home/za/Documents/code/ros-ws/install/action_demo/bin'
[3.612s] Level 1:colcon.colcon_core.environment:checking '/home/za/Documents/code/ros-ws/install/action_demo/lib/pkgconfig/action_demo.pc'
[3.612s] Level 1:colcon.colcon_core.environment:checking '/home/za/Documents/code/ros-ws/install/action_demo/lib/python3.10/site-packages'
[3.612s] Level 1:colcon.colcon_core.shell:create_environment_hook('action_demo', 'pythonpath')
[3.612s] INFO:colcon.colcon_core.shell:Creating environment descriptor '/home/za/Documents/code/ros-ws/install/action_demo/share/action_demo/hook/pythonpath.dsv'
[3.612s] INFO:colcon.colcon_core.shell:Creating environment hook '/home/za/Documents/code/ros-ws/install/action_demo/share/action_demo/hook/pythonpath.sh'
[3.613s] Level 1:colcon.colcon_core.environment:checking '/home/za/Documents/code/ros-ws/install/action_demo/bin'
[3.613s] Level 1:colcon.colcon_core.environment:create_environment_scripts_only(action_demo)
[3.613s] INFO:colcon.colcon_core.shell:Creating package descriptor '/home/za/Documents/code/ros-ws/install/action_demo/share/action_demo/package.dsv'
[3.613s] DEBUG:colcon.colcon_core.event_handler.log_command:Invoked command in '/home/za/Documents/code/ros-ws/src/demo/action_demo' returned '0': PYTHONPATH=/home/za/Documents/code/ros-ws/build/action_demo/prefix_override:/usr/lib/python3/dist-packages/colcon_core/task/python/colcon_distutils_commands:/home/za/Documents/code/ros-ws/install/action_demo/lib/python3.10/site-packages:${PYTHONPATH} /usr/bin/python3 -W ignore:setup.py install is deprecated setup.py egg_info --egg-base ../../../build/action_demo build --build-base /home/za/Documents/code/ros-ws/build/action_demo/build install --record /home/za/Documents/code/ros-ws/build/action_demo/install.log --single-version-externally-managed install_data
[3.613s] INFO:colcon.colcon_core.shell:Creating package script '/home/za/Documents/code/ros-ws/install/action_demo/share/action_demo/package.sh'
[3.614s] Level 1:colcon.colcon_core.environment:create_file_with_runtime_dependencies(/home/za/Documents/code/ros-ws/install/action_demo/share/colcon-core/packages/action_demo)
[3.615s] DEBUG:colcon.colcon_core.executor.sequential:run_until_complete 'action_demo' finished with '0'
[3.615s] DEBUG:colcon.colcon_core.executor.sequential:run_until_complete 'service_demo'
[3.615s] INFO:colcon.colcon_ros.task.ament_python.build:Building ROS package in '/home/za/Documents/code/ros-ws/src/demo/service_demo' with build type 'ament_python'
[3.615s] Level 1:colcon.colcon_core.shell:create_environment_hook('service_demo', 'ament_prefix_path')
[3.615s] INFO:colcon.colcon_core.shell:Creating environment descriptor '/home/za/Documents/code/ros-ws/install/service_demo/share/service_demo/hook/ament_prefix_path.dsv'
[3.618s] INFO:colcon.colcon_core.shell:Creating environment hook '/home/za/Documents/code/ros-ws/install/service_demo/share/service_demo/hook/ament_prefix_path.sh'
[3.619s] DEBUG:colcon.colcon_core.shell:Skip shell extension 'dsv' for command environment
[3.796s] INFO:colcon.colcon_core.task.python.build:Building Python package in '/home/za/Documents/code/ros-ws/src/demo/service_demo'
[3.796s] DEBUG:colcon.colcon_core.shell:Skip shell extension 'dsv' for command environment
[4.070s] DEBUG:colcon.colcon_core.event_handler.log_command:Invoking command in '/home/za/Documents/code/ros-ws/src/demo/service_demo': PYTHONPATH=/home/za/Documents/code/ros-ws/build/service_demo/prefix_override:/usr/lib/python3/dist-packages/colcon_core/task/python/colcon_distutils_commands:/home/za/Documents/code/ros-ws/install/service_demo/lib/python3.10/site-packages:${PYTHONPATH} /usr/bin/python3 -W ignore:setup.py install is deprecated setup.py egg_info --egg-base ../../../build/service_demo build --build-base /home/za/Documents/code/ros-ws/build/service_demo/build install --record /home/za/Documents/code/ros-ws/build/service_demo/install.log --single-version-externally-managed install_data
[4.335s] Level 1:colcon.colcon_core.environment:checking '/home/za/Documents/code/ros-ws/install/service_demo' for CMake module files
[4.336s] Level 1:colcon.colcon_core.environment:checking '/home/za/Documents/code/ros-ws/install/service_demo' for CMake config files
[4.336s] Level 1:colcon.colcon_core.environment:checking '/home/za/Documents/code/ros-ws/install/service_demo/lib'
[4.336s] Level 1:colcon.colcon_core.environment:checking '/home/za/Documents/code/ros-ws/install/service_demo/bin'
[4.336s] Level 1:colcon.colcon_core.environment:checking '/home/za/Documents/code/ros-ws/install/service_demo/lib/pkgconfig/service_demo.pc'
[4.336s] Level 1:colcon.colcon_core.environment:checking '/home/za/Documents/code/ros-ws/install/service_demo/lib/python3.10/site-packages'
[4.336s] Level 1:colcon.colcon_core.shell:create_environment_hook('service_demo', 'pythonpath')
[4.336s] INFO:colcon.colcon_core.shell:Creating environment descriptor '/home/za/Documents/code/ros-ws/install/service_demo/share/service_demo/hook/pythonpath.dsv'
[4.337s] DEBUG:colcon.colcon_core.event_handler.log_command:Invoked command in '/home/za/Documents/code/ros-ws/src/demo/service_demo' returned '0': PYTHONPATH=/home/za/Documents/code/ros-ws/build/service_demo/prefix_override:/usr/lib/python3/dist-packages/colcon_core/task/python/colcon_distutils_commands:/home/za/Documents/code/ros-ws/install/service_demo/lib/python3.10/site-packages:${PYTHONPATH} /usr/bin/python3 -W ignore:setup.py install is deprecated setup.py egg_info --egg-base ../../../build/service_demo build --build-base /home/za/Documents/code/ros-ws/build/service_demo/build install --record /home/za/Documents/code/ros-ws/build/service_demo/install.log --single-version-externally-managed install_data
[4.337s] INFO:colcon.colcon_core.shell:Creating environment hook '/home/za/Documents/code/ros-ws/install/service_demo/share/service_demo/hook/pythonpath.sh'
[4.338s] Level 1:colcon.colcon_core.environment:checking '/home/za/Documents/code/ros-ws/install/service_demo/bin'
[4.338s] Level 1:colcon.colcon_core.environment:create_environment_scripts_only(service_demo)
[4.338s] INFO:colcon.colcon_core.shell:Creating package descriptor '/home/za/Documents/code/ros-ws/install/service_demo/share/service_demo/package.dsv'
[4.339s] INFO:colcon.colcon_core.shell:Creating package script '/home/za/Documents/code/ros-ws/install/service_demo/share/service_demo/package.sh'
[4.340s] Level 1:colcon.colcon_core.environment:create_file_with_runtime_dependencies(/home/za/Documents/code/ros-ws/install/service_demo/share/colcon-core/packages/service_demo)
[4.341s] DEBUG:colcon.colcon_core.executor.sequential:run_until_complete 'service_demo' finished with '0'
[4.341s] DEBUG:colcon.colcon_core.executor.sequential:closing loop
[4.341s] DEBUG:colcon.colcon_core.executor.sequential:loop closed
[4.341s] DEBUG:colcon.colcon_core.event_reactor:joining thread
[4.341s] DEBUG:colcon.colcon_core.event_reactor:joined thread
[4.341s] INFO:colcon.colcon_core.shell:Creating prefix script '/home/za/Documents/code/ros-ws/install/local_setup.sh'
[4.342s] INFO:colcon.colcon_core.shell:Creating prefix util module '/home/za/Documents/code/ros-ws/install/_local_setup_util_sh.py'
[4.343s] INFO:colcon.colcon_core.shell:Creating prefix chain script '/home/za/Documents/code/ros-ws/install/setup.sh'
